[ 2018-05-23T18:18:10+08:00 ] 127.0.0.1 /Html
INFO: [ app_begin ] --START--
INFO: Run Behavior\ReadHtmlCache [ RunTime:0.001000s ]
INFO: [ app_begin ] --END-- [ RunTime:0.001000s ]
INFO: [ view_parse ] --START--
INFO: [ template_filter ] --START--
INFO: Run Behavior\ContentReplace [ RunTime:0.000000s ]
INFO: [ template_filter ] --END-- [ RunTime:0.000000s ]
INFO: Run Behavior\ParseTemplate [ RunTime:0.033002s ]
INFO: [ view_parse ] --END-- [ RunTime:0.033002s ]
INFO: [ view_filter ] --START--
INFO: Run Behavior\WriteHtmlCache [ RunTime:0.001000s ]
INFO: [ view_filter ] --END-- [ RunTime:0.001000s ]
INFO: [ app_end ] --START--
INFO: Run Behavior\ShowPageTrace [ RunTime:0.001000s ]
INFO: [ app_end ] --END-- [ RunTime:0.001000s ]

[ 2018-05-23T18:18:29+08:00 ] 127.0.0.1 /index.php/Html/Order/index.html
INFO: [ app_begin ] --START--
INFO: Run Behavior\ReadHtmlCache [ RunTime:0.001000s ]
INFO: [ app_begin ] --END-- [ RunTime:0.001000s ]
SQL: SHOW COLUMNS FROM `t_oil` [ RunTime:0.018001s ]
SQL: SELECT * FROM `t_oil` WHERE ( father_id="0" )  [ RunTime:0.001000s ]
NOTIC: [8] Array to string conversion D:\phpStudy\WWW\db_carorder_system\tp\Application\Html\Controller\OrderController.class.php 第 19 行.
INFO: [ view_parse ] --START--
INFO: [ template_filter ] --START--
INFO: Run Behavior\ContentReplace [ RunTime:0.000000s ]
INFO: [ template_filter ] --END-- [ RunTime:0.000000s ]
INFO: Run Behavior\ParseTemplate [ RunTime:0.029002s ]
INFO: [ view_parse ] --END-- [ RunTime:0.029002s ]
INFO: [ view_filter ] --START--
INFO: Run Behavior\WriteHtmlCache [ RunTime:0.000000s ]
INFO: [ view_filter ] --END-- [ RunTime:0.000000s ]
INFO: [ app_end ] --START--
INFO: Run Behavior\ShowPageTrace [ RunTime:0.001000s ]
INFO: [ app_end ] --END-- [ RunTime:0.001000s ]

[ 2018-05-23T18:18:30+08:00 ] 127.0.0.1 /index.php/Html/my/page.html
INFO: [ app_begin ] --START--
INFO: Run Behavior\ReadHtmlCache [ RunTime:0.000000s ]
INFO: [ app_begin ] --END-- [ RunTime:0.001000s ]
INFO: [ view_parse ] --START--
INFO: [ template_filter ] --START--
INFO: Run Behavior\ContentReplace [ RunTime:0.000000s ]
INFO: [ template_filter ] --END-- [ RunTime:0.000000s ]
INFO: Run Behavior\ParseTemplate [ RunTime:0.016001s ]
INFO: [ view_parse ] --END-- [ RunTime:0.016001s ]
INFO: [ view_filter ] --START--
INFO: Run Behavior\WriteHtmlCache [ RunTime:0.000000s ]
INFO: [ view_filter ] --END-- [ RunTime:0.000000s ]
INFO: [ app_end ] --START--
INFO: Run Behavior\ShowPageTrace [ RunTime:0.001000s ]
INFO: [ app_end ] --END-- [ RunTime:0.001000s ]

[ 2018-05-23T18:18:32+08:00 ] 127.0.0.1 /index.php/Html/my/order.html
INFO: [ app_begin ] --START--
INFO: Run Behavior\ReadHtmlCache [ RunTime:0.000000s ]
INFO: [ app_begin ] --END-- [ RunTime:0.000000s ]
INFO: [ view_parse ] --START--
INFO: [ template_filter ] --START--
INFO: Run Behavior\ContentReplace [ RunTime:0.000000s ]
INFO: [ template_filter ] --END-- [ RunTime:0.000000s ]
INFO: Run Behavior\ParseTemplate [ RunTime:0.008001s ]
INFO: [ view_parse ] --END-- [ RunTime:0.008001s ]
INFO: [ view_filter ] --START--
INFO: Run Behavior\WriteHtmlCache [ RunTime:0.000000s ]
INFO: [ view_filter ] --END-- [ RunTime:0.000000s ]
INFO: [ app_end ] --START--
INFO: Run Behavior\ShowPageTrace [ RunTime:0.001000s ]
INFO: [ app_end ] --END-- [ RunTime:0.001000s ]

[ 2018-05-23T18:19:05+08:00 ] 127.0.0.1 /
INFO: [ app_begin ] --START--
INFO: Run Behavior\ReadHtmlCache [ RunTime:0.000000s ]
INFO: [ app_begin ] --END-- [ RunTime:0.000000s ]
INFO: [ view_parse ] --START--
INFO: [ template_filter ] --START--
INFO: Run Behavior\ContentReplace [ RunTime:0.000000s ]
INFO: [ template_filter ] --END-- [ RunTime:0.000000s ]
INFO: Run Behavior\ParseTemplate [ RunTime:0.076004s ]
INFO: [ view_parse ] --END-- [ RunTime:0.077004s ]
INFO: [ view_filter ] --START--
INFO: Run Behavior\WriteHtmlCache [ RunTime:0.000000s ]
INFO: [ view_filter ] --END-- [ RunTime:0.000000s ]
INFO: [ app_end ] --START--
INFO: Run Behavior\ShowPageTrace [ RunTime:0.000000s ]
INFO: [ app_end ] --END-- [ RunTime:0.000000s ]

[ 2018-05-23T18:19:14+08:00 ] 127.0.0.1 /index.php?c=login&a=check
INFO: [ app_begin ] --START--
INFO: Run Behavior\ReadHtmlCache [ RunTime:0.000000s ]
INFO: [ app_begin ] --END-- [ RunTime:0.000000s ]
SQL: SHOW COLUMNS FROM `t_admin` [ RunTime:0.015600s ]
SQL: SELECT * FROM `t_admin` WHERE ( name='hongdi' ) LIMIT 1   [ RunTime:0.000000s ]

[ 2018-05-23T18:19:15+08:00 ] 127.0.0.1 /index.php?c=admin&a=index
INFO: [ app_begin ] --START--
INFO: Run Behavior\ReadHtmlCache [ RunTime:0.000000s ]
INFO: [ app_begin ] --END-- [ RunTime:0.000000s ]
INFO: [ view_parse ] --START--
INFO: [ template_filter ] --START--
INFO: Run Behavior\ContentReplace [ RunTime:0.000000s ]
INFO: [ template_filter ] --END-- [ RunTime:0.000000s ]
INFO: Run Behavior\ParseTemplate [ RunTime:0.007001s ]
INFO: [ view_parse ] --END-- [ RunTime:0.007001s ]
INFO: [ view_filter ] --START--
INFO: Run Behavior\WriteHtmlCache [ RunTime:0.001000s ]
INFO: [ view_filter ] --END-- [ RunTime:0.001000s ]
INFO: [ app_end ] --START--
INFO: Run Behavior\ShowPageTrace [ RunTime:0.000000s ]
INFO: [ app_end ] --END-- [ RunTime:0.000000s ]

[ 2018-05-23T18:19:20+08:00 ] 127.0.0.1 /index.php/Home/list/index.html
INFO: [ app_begin ] --START--
INFO: Run Behavior\ReadHtmlCache [ RunTime:0.001000s ]
INFO: [ app_begin ] --END-- [ RunTime:0.001000s ]
SQL: SHOW COLUMNS FROM `t_order` [ RunTime:0.020001s ]
SQL: SELECT * FROM `t_order` ORDER BY rank  [ RunTime:0.000000s ]
SQL: SELECT `stop` FROM `t_order` WHERE ( `rank` = 5 ) LIMIT 1   [ RunTime:0.000000s ]
INFO: [ view_parse ] --START--
INFO: [ template_filter ] --START--
INFO: Run Behavior\ContentReplace [ RunTime:0.000000s ]
INFO: [ template_filter ] --END-- [ RunTime:0.000000s ]
INFO: Run Behavior\ParseTemplate [ RunTime:0.017001s ]
INFO: [ view_parse ] --END-- [ RunTime:0.017001s ]
INFO: [ view_filter ] --START--
INFO: Run Behavior\WriteHtmlCache [ RunTime:0.000000s ]
INFO: [ view_filter ] --END-- [ RunTime:0.000000s ]
INFO: [ app_end ] --START--
INFO: Run Behavior\ShowPageTrace [ RunTime:0.001000s ]
INFO: [ app_end ] --END-- [ RunTime:0.001000s ]

[ 2018-05-23T18:19:24+08:00 ] 127.0.0.1 /index.php?c=list&a=pause
INFO: [ app_begin ] --START--
INFO: Run Behavior\ReadHtmlCache [ RunTime:0.001000s ]
INFO: [ app_begin ] --END-- [ RunTime:0.001000s ]
SQL: SHOW COLUMNS FROM `t_order` [ RunTime:0.010000s ]
SQL: SELECT MAX(rank) AS tp_max FROM `t_order` LIMIT 1   [ RunTime:0.000000s ]
SQL: UPDATE `t_order` SET `rank`=8 WHERE ( `rank` = 7 ) [ RunTime:0.029002s ]
SQL: UPDATE `t_order` SET `rank`=7 WHERE ( `rank` = 6 ) [ RunTime:0.031002s ]
SQL: UPDATE `t_order` SET `rank`=6 WHERE ( `rank` = 5 ) [ RunTime:0.026001s ]
SQL: UPDATE `t_order` SET `rank`=5 WHERE ( `rank` = 4 ) [ RunTime:0.032002s ]
SQL: UPDATE `t_order` SET `rank`=4 WHERE ( `rank` = 3 ) [ RunTime:0.026002s ]
SQL: UPDATE `t_order` SET `rank`=3 WHERE ( `rank` = 2 ) [ RunTime:0.032002s ]
SQL: UPDATE `t_order` SET `rank`=2 WHERE ( `rank` = 1 ) [ RunTime:0.026001s ]
SQL: SELECT MAX(id) AS tp_max FROM `t_order` LIMIT 1   [ RunTime:0.000000s ]
SQL: SELECT MIN(id) AS tp_min FROM `t_order` LIMIT 1   [ RunTime:0.000000s ]
SQL: UPDATE `t_order` SET `stop`=1 WHERE ( `id` = 126 ) [ RunTime:0.031002s ]
SQL: UPDATE `t_order` SET `stop`=1 WHERE ( `id` = 127 ) [ RunTime:0.026001s ]
SQL: UPDATE `t_order` SET `stop`=1 WHERE ( `id` = 128 ) [ RunTime:0.032002s ]
SQL: UPDATE `t_order` SET `stop`=1 WHERE ( `id` = 129 ) [ RunTime:0.026002s ]
SQL: UPDATE `t_order` SET `stop`=1 WHERE ( `id` = 130 ) [ RunTime:0.032002s ]
SQL: UPDATE `t_order` SET `stop`=1 WHERE ( `id` = 131 ) [ RunTime:0.027001s ]
SQL: UPDATE `t_order` SET `stop`=1 WHERE ( `id` = 132 ) [ RunTime:0.067004s ]

[ 2018-05-23T18:19:26+08:00 ] 127.0.0.1 /index.php?c=list&a=index&status=1
INFO: [ app_begin ] --START--
INFO: Run Behavior\ReadHtmlCache [ RunTime:0.001000s ]
INFO: [ app_begin ] --END-- [ RunTime:0.001000s ]
SQL: SHOW COLUMNS FROM `t_order` [ RunTime:0.010000s ]
SQL: SELECT * FROM `t_order` ORDER BY rank  [ RunTime:0.001000s ]
SQL: SELECT `stop` FROM `t_order` WHERE ( `rank` = 5 ) LIMIT 1   [ RunTime:0.000000s ]
INFO: [ view_parse ] --START--
INFO: [ template_filter ] --START--
INFO: Run Behavior\ContentReplace [ RunTime:0.000000s ]
INFO: [ template_filter ] --END-- [ RunTime:0.000000s ]
INFO: Run Behavior\ParseTemplate [ RunTime:0.009001s ]
INFO: [ view_parse ] --END-- [ RunTime:0.009001s ]
INFO: [ view_filter ] --START--
INFO: Run Behavior\WriteHtmlCache [ RunTime:0.000000s ]
INFO: [ view_filter ] --END-- [ RunTime:0.000000s ]
INFO: [ app_end ] --START--
INFO: Run Behavior\ShowPageTrace [ RunTime:0.000000s ]
INFO: [ app_end ] --END-- [ RunTime:0.001000s ]

[ 2018-05-23T18:19:28+08:00 ] 127.0.0.1 /index.php?c=list&a=cancel
INFO: [ app_begin ] --START--
INFO: Run Behavior\ReadHtmlCache [ RunTime:0.001001s ]
INFO: [ app_begin ] --END-- [ RunTime:0.001001s ]
SQL: SHOW COLUMNS FROM `t_order` [ RunTime:0.010001s ]
SQL: SELECT MAX(id) AS tp_max FROM `t_order` LIMIT 1   [ RunTime:0.001000s ]
SQL: SELECT MIN(id) AS tp_min FROM `t_order` LIMIT 1   [ RunTime:0.000000s ]
SQL: UPDATE `t_order` SET `stop`=0 WHERE ( `id` = 126 ) [ RunTime:0.028001s ]
SQL: UPDATE `t_order` SET `stop`=0 WHERE ( `id` = 127 ) [ RunTime:0.033002s ]
SQL: UPDATE `t_order` SET `stop`=0 WHERE ( `id` = 128 ) [ RunTime:0.084005s ]
SQL: UPDATE `t_order` SET `stop`=0 WHERE ( `id` = 129 ) [ RunTime:0.066004s ]
SQL: UPDATE `t_order` SET `stop`=0 WHERE ( `id` = 130 ) [ RunTime:0.024001s ]
SQL: UPDATE `t_order` SET `stop`=0 WHERE ( `id` = 131 ) [ RunTime:0.026002s ]
SQL: UPDATE `t_order` SET `stop`=0 WHERE ( `id` = 132 ) [ RunTime:0.032002s ]
SQL: SELECT MIN(rank) AS tp_min FROM `t_order` LIMIT 1   [ RunTime:0.001000s ]
SQL: SELECT MAX(rank) AS tp_max FROM `t_order` LIMIT 1   [ RunTime:0.000000s ]
SQL: UPDATE `t_order` SET `rank`=1 WHERE ( `rank` = 2 ) [ RunTime:0.026001s ]
SQL: UPDATE `t_order` SET `rank`=2 WHERE ( `rank` = 3 ) [ RunTime:0.032002s ]
SQL: UPDATE `t_order` SET `rank`=3 WHERE ( `rank` = 4 ) [ RunTime:0.026001s ]
SQL: UPDATE `t_order` SET `rank`=4 WHERE ( `rank` = 5 ) [ RunTime:0.032002s ]
SQL: UPDATE `t_order` SET `rank`=5 WHERE ( `rank` = 6 ) [ RunTime:0.026002s ]
SQL: UPDATE `t_order` SET `rank`=6 WHERE ( `rank` = 7 ) [ RunTime:0.032002s ]
SQL: UPDATE `t_order` SET `rank`=7 WHERE ( `rank` = 8 ) [ RunTime:0.027001s ]

[ 2018-05-23T18:19:30+08:00 ] 127.0.0.1 /index.php?c=list&a=index&status=1
INFO: [ app_begin ] --START--
INFO: Run Behavior\ReadHtmlCache [ RunTime:0.001000s ]
INFO: [ app_begin ] --END-- [ RunTime:0.001000s ]
SQL: SHOW COLUMNS FROM `t_order` [ RunTime:0.010001s ]
SQL: SELECT * FROM `t_order` ORDER BY rank  [ RunTime:0.000000s ]
SQL: SELECT `stop` FROM `t_order` WHERE ( `rank` = 5 ) LIMIT 1   [ RunTime:0.000000s ]
INFO: [ view_parse ] --START--
INFO: [ template_filter ] --START--
INFO: Run Behavior\ContentReplace [ RunTime:0.000000s ]
INFO: [ template_filter ] --END-- [ RunTime:0.000000s ]
INFO: Run Behavior\ParseTemplate [ RunTime:0.008001s ]
INFO: [ view_parse ] --END-- [ RunTime:0.008001s ]
INFO: [ view_filter ] --START--
INFO: Run Behavior\WriteHtmlCache [ RunTime:0.001000s ]
INFO: [ view_filter ] --END-- [ RunTime:0.001000s ]
INFO: [ app_end ] --START--
INFO: Run Behavior\ShowPageTrace [ RunTime:0.000000s ]
INFO: [ app_end ] --END-- [ RunTime:0.000000s ]

[ 2018-05-23T18:19:35+08:00 ] 127.0.0.1 /Home/user/index
INFO: [ app_begin ] --START--
INFO: Run Behavior\ReadHtmlCache [ RunTime:0.001000s ]
INFO: [ app_begin ] --END-- [ RunTime:0.001000s ]
SQL: SHOW COLUMNS FROM `t_user` [ RunTime:0.017001s ]
SQL: SELECT * FROM `t_user`  [ RunTime:0.000000s ]
INFO: [ view_parse ] --START--
INFO: [ template_filter ] --START--
INFO: Run Behavior\ContentReplace [ RunTime:0.000000s ]
INFO: [ template_filter ] --END-- [ RunTime:0.000000s ]
NOTIC: [8] Undefined index:  D:\phpStudy\WWW\db_carorder_system\tp\Application\Runtime\Cache\Home\6830cbac89ff06451c77cd8769d6d4ca.php 第 55 行.
NOTIC: [8] Undefined index:  D:\phpStudy\WWW\db_carorder_system\tp\Application\Runtime\Cache\Home\6830cbac89ff06451c77cd8769d6d4ca.php 第 55 行.
INFO: Run Behavior\ParseTemplate [ RunTime:0.017001s ]
INFO: [ view_parse ] --END-- [ RunTime:0.017001s ]
INFO: [ view_filter ] --START--
INFO: Run Behavior\WriteHtmlCache [ RunTime:0.000000s ]
INFO: [ view_filter ] --END-- [ RunTime:0.000000s ]
INFO: [ app_end ] --START--
INFO: Run Behavior\ShowPageTrace [ RunTime:0.001000s ]
INFO: [ app_end ] --END-- [ RunTime:0.001000s ]

[ 2018-05-23T18:19:41+08:00 ] 127.0.0.1 /index.php?c=car&a=index
INFO: [ app_begin ] --START--
INFO: Run Behavior\ReadHtmlCache [ RunTime:0.000000s ]
INFO: [ app_begin ] --END-- [ RunTime:0.000000s ]
SQL: SHOW COLUMNS FROM `t_car` [ RunTime:0.027001s ]
SQL: SELECT * FROM `t_car`  [ RunTime:0.000000s ]
INFO: [ view_parse ] --START--
INFO: [ template_filter ] --START--
INFO: Run Behavior\ContentReplace [ RunTime:0.000000s ]
INFO: [ template_filter ] --END-- [ RunTime:0.000000s ]
NOTIC: [8] Undefined index: frame_number D:\phpStudy\WWW\db_carorder_system\tp\Application\Runtime\Cache\Home\4e0ebb50cf0ab82211ca96a659e5fb82.php 第 51 行.
INFO: Run Behavior\ParseTemplate [ RunTime:0.017001s ]
INFO: [ view_parse ] --END-- [ RunTime:0.017001s ]
INFO: [ view_filter ] --START--
INFO: Run Behavior\WriteHtmlCache [ RunTime:0.000000s ]
INFO: [ view_filter ] --END-- [ RunTime:0.000000s ]
INFO: [ app_end ] --START--
INFO: Run Behavior\ShowPageTrace [ RunTime:0.001000s ]
INFO: [ app_end ] --END-- [ RunTime:0.001000s ]

[ 2018-05-23T18:19:44+08:00 ] 127.0.0.1 /Home/user/index
INFO: [ app_begin ] --START--
INFO: Run Behavior\ReadHtmlCache [ RunTime:0.000000s ]
INFO: [ app_begin ] --END-- [ RunTime:0.000000s ]
SQL: SHOW COLUMNS FROM `t_user` [ RunTime:0.011001s ]
SQL: SELECT * FROM `t_user`  [ RunTime:0.000000s ]
INFO: [ view_parse ] --START--
INFO: [ template_filter ] --START--
INFO: Run Behavior\ContentReplace [ RunTime:0.000000s ]
INFO: [ template_filter ] --END-- [ RunTime:0.000000s ]
NOTIC: [8] Undefined index:  D:\phpStudy\WWW\db_carorder_system\tp\Application\Runtime\Cache\Home\6830cbac89ff06451c77cd8769d6d4ca.php 第 55 行.
NOTIC: [8] Undefined index:  D:\phpStudy\WWW\db_carorder_system\tp\Application\Runtime\Cache\Home\6830cbac89ff06451c77cd8769d6d4ca.php 第 55 行.
INFO: Run Behavior\ParseTemplate [ RunTime:0.008000s ]
INFO: [ view_parse ] --END-- [ RunTime:0.008000s ]
INFO: [ view_filter ] --START--
INFO: Run Behavior\WriteHtmlCache [ RunTime:0.000000s ]
INFO: [ view_filter ] --END-- [ RunTime:0.000000s ]
INFO: [ app_end ] --START--
INFO: Run Behavior\ShowPageTrace [ RunTime:0.001000s ]
INFO: [ app_end ] --END-- [ RunTime:0.001000s ]

[ 2018-05-23T18:35:10+08:00 ] 127.0.0.1 /index.php/Home/list/index.html
INFO: [ app_begin ] --START--
INFO: Run Behavior\ReadHtmlCache [ RunTime:0.001000s ]
INFO: [ app_begin ] --END-- [ RunTime:0.001000s ]
SQL: SHOW COLUMNS FROM `t_order` [ RunTime:0.003000s ]
SQL: SELECT * FROM `t_order` ORDER BY rank  [ RunTime:0.000000s ]
SQL: SELECT `stop` FROM `t_order` WHERE ( `rank` = 5 ) LIMIT 1   [ RunTime:0.000000s ]
INFO: [ view_parse ] --START--
INFO: [ template_filter ] --START--
INFO: Run Behavior\ContentReplace [ RunTime:0.000000s ]
INFO: [ template_filter ] --END-- [ RunTime:0.000000s ]
INFO: Run Behavior\ParseTemplate [ RunTime:0.008001s ]
INFO: [ view_parse ] --END-- [ RunTime:0.008001s ]
INFO: [ view_filter ] --START--
INFO: Run Behavior\WriteHtmlCache [ RunTime:0.000000s ]
INFO: [ view_filter ] --END-- [ RunTime:0.000000s ]
INFO: [ app_end ] --START--
INFO: Run Behavior\ShowPageTrace [ RunTime:0.001000s ]
INFO: [ app_end ] --END-- [ RunTime:0.001000s ]

[ 2018-05-23T18:35:14+08:00 ] 127.0.0.1 /index.php?c=car&a=index
INFO: [ app_begin ] --START--
INFO: Run Behavior\ReadHtmlCache [ RunTime:0.001000s ]
INFO: [ app_begin ] --END-- [ RunTime:0.001000s ]
SQL: SHOW COLUMNS FROM `t_car` [ RunTime:0.003000s ]
SQL: SELECT * FROM `t_car`  [ RunTime:0.001000s ]
INFO: [ view_parse ] --START--
INFO: [ template_filter ] --START--
INFO: Run Behavior\ContentReplace [ RunTime:0.000000s ]
INFO: [ template_filter ] --END-- [ RunTime:0.000000s ]
NOTIC: [8] Undefined index: frame_number D:\phpStudy\WWW\db_carorder_system\tp\Application\Runtime\Cache\Home\4e0ebb50cf0ab82211ca96a659e5fb82.php 第 51 行.
INFO: Run Behavior\ParseTemplate [ RunTime:0.006000s ]
INFO: [ view_parse ] --END-- [ RunTime:0.007000s ]
INFO: [ view_filter ] --START--
INFO: Run Behavior\WriteHtmlCache [ RunTime:0.000000s ]
INFO: [ view_filter ] --END-- [ RunTime:0.000000s ]
INFO: [ app_end ] --START--
INFO: Run Behavior\ShowPageTrace [ RunTime:0.000000s ]
INFO: [ app_end ] --END-- [ RunTime:0.000000s ]

[ 2018-05-23T18:35:17+08:00 ] 127.0.0.1 /Home/user/index
INFO: [ app_begin ] --START--
INFO: Run Behavior\ReadHtmlCache [ RunTime:0.000000s ]
INFO: [ app_begin ] --END-- [ RunTime:0.000000s ]
SQL: SHOW COLUMNS FROM `t_user` [ RunTime:0.003000s ]
SQL: SELECT * FROM `t_user`  [ RunTime:0.001000s ]
INFO: [ view_parse ] --START--
INFO: [ template_filter ] --START--
INFO: Run Behavior\ContentReplace [ RunTime:0.000000s ]
INFO: [ template_filter ] --END-- [ RunTime:0.000000s ]
NOTIC: [8] Undefined index:  D:\phpStudy\WWW\db_carorder_system\tp\Application\Runtime\Cache\Home\6830cbac89ff06451c77cd8769d6d4ca.php 第 55 行.
NOTIC: [8] Undefined index:  D:\phpStudy\WWW\db_carorder_system\tp\Application\Runtime\Cache\Home\6830cbac89ff06451c77cd8769d6d4ca.php 第 55 行.
INFO: Run Behavior\ParseTemplate [ RunTime:0.007000s ]
INFO: [ view_parse ] --END-- [ RunTime:0.007000s ]
INFO: [ view_filter ] --START--
INFO: Run Behavior\WriteHtmlCache [ RunTime:0.000000s ]
INFO: [ view_filter ] --END-- [ RunTime:0.000000s ]
INFO: [ app_end ] --START--
INFO: Run Behavior\ShowPageTrace [ RunTime:0.000000s ]
INFO: [ app_end ] --END-- [ RunTime:0.000000s ]

[ 2018-05-23T18:41:09+08:00 ] 127.0.0.1 /index.php/Home/list/index.html
INFO: [ app_begin ] --START--
INFO: Run Behavior\ReadHtmlCache [ RunTime:0.001000s ]
INFO: [ app_begin ] --END-- [ RunTime:0.001000s ]
SQL: SHOW COLUMNS FROM `t_order` [ RunTime:0.003001s ]
SQL: SELECT * FROM `t_order` ORDER BY rank  [ RunTime:0.001000s ]
SQL: SELECT `stop` FROM `t_order` WHERE ( `rank` = 5 ) LIMIT 1   [ RunTime:0.000000s ]
INFO: [ view_parse ] --START--
INFO: [ template_filter ] --START--
INFO: Run Behavior\ContentReplace [ RunTime:0.000000s ]
INFO: [ template_filter ] --END-- [ RunTime:0.000000s ]
INFO: Run Behavior\ParseTemplate [ RunTime:0.007000s ]
INFO: [ view_parse ] --END-- [ RunTime:0.007000s ]
INFO: [ view_filter ] --START--
INFO: Run Behavior\WriteHtmlCache [ RunTime:0.001000s ]
INFO: [ view_filter ] --END-- [ RunTime:0.001000s ]
INFO: [ app_end ] --START--
INFO: Run Behavior\ShowPageTrace [ RunTime:0.000000s ]
INFO: [ app_end ] --END-- [ RunTime:0.000000s ]

[ 2018-05-23T18:41:13+08:00 ] 127.0.0.1 /Home/user/index
INFO: [ app_begin ] --START--
INFO: Run Behavior\ReadHtmlCache [ RunTime:0.001000s ]
INFO: [ app_begin ] --END-- [ RunTime:0.001000s ]
SQL: SHOW COLUMNS FROM `t_user` [ RunTime:0.004000s ]
SQL: SELECT * FROM `t_user`  [ RunTime:0.000000s ]
INFO: [ view_parse ] --START--
INFO: [ template_filter ] --START--
INFO: Run Behavior\ContentReplace [ RunTime:0.000000s ]
INFO: [ template_filter ] --END-- [ RunTime:0.000000s ]
NOTIC: [8] Undefined index:  D:\phpStudy\WWW\db_carorder_system\tp\Application\Runtime\Cache\Home\6830cbac89ff06451c77cd8769d6d4ca.php 第 55 行.
NOTIC: [8] Undefined index:  D:\phpStudy\WWW\db_carorder_system\tp\Application\Runtime\Cache\Home\6830cbac89ff06451c77cd8769d6d4ca.php 第 55 行.
INFO: Run Behavior\ParseTemplate [ RunTime:0.007001s ]
INFO: [ view_parse ] --END-- [ RunTime:0.007001s ]
INFO: [ view_filter ] --START--
INFO: Run Behavior\WriteHtmlCache [ RunTime:0.000000s ]
INFO: [ view_filter ] --END-- [ RunTime:0.000000s ]
INFO: [ app_end ] --START--
INFO: Run Behavior\ShowPageTrace [ RunTime:0.000000s ]
INFO: [ app_end ] --END-- [ RunTime:0.001000s ]

[ 2018-05-23T18:41:18+08:00 ] 127.0.0.1 /index.php/Home/oil/index.html
INFO: [ app_begin ] --START--
INFO: Run Behavior\ReadHtmlCache [ RunTime:0.001000s ]
INFO: [ app_begin ] --END-- [ RunTime:0.001000s ]
SQL: SHOW COLUMNS FROM `t_oil` [ RunTime:0.003000s ]
SQL: SELECT * FROM `t_oil` WHERE ( father_id="0" )  [ RunTime:0.001000s ]
INFO: [ view_parse ] --START--
INFO: [ template_filter ] --START--
INFO: Run Behavior\ContentReplace [ RunTime:0.000000s ]
INFO: [ template_filter ] --END-- [ RunTime:0.000000s ]
INFO: Run Behavior\ParseTemplate [ RunTime:0.012001s ]
INFO: [ view_parse ] --END-- [ RunTime:0.012001s ]
INFO: [ view_filter ] --START--
INFO: Run Behavior\WriteHtmlCache [ RunTime:0.001000s ]
INFO: [ view_filter ] --END-- [ RunTime:0.001000s ]
INFO: [ app_end ] --START--
INFO: Run Behavior\ShowPageTrace [ RunTime:0.000000s ]
INFO: [ app_end ] --END-- [ RunTime:0.000000s ]

[ 2018-05-23T18:41:20+08:00 ] 127.0.0.1 /index.php?c=admin&a=manage
INFO: [ app_begin ] --START--
INFO: Run Behavior\ReadHtmlCache [ RunTime:0.000000s ]
INFO: [ app_begin ] --END-- [ RunTime:0.000000s ]
SQL: SHOW COLUMNS FROM `t_admin` [ RunTime:0.004000s ]
SQL: SELECT * FROM `t_admin`  [ RunTime:0.000000s ]
INFO: [ view_parse ] --START--
INFO: [ template_filter ] --START--
INFO: Run Behavior\ContentReplace [ RunTime:0.000000s ]
INFO: [ template_filter ] --END-- [ RunTime:0.000000s ]
NOTIC: [8] Undefined index: username D:\phpStudy\WWW\db_carorder_system\tp\Application\Runtime\Cache\Home\907ebb7421121daad9e5d4784217d0ec.php 第 48 行.
INFO: Run Behavior\ParseTemplate [ RunTime:0.020001s ]
INFO: [ view_parse ] --END-- [ RunTime:0.021001s ]
INFO: [ view_filter ] --START--
INFO: Run Behavior\WriteHtmlCache [ RunTime:0.001000s ]
INFO: [ view_filter ] --END-- [ RunTime:0.001000s ]
INFO: [ app_end ] --START--
INFO: Run Behavior\ShowPageTrace [ RunTime:0.000000s ]
INFO: [ app_end ] --END-- [ RunTime:0.000000s ]

[ 2018-05-23T18:42:25+08:00 ] 127.0.0.1 /index.php?c=operate&a=index
INFO: [ app_begin ] --START--
INFO: Run Behavior\ReadHtmlCache [ RunTime:0.001000s ]
INFO: [ app_begin ] --END-- [ RunTime:0.001000s ]
INFO: [ view_parse ] --START--
INFO: [ template_filter ] --START--
INFO: Run Behavior\ContentReplace [ RunTime:0.000000s ]
INFO: [ template_filter ] --END-- [ RunTime:0.000000s ]
INFO: Run Behavior\ParseTemplate [ RunTime:0.006000s ]
INFO: [ view_parse ] --END-- [ RunTime:0.006000s ]
INFO: [ view_filter ] --START--
INFO: Run Behavior\WriteHtmlCache [ RunTime:0.000000s ]
INFO: [ view_filter ] --END-- [ RunTime:0.000000s ]
INFO: [ app_end ] --START--
INFO: Run Behavior\ShowPageTrace [ RunTime:0.000000s ]
INFO: [ app_end ] --END-- [ RunTime:0.000000s ]

[ 2018-05-23T18:42:28+08:00 ] 127.0.0.1 /index.php?c=operate&a=index
INFO: [ app_begin ] --START--
INFO: Run Behavior\ReadHtmlCache [ RunTime:0.000000s ]
INFO: [ app_begin ] --END-- [ RunTime:0.000000s ]
INFO: [ view_parse ] --START--
INFO: [ template_filter ] --START--
INFO: Run Behavior\ContentReplace [ RunTime:0.000000s ]
INFO: [ template_filter ] --END-- [ RunTime:0.000000s ]
INFO: Run Behavior\ParseTemplate [ RunTime:0.005001s ]
INFO: [ view_parse ] --END-- [ RunTime:0.005001s ]
INFO: [ view_filter ] --START--
INFO: Run Behavior\WriteHtmlCache [ RunTime:0.001000s ]
INFO: [ view_filter ] --END-- [ RunTime:0.001000s ]
INFO: [ app_end ] --START--
INFO: Run Behavior\ShowPageTrace [ RunTime:0.000000s ]
INFO: [ app_end ] --END-- [ RunTime:0.000000s ]

[ 2018-05-23T18:42:39+08:00 ] 127.0.0.1 /Home/user/index
INFO: [ app_begin ] --START--
INFO: Run Behavior\ReadHtmlCache [ RunTime:0.001000s ]
INFO: [ app_begin ] --END-- [ RunTime:0.001000s ]
SQL: SHOW COLUMNS FROM `t_user` [ RunTime:0.003000s ]
SQL: SELECT * FROM `t_user`  [ RunTime:0.000000s ]
INFO: [ view_parse ] --START--
INFO: [ template_filter ] --START--
INFO: Run Behavior\ContentReplace [ RunTime:0.000000s ]
INFO: [ template_filter ] --END-- [ RunTime:0.000000s ]
NOTIC: [8] Undefined index:  D:\phpStudy\WWW\db_carorder_system\tp\Application\Runtime\Cache\Home\6830cbac89ff06451c77cd8769d6d4ca.php 第 55 行.
NOTIC: [8] Undefined index:  D:\phpStudy\WWW\db_carorder_system\tp\Application\Runtime\Cache\Home\6830cbac89ff06451c77cd8769d6d4ca.php 第 55 行.
INFO: Run Behavior\ParseTemplate [ RunTime:0.007001s ]
INFO: [ view_parse ] --END-- [ RunTime:0.007001s ]
INFO: [ view_filter ] --START--
INFO: Run Behavior\WriteHtmlCache [ RunTime:0.001000s ]
INFO: [ view_filter ] --END-- [ RunTime:0.001000s ]
INFO: [ app_end ] --START--
INFO: Run Behavior\ShowPageTrace [ RunTime:0.000000s ]
INFO: [ app_end ] --END-- [ RunTime:0.000000s ]

[ 2018-05-23T21:16:43+08:00 ] 59.33.231.44 /hongdi/db_carorder_system/tp/html
INFO: [ app_begin ] --START--
INFO: Run Behavior\ReadHtmlCache [ RunTime:0.000609s ]
INFO: [ app_begin ] --END-- [ RunTime:0.000702s ]
INFO: [ app_end ] --START--
INFO: Run Behavior\ShowPageTrace [ RunTime:0.000447s ]
INFO: [ app_end ] --END-- [ RunTime:0.000532s ]

[ 2018-05-23T21:18:24+08:00 ] 59.33.231.44 /hongdi/db_carorder_system/tp/html
INFO: [ app_begin ] --START--
INFO: Run Behavior\ReadHtmlCache [ RunTime:0.000389s ]
INFO: [ app_begin ] --END-- [ RunTime:0.000451s ]
INFO: [ app_end ] --START--
INFO: Run Behavior\ShowPageTrace [ RunTime:0.000429s ]
INFO: [ app_end ] --END-- [ RunTime:0.000511s ]

[ 2018-05-23T21:20:46+08:00 ] 59.33.231.44 /hongdi/db_carorder_system/tp/
INFO: [ app_begin ] --START--
INFO: Run Behavior\ReadHtmlCache [ RunTime:0.000443s ]
INFO: [ app_begin ] --END-- [ RunTime:0.000507s ]
ERR: 模板不存在:./Application/Home/View/Index/index.html

[ 2018-05-23T21:21:48+08:00 ] 59.33.231.44 /hongdi/db_carorder_system/tp/index.php
INFO: [ app_begin ] --START--
INFO: Run Behavior\ReadHtmlCache [ RunTime:0.000425s ]
INFO: [ app_begin ] --END-- [ RunTime:0.000511s ]
ERR: 模板不存在:./Application/Home/View/Index/index.html

[ 2018-05-23T21:22:02+08:00 ] 59.33.231.44 /hongdi/db_carorder_system/tp/html
INFO: [ app_begin ] --START--
INFO: Run Behavior\ReadHtmlCache [ RunTime:0.000418s ]
INFO: [ app_begin ] --END-- [ RunTime:0.000482s ]
INFO: [ app_end ] --START--
INFO: Run Behavior\ShowPageTrace [ RunTime:0.000532s ]
INFO: [ app_end ] --END-- [ RunTime:0.000627s ]

[ 2018-05-23T21:38:07+08:00 ] 59.33.231.44 /hongdi/db_carorder_system/tp/html
INFO: [ app_begin ] --START--
INFO: Run Behavior\ReadHtmlCache [ RunTime:0.000425s ]
INFO: [ app_begin ] --END-- [ RunTime:0.000489s ]
INFO: [ app_end ] --START--
INFO: Run Behavior\ShowPageTrace [ RunTime:0.000439s ]
INFO: [ app_end ] --END-- [ RunTime:0.000497s ]

[ 2018-05-23T21:47:15+08:00 ] 140.207.54.76 /hongdi/db_carorder_system/tp/html?signature=b09f5ad255cd39ffbcfb3ca7c5fa12da2a0f0f5d&echostr=8050156816065098489&timestamp=1527083249&nonce=110693361
INFO: [ app_begin ] --START--
INFO: Run Behavior\ReadHtmlCache [ RunTime:0.000424s ]
INFO: [ app_begin ] --END-- [ RunTime:0.000488s ]
INFO: [ app_end ] --START--
INFO: Run Behavior\ShowPageTrace [ RunTime:0.000443s ]
INFO: [ app_end ] --END-- [ RunTime:0.000499s ]

[ 2018-05-23T21:58:06+08:00 ] 140.207.54.75 /hongdi/db_carorder_system/tp/html?signature=66c99912c34b1c82467cceba0854d38ad5f2fb2d&echostr=10217786334051693437&timestamp=1527083900&nonce=2346523407
INFO: [ app_begin ] --START--
INFO: Run Behavior\ReadHtmlCache [ RunTime:0.000392s ]
INFO: [ app_begin ] --END-- [ RunTime:0.000457s ]
INFO: [ app_end ] --START--
INFO: Run Behavior\ShowPageTrace [ RunTime:0.000467s ]
INFO: [ app_end ] --END-- [ RunTime:0.000523s ]

[ 2018-05-23T21:58:07+08:00 ] 140.207.54.75 /hongdi/db_carorder_system/tp/html?signature=59b044cb91aa5c9be7de659f967abe212de16c99&echostr=13149600030424134525&timestamp=1527083901&nonce=591383705
INFO: [ app_begin ] --START--
INFO: Run Behavior\ReadHtmlCache [ RunTime:0.000390s ]
INFO: [ app_begin ] --END-- [ RunTime:0.000453s ]
INFO: [ app_end ] --START--
INFO: Run Behavior\ShowPageTrace [ RunTime:0.000409s ]
INFO: [ app_end ] --END-- [ RunTime:0.000465s ]

[ 2018-05-23T21:59:24+08:00 ] 59.33.231.44 /hongdi/db_carorder_system/tp/index.php
INFO: [ app_begin ] --START--
INFO: Run Behavior\ReadHtmlCache [ RunTime:0.000430s ]
INFO: [ app_begin ] --END-- [ RunTime:0.000493s ]
ERR: 模板不存在:./Application/Home/View/Index/index.html

[ 2018-05-23T21:59:44+08:00 ] 59.33.231.44 /hongdi/db_carorder_system/tp/home
INFO: [ app_begin ] --START--
INFO: Run Behavior\ReadHtmlCache [ RunTime:0.000387s ]
INFO: [ app_begin ] --END-- [ RunTime:0.000450s ]
ERR: 模板不存在:./Application/Home/View/Index/index.html

[ 2018-05-23T22:09:25+08:00 ] 140.207.54.76 /hongdi/db_carorder_system/tp/html?signature=27421ec68ef3507053550b343b7a6267c4afa381&echostr=9253758384939695867&timestamp=1527084579&nonce=2669376889
INFO: [ app_begin ] --START--
INFO: Run Behavior\ReadHtmlCache [ RunTime:0.000403s ]
INFO: [ app_begin ] --END-- [ RunTime:0.000467s ]
INFO: [ app_end ] --START--
INFO: Run Behavior\ShowPageTrace [ RunTime:0.000407s ]
INFO: [ app_end ] --END-- [ RunTime:0.000462s ]

[ 2018-05-23T22:22:38+08:00 ] 140.207.54.75 /hongdi/db_carorder_system/tp/html?signature=15b9599c3239e7cc5f8d99e2207adbbdcd366ece&echostr=16596490167023270717&timestamp=1527085372&nonce=3233581502
INFO: [ app_begin ] --START--
INFO: Run Behavior\ReadHtmlCache [ RunTime:0.000386s ]
INFO: [ app_begin ] --END-- [ RunTime:0.000450s ]
INFO: [ app_end ] --START--
INFO: Run Behavior\ShowPageTrace [ RunTime:0.000406s ]
INFO: [ app_end ] --END-- [ RunTime:0.000461s ]

[ 2018-05-23T22:27:06+08:00 ] 140.207.54.75 /hongdi/db_carorder_system/tp/Html/index/index?signature=8410cb108cd410f0f835835fdbc8cf7517d187d8&echostr=2421350352134994649&timestamp=1527085640&nonce=2697534426
INFO: [ app_begin ] --START--
INFO: Run Behavior\ReadHtmlCache [ RunTime:0.000422s ]
INFO: [ app_begin ] --END-- [ RunTime:0.000485s ]
ERR: 无法加载控制器:Index

