[ 2018-06-13T09:45:06+08:00 ] 140.207.54.79 /hongdi/db_carorder_system/tp/html/index?signature=fa67dcda5d9225a6ceed4924ec3bc73ddc01e705&timestamp=1528854320&nonce=1688764146&openid=o5UzE0y8yRpO689ab8T2eVSjjwok
INFO: [ app_begin ] --START--
INFO: Run Behavior\ReadHtmlCache [ RunTime:0.000396s ]
INFO: [ app_begin ] --END-- [ RunTime:0.000719s ]
INFO: [ app_end ] --START--
INFO: Run Behavior\ShowPageTrace [ RunTime:0.000513s ]
INFO: [ app_end ] --END-- [ RunTime:0.000570s ]

[ 2018-06-13T09:45:09+08:00 ] 140.207.54.79 /hongdi/db_carorder_system/tp/html/index?signature=b3ccba12ea7af9aa690b115904e46baf1c533b6f&timestamp=1528854322&nonce=309458180&openid=o5UzE0y8yRpO689ab8T2eVSjjwok
INFO: [ app_begin ] --START--
INFO: Run Behavior\ReadHtmlCache [ RunTime:0.000412s ]
INFO: [ app_begin ] --END-- [ RunTime:0.000724s ]
INFO: [ app_end ] --START--
INFO: Run Behavior\ShowPageTrace [ RunTime:0.000449s ]
INFO: [ app_end ] --END-- [ RunTime:0.000505s ]

[ 2018-06-13T09:45:10+08:00 ] 113.96.218.51 /hongdi/db_carorder_system/tp/html/index
INFO: [ app_begin ] --START--
INFO: Run Behavior\ReadHtmlCache [ RunTime:0.000393s ]
INFO: [ app_begin ] --END-- [ RunTime:0.000745s ]
INFO: [ app_end ] --START--
INFO: Run Behavior\ShowPageTrace [ RunTime:0.000414s ]
INFO: [ app_end ] --END-- [ RunTime:0.000500s ]

[ 2018-06-13T09:45:12+08:00 ] 113.96.218.51 /hongdi/db_carorder_system/tp/html/Index/getUserInfo?code=011XKift1jiL2d0yZ5dt1Scjft1XKifU&state=1
INFO: [ app_begin ] --START--
INFO: Run Behavior\ReadHtmlCache [ RunTime:0.000434s ]
INFO: [ app_begin ] --END-- [ RunTime:0.000751s ]
NOTIC: [8192] mysql_connect(): The mysql extension is deprecated and will be removed in the future: use mysqli or PDO instead /www/web/yijiangbangtest_wsandos_com/public_html/hongdi/db_carorder_system/tp/ThinkPHP/Library/Think/Db/Driver/Mysql.class.php 第 52 行.
SQL: SHOW COLUMNS FROM `t_user` [ RunTime:0.000716s ]
SQL: SELECT * FROM `t_user` WHERE ( openid like 'o5UzE0y8yRpO689ab8T2eVSjjwok'  )  [ RunTime:0.000339s ]
SQL: INSERT INTO `t_user` (`openid`,`nickname`,`head_img`) VALUES ('o5UzE0y8yRpO689ab8T2eVSjjwok','MZR','http://thirdwx.qlogo.cn/mmopen/vi_32/FMrT2lyJhJtF8FvAC5IrveadBK8ibeicmFQxtTsjr0ZriahYzwJTtZR3temOnAh6gdOPQtQQ4TmEPKbIDw4zDnWTw/132') [ RunTime:0.028651s ]

[ 2018-06-13T09:45:12+08:00 ] 113.96.218.51 /hongdi/db_carorder_system/tp/index.php/Html/order/index.html
INFO: [ app_begin ] --START--
INFO: Run Behavior\ReadHtmlCache [ RunTime:0.000393s ]
INFO: [ app_begin ] --END-- [ RunTime:0.000735s ]
NOTIC: [8192] mysql_connect(): The mysql extension is deprecated and will be removed in the future: use mysqli or PDO instead /www/web/yijiangbangtest_wsandos_com/public_html/hongdi/db_carorder_system/tp/ThinkPHP/Library/Think/Db/Driver/Mysql.class.php 第 52 行.
SQL: SHOW COLUMNS FROM `t_oil` [ RunTime:0.000615s ]
SQL: SELECT * FROM `t_oil` WHERE ( father_id="0" )  [ RunTime:0.000116s ]
NOTIC: [8] Array to string conversion /www/web/yijiangbangtest_wsandos_com/public_html/hongdi/db_carorder_system/tp/Application/Html/Controller/OrderController.class.php 第 19 行.
SQL: SHOW COLUMNS FROM `t_user` [ RunTime:0.000595s ]
SQL: SELECT * FROM `t_user` WHERE ( `openid` = 'o5UzE0y8yRpO689ab8T2eVSjjwok' )  [ RunTime:0.000280s ]
SQL: SHOW COLUMNS FROM `t_list` [ RunTime:0.000625s ]
SQL: SELECT `oilName` FROM `t_list` WHERE ( `openid` = 'o5UzE0y8yRpO689ab8T2eVSjjwok' ) LIMIT 1   [ RunTime:0.000402s ]
SQL: SELECT `father_id` FROM `t_oil` WHERE ( name='' ) LIMIT 1   [ RunTime:0.000092s ]
SQL: SELECT `name` FROM `t_oil` WHERE ( id='' ) LIMIT 1   [ RunTime:0.000086s ]
SQL: SELECT `plate_number` FROM `t_list` WHERE ( `openid` = 'o5UzE0y8yRpO689ab8T2eVSjjwok' ) LIMIT 1   [ RunTime:0.000322s ]
INFO: [ view_parse ] --START--
INFO: [ template_filter ] --START--
INFO: Run Behavior\ContentReplace [ RunTime:0.000048s ]
INFO: [ template_filter ] --END-- [ RunTime:0.000101s ]
INFO: Run Behavior\ParseTemplate [ RunTime:0.010641s ]
INFO: [ view_parse ] --END-- [ RunTime:0.010693s ]
INFO: [ view_filter ] --START--
INFO: Run Behavior\WriteHtmlCache [ RunTime:0.000172s ]
INFO: [ view_filter ] --END-- [ RunTime:0.000220s ]
INFO: [ app_end ] --START--
INFO: Run Behavior\ShowPageTrace [ RunTime:0.000418s ]
INFO: [ app_end ] --END-- [ RunTime:0.000466s ]

[ 2018-06-13T09:45:39+08:00 ] 113.96.218.51 /hongdi/db_carorder_system/tp/index.php/Html/Order/oil
INFO: [ app_begin ] --START--
INFO: Run Behavior\ReadHtmlCache [ RunTime:0.000446s ]
INFO: [ app_begin ] --END-- [ RunTime:0.000763s ]
NOTIC: [8192] mysql_connect(): The mysql extension is deprecated and will be removed in the future: use mysqli or PDO instead /www/web/yijiangbangtest_wsandos_com/public_html/hongdi/db_carorder_system/tp/ThinkPHP/Library/Think/Db/Driver/Mysql.class.php 第 52 行.
SQL: SHOW COLUMNS FROM `t_oil` [ RunTime:0.000630s ]
SQL: SELECT `id`,`name` FROM `t_oil` WHERE ( `father_id` = 1 )  [ RunTime:0.000111s ]

[ 2018-06-13T09:46:12+08:00 ] 61.151.226.167 /hongdi/db_carorder_system/tp/index.php/Html/order/index.html
INFO: [ app_begin ] --START--
INFO: Run Behavior\ReadHtmlCache [ RunTime:0.000397s ]
INFO: [ app_begin ] --END-- [ RunTime:0.000745s ]
NOTIC: [8192] mysql_connect(): The mysql extension is deprecated and will be removed in the future: use mysqli or PDO instead /www/web/yijiangbangtest_wsandos_com/public_html/hongdi/db_carorder_system/tp/ThinkPHP/Library/Think/Db/Driver/Mysql.class.php 第 52 行.
SQL: SHOW COLUMNS FROM `t_oil` [ RunTime:0.000631s ]
SQL: SELECT * FROM `t_oil` WHERE ( father_id="0" )  [ RunTime:0.000120s ]
NOTIC: [8] Array to string conversion /www/web/yijiangbangtest_wsandos_com/public_html/hongdi/db_carorder_system/tp/Application/Html/Controller/OrderController.class.php 第 19 行.
SQL: SHOW COLUMNS FROM `t_user` [ RunTime:0.000480s ]
NOTIC: [8] Undefined index: openid /www/web/yijiangbangtest_wsandos_com/public_html/hongdi/db_carorder_system/tp/Application/Html/Controller/OrderController.class.php 第 22 行.
SQL: SELECT * FROM `t_user` WHERE ( `openid` = null )  [ RunTime:0.000298s ]
SQL: SHOW COLUMNS FROM `t_list` [ RunTime:0.000624s ]
SQL: SELECT `oilName` FROM `t_list` WHERE ( `openid` = null ) LIMIT 1   [ RunTime:0.000322s ]
SQL: SELECT `father_id` FROM `t_oil` WHERE ( name='' ) LIMIT 1   [ RunTime:0.000096s ]
SQL: SELECT `name` FROM `t_oil` WHERE ( id='' ) LIMIT 1   [ RunTime:0.000090s ]
SQL: SELECT `plate_number` FROM `t_list` WHERE ( `openid` = null ) LIMIT 1   [ RunTime:0.000274s ]
INFO: [ view_parse ] --START--
INFO: [ template_filter ] --START--
INFO: Run Behavior\ContentReplace [ RunTime:0.000052s ]
INFO: [ template_filter ] --END-- [ RunTime:0.000107s ]
INFO: Run Behavior\ParseTemplate [ RunTime:0.010470s ]
INFO: [ view_parse ] --END-- [ RunTime:0.010527s ]
INFO: [ view_filter ] --START--
INFO: Run Behavior\WriteHtmlCache [ RunTime:0.000143s ]
INFO: [ view_filter ] --END-- [ RunTime:0.000191s ]
INFO: [ app_end ] --START--
INFO: Run Behavior\ShowPageTrace [ RunTime:0.000465s ]
INFO: [ app_end ] --END-- [ RunTime:0.000517s ]

[ 2018-06-13T09:46:17+08:00 ] 113.96.218.51 /hongdi/db_carorder_system/tp/index.php/HTML/Order/addOrder
INFO: [ app_begin ] --START--
INFO: Run Behavior\ReadHtmlCache [ RunTime:0.000397s ]
INFO: [ app_begin ] --END-- [ RunTime:0.000743s ]
NOTIC: [8192] mysql_connect(): The mysql extension is deprecated and will be removed in the future: use mysqli or PDO instead /www/web/yijiangbangtest_wsandos_com/public_html/hongdi/db_carorder_system/tp/ThinkPHP/Library/Think/Db/Driver/Mysql.class.php 第 52 行.
SQL: SHOW COLUMNS FROM `t_user` [ RunTime:0.000742s ]
SQL: SELECT `id` FROM `t_user` WHERE ( `openid` = 'o5UzE0y8yRpO689ab8T2eVSjjwok' ) LIMIT 1   [ RunTime:0.000294s ]
SQL: SHOW COLUMNS FROM `t_order` [ RunTime:0.000426s ]
SQL: SELECT COUNT(rank) AS tp_count FROM `t_order` WHERE ( `rank` <> 0 ) AND ( `user_id` = 36 ) LIMIT 1   [ RunTime:0.000281s ]
SQL: SELECT `id` FROM `t_user` WHERE ( `openid` = 'o5UzE0y8yRpO689ab8T2eVSjjwok' ) LIMIT 1   [ RunTime:0.000097s ]
SQL: SHOW COLUMNS FROM `t_oil` [ RunTime:0.000419s ]
SQL: SELECT `id` FROM `t_oil` WHERE ( `name` = '二甲苯' ) LIMIT 1   [ RunTime:0.000096s ]
SQL: SELECT MAX(rank) AS tp_max FROM `t_order` LIMIT 1   [ RunTime:0.000178s ]
SQL: INSERT INTO `t_order` (`create_time`,`stop`,`user_id`,`oil_id`,`plate_number`,`order_number`,`rank`) VALUES ('2018-06-13 09:46:17',0,36,2,'45682',2018061357575048,6) [ RunTime:0.009120s ]

[ 2018-06-13T09:46:19+08:00 ] 113.96.218.51 /hongdi/db_carorder_system/tp/index.php/HTML/Order/index
INFO: [ app_begin ] --START--
INFO: Run Behavior\ReadHtmlCache [ RunTime:0.000395s ]
INFO: [ app_begin ] --END-- [ RunTime:0.000715s ]
NOTIC: [8192] mysql_connect(): The mysql extension is deprecated and will be removed in the future: use mysqli or PDO instead /www/web/yijiangbangtest_wsandos_com/public_html/hongdi/db_carorder_system/tp/ThinkPHP/Library/Think/Db/Driver/Mysql.class.php 第 52 行.
SQL: SHOW COLUMNS FROM `t_oil` [ RunTime:0.000454s ]
SQL: SELECT * FROM `t_oil` WHERE ( father_id="0" )  [ RunTime:0.000117s ]
NOTIC: [8] Array to string conversion /www/web/yijiangbangtest_wsandos_com/public_html/hongdi/db_carorder_system/tp/Application/Html/Controller/OrderController.class.php 第 19 行.
SQL: SHOW COLUMNS FROM `t_user` [ RunTime:0.000495s ]
SQL: SELECT * FROM `t_user` WHERE ( `openid` = 'o5UzE0y8yRpO689ab8T2eVSjjwok' )  [ RunTime:0.000114s ]
SQL: SHOW COLUMNS FROM `t_list` [ RunTime:0.000666s ]
SQL: SELECT `oilName` FROM `t_list` WHERE ( `openid` = 'o5UzE0y8yRpO689ab8T2eVSjjwok' ) LIMIT 1   [ RunTime:0.000364s ]
SQL: SELECT `father_id` FROM `t_oil` WHERE ( name='二甲苯' ) LIMIT 1   [ RunTime:0.000091s ]
SQL: SELECT `name` FROM `t_oil` WHERE ( id='1' ) LIMIT 1   [ RunTime:0.000090s ]
SQL: SELECT `plate_number` FROM `t_list` WHERE ( `openid` = 'o5UzE0y8yRpO689ab8T2eVSjjwok' ) LIMIT 1   [ RunTime:0.000288s ]
INFO: [ view_parse ] --START--
INFO: [ template_filter ] --START--
INFO: Run Behavior\ContentReplace [ RunTime:0.000048s ]
INFO: [ template_filter ] --END-- [ RunTime:0.000101s ]
INFO: Run Behavior\ParseTemplate [ RunTime:0.010593s ]
INFO: [ view_parse ] --END-- [ RunTime:0.010645s ]
INFO: [ view_filter ] --START--
INFO: Run Behavior\WriteHtmlCache [ RunTime:0.000141s ]
INFO: [ view_filter ] --END-- [ RunTime:0.000188s ]
INFO: [ app_end ] --START--
INFO: Run Behavior\ShowPageTrace [ RunTime:0.000469s ]
INFO: [ app_end ] --END-- [ RunTime:0.000532s ]

[ 2018-06-13T09:46:22+08:00 ] 113.96.218.51 /hongdi/db_carorder_system/tp/index.php/Html/my/page.html
INFO: [ app_begin ] --START--
INFO: Run Behavior\ReadHtmlCache [ RunTime:0.000414s ]
INFO: [ app_begin ] --END-- [ RunTime:0.000763s ]
NOTIC: [8192] mysql_connect(): The mysql extension is deprecated and will be removed in the future: use mysqli or PDO instead /www/web/yijiangbangtest_wsandos_com/public_html/hongdi/db_carorder_system/tp/ThinkPHP/Library/Think/Db/Driver/Mysql.class.php 第 52 行.
SQL: SHOW COLUMNS FROM `t_list` [ RunTime:0.000828s ]
SQL: SELECT * FROM `t_list` WHERE ( `openid` = 'o5UzE0y8yRpO689ab8T2eVSjjwok' ) AND ( `rank` <> 0 )  [ RunTime:0.000493s ]
INFO: [ view_parse ] --START--
INFO: [ template_filter ] --START--
INFO: Run Behavior\ContentReplace [ RunTime:0.000043s ]
INFO: [ template_filter ] --END-- [ RunTime:0.000132s ]
INFO: Run Behavior\ParseTemplate [ RunTime:0.008934s ]
INFO: [ view_parse ] --END-- [ RunTime:0.008986s ]
INFO: [ view_filter ] --START--
INFO: Run Behavior\WriteHtmlCache [ RunTime:0.000142s ]
INFO: [ view_filter ] --END-- [ RunTime:0.000191s ]
INFO: [ app_end ] --START--
INFO: Run Behavior\ShowPageTrace [ RunTime:0.000427s ]
INFO: [ app_end ] --END-- [ RunTime:0.000477s ]

[ 2018-06-13T09:46:24+08:00 ] 113.96.218.51 /hongdi/db_carorder_system/tp/index.php/Html/my/page.html
INFO: [ app_begin ] --START--
INFO: Run Behavior\ReadHtmlCache [ RunTime:0.000393s ]
INFO: [ app_begin ] --END-- [ RunTime:0.000711s ]
NOTIC: [8192] mysql_connect(): The mysql extension is deprecated and will be removed in the future: use mysqli or PDO instead /www/web/yijiangbangtest_wsandos_com/public_html/hongdi/db_carorder_system/tp/ThinkPHP/Library/Think/Db/Driver/Mysql.class.php 第 52 行.
SQL: SHOW COLUMNS FROM `t_list` [ RunTime:0.000850s ]
SQL: SELECT * FROM `t_list` WHERE ( `openid` = 'o5UzE0y8yRpO689ab8T2eVSjjwok' ) AND ( `rank` <> 0 )  [ RunTime:0.000130s ]
INFO: [ view_parse ] --START--
INFO: [ template_filter ] --START--
INFO: Run Behavior\ContentReplace [ RunTime:0.000047s ]
INFO: [ template_filter ] --END-- [ RunTime:0.000134s ]
INFO: Run Behavior\ParseTemplate [ RunTime:0.008899s ]
INFO: [ view_parse ] --END-- [ RunTime:0.008951s ]
INFO: [ view_filter ] --START--
INFO: Run Behavior\WriteHtmlCache [ RunTime:0.000140s ]
INFO: [ view_filter ] --END-- [ RunTime:0.000188s ]
INFO: [ app_end ] --START--
INFO: Run Behavior\ShowPageTrace [ RunTime:0.000413s ]
INFO: [ app_end ] --END-- [ RunTime:0.000463s ]

[ 2018-06-13T09:46:26+08:00 ] 113.96.218.51 /hongdi/db_carorder_system/tp/index.php/Html/order/index.html
INFO: [ app_begin ] --START--
INFO: Run Behavior\ReadHtmlCache [ RunTime:0.000396s ]
INFO: [ app_begin ] --END-- [ RunTime:0.000716s ]
NOTIC: [8192] mysql_connect(): The mysql extension is deprecated and will be removed in the future: use mysqli or PDO instead /www/web/yijiangbangtest_wsandos_com/public_html/hongdi/db_carorder_system/tp/ThinkPHP/Library/Think/Db/Driver/Mysql.class.php 第 52 行.
SQL: SHOW COLUMNS FROM `t_oil` [ RunTime:0.000630s ]
SQL: SELECT * FROM `t_oil` WHERE ( father_id="0" )  [ RunTime:0.000116s ]
NOTIC: [8] Array to string conversion /www/web/yijiangbangtest_wsandos_com/public_html/hongdi/db_carorder_system/tp/Application/Html/Controller/OrderController.class.php 第 19 行.
SQL: SHOW COLUMNS FROM `t_user` [ RunTime:0.000472s ]
SQL: SELECT * FROM `t_user` WHERE ( `openid` = 'o5UzE0y8yRpO689ab8T2eVSjjwok' )  [ RunTime:0.000111s ]
SQL: SHOW COLUMNS FROM `t_list` [ RunTime:0.000618s ]
SQL: SELECT `oilName` FROM `t_list` WHERE ( `openid` = 'o5UzE0y8yRpO689ab8T2eVSjjwok' ) LIMIT 1   [ RunTime:0.000092s ]
SQL: SELECT `father_id` FROM `t_oil` WHERE ( name='二甲苯' ) LIMIT 1   [ RunTime:0.000090s ]
SQL: SELECT `name` FROM `t_oil` WHERE ( id='1' ) LIMIT 1   [ RunTime:0.000090s ]
SQL: SELECT `plate_number` FROM `t_list` WHERE ( `openid` = 'o5UzE0y8yRpO689ab8T2eVSjjwok' ) LIMIT 1   [ RunTime:0.000089s ]
INFO: [ view_parse ] --START--
INFO: [ template_filter ] --START--
INFO: Run Behavior\ContentReplace [ RunTime:0.000083s ]
INFO: [ template_filter ] --END-- [ RunTime:0.000138s ]
INFO: Run Behavior\ParseTemplate [ RunTime:0.010445s ]
INFO: [ view_parse ] --END-- [ RunTime:0.010499s ]
INFO: [ view_filter ] --START--
INFO: Run Behavior\WriteHtmlCache [ RunTime:0.000141s ]
INFO: [ view_filter ] --END-- [ RunTime:0.000189s ]
INFO: [ app_end ] --START--
INFO: Run Behavior\ShowPageTrace [ RunTime:0.000410s ]
INFO: [ app_end ] --END-- [ RunTime:0.000458s ]

[ 2018-06-13T09:46:27+08:00 ] 113.96.218.51 /hongdi/db_carorder_system/tp/index.php/Html/list/index.html
INFO: [ app_begin ] --START--
INFO: Run Behavior\ReadHtmlCache [ RunTime:0.000400s ]
INFO: [ app_begin ] --END-- [ RunTime:0.000723s ]
NOTIC: [8192] mysql_connect(): The mysql extension is deprecated and will be removed in the future: use mysqli or PDO instead /www/web/yijiangbangtest_wsandos_com/public_html/hongdi/db_carorder_system/tp/ThinkPHP/Library/Think/Db/Driver/Mysql.class.php 第 52 行.
SQL: SHOW COLUMNS FROM `t_oil` [ RunTime:0.000630s ]
SQL: SELECT * FROM `t_oil` WHERE ( father_id="0" )  [ RunTime:0.000120s ]
SQL: SHOW COLUMNS FROM `t_notice` [ RunTime:0.000371s ]
SQL: SELECT * FROM `t_notice` WHERE ( `id` = 1 )  [ RunTime:0.000098s ]
INFO: [ view_parse ] --START--
INFO: [ template_filter ] --START--
INFO: Run Behavior\ContentReplace [ RunTime:0.000050s ]
INFO: [ template_filter ] --END-- [ RunTime:0.000103s ]
NOTIC: [8] Undefined variable: list /www/web/yijiangbangtest_wsandos_com/public_html/hongdi/db_carorder_system/tp/Application/Runtime/Cache/Html/7c6bb95ba4acfabd68a82689efbeee3c.php 第 92 行.
INFO: Run Behavior\ParseTemplate [ RunTime:0.009993s ]
INFO: [ view_parse ] --END-- [ RunTime:0.010043s ]
INFO: [ view_filter ] --START--
INFO: Run Behavior\WriteHtmlCache [ RunTime:0.000173s ]
INFO: [ view_filter ] --END-- [ RunTime:0.000222s ]
INFO: [ app_end ] --START--
INFO: Run Behavior\ShowPageTrace [ RunTime:0.000416s ]
INFO: [ app_end ] --END-- [ RunTime:0.000465s ]

[ 2018-06-13T09:46:29+08:00 ] 113.96.218.51 /hongdi/db_carorder_system/tp/index.php/Html/my/page.html
INFO: [ app_begin ] --START--
INFO: Run Behavior\ReadHtmlCache [ RunTime:0.000432s ]
INFO: [ app_begin ] --END-- [ RunTime:0.000759s ]
NOTIC: [8192] mysql_connect(): The mysql extension is deprecated and will be removed in the future: use mysqli or PDO instead /www/web/yijiangbangtest_wsandos_com/public_html/hongdi/db_carorder_system/tp/ThinkPHP/Library/Think/Db/Driver/Mysql.class.php 第 52 行.
SQL: SHOW COLUMNS FROM `t_list` [ RunTime:0.000870s ]
SQL: SELECT * FROM `t_list` WHERE ( `openid` = 'o5UzE0y8yRpO689ab8T2eVSjjwok' ) AND ( `rank` <> 0 )  [ RunTime:0.000129s ]
INFO: [ view_parse ] --START--
INFO: [ template_filter ] --START--
INFO: Run Behavior\ContentReplace [ RunTime:0.000044s ]
INFO: [ template_filter ] --END-- [ RunTime:0.000098s ]
INFO: Run Behavior\ParseTemplate [ RunTime:0.009032s ]
INFO: [ view_parse ] --END-- [ RunTime:0.009096s ]
INFO: [ view_filter ] --START--
INFO: Run Behavior\WriteHtmlCache [ RunTime:0.000194s ]
INFO: [ view_filter ] --END-- [ RunTime:0.000251s ]
INFO: [ app_end ] --START--
INFO: Run Behavior\ShowPageTrace [ RunTime:0.000414s ]
INFO: [ app_end ] --END-- [ RunTime:0.000463s ]

[ 2018-06-13T09:46:32+08:00 ] 113.96.218.51 /hongdi/db_carorder_system/tp/index.php/Html/my/order.html
INFO: [ app_begin ] --START--
INFO: Run Behavior\ReadHtmlCache [ RunTime:0.000444s ]
INFO: [ app_begin ] --END-- [ RunTime:0.000766s ]
NOTIC: [8192] mysql_connect(): The mysql extension is deprecated and will be removed in the future: use mysqli or PDO instead /www/web/yijiangbangtest_wsandos_com/public_html/hongdi/db_carorder_system/tp/ThinkPHP/Library/Think/Db/Driver/Mysql.class.php 第 52 行.
SQL: SHOW COLUMNS FROM `t_list` [ RunTime:0.000873s ]
SQL: SELECT * FROM `t_list` WHERE ( `openid` = 'o5UzE0y8yRpO689ab8T2eVSjjwok' )  [ RunTime:0.000515s ]
INFO: [ view_parse ] --START--
INFO: [ template_filter ] --START--
INFO: Run Behavior\ContentReplace [ RunTime:0.000038s ]
INFO: [ template_filter ] --END-- [ RunTime:0.000092s ]
INFO: Run Behavior\ParseTemplate [ RunTime:0.009410s ]
INFO: [ view_parse ] --END-- [ RunTime:0.009462s ]
INFO: [ view_filter ] --START--
INFO: Run Behavior\WriteHtmlCache [ RunTime:0.000141s ]
INFO: [ view_filter ] --END-- [ RunTime:0.000187s ]
INFO: [ app_end ] --START--
INFO: Run Behavior\ShowPageTrace [ RunTime:0.000450s ]
INFO: [ app_end ] --END-- [ RunTime:0.000499s ]

[ 2018-06-13T09:46:36+08:00 ] 140.207.54.79 /hongdi/db_carorder_system/tp/html/index?signature=091bafa95a5ed4c0ea2091945bd60ec324cb4837&timestamp=1528854409&nonce=800195835&openid=o5UzE0y8yRpO689ab8T2eVSjjwok
INFO: [ app_begin ] --START--
INFO: Run Behavior\ReadHtmlCache [ RunTime:0.000392s ]
INFO: [ app_begin ] --END-- [ RunTime:0.000712s ]
INFO: [ app_end ] --START--
INFO: Run Behavior\ShowPageTrace [ RunTime:0.000410s ]
INFO: [ app_end ] --END-- [ RunTime:0.000468s ]

[ 2018-06-13T09:46:37+08:00 ] 113.96.218.51 /hongdi/db_carorder_system/tp/html/index
INFO: [ app_begin ] --START--
INFO: Run Behavior\ReadHtmlCache [ RunTime:0.000402s ]
INFO: [ app_begin ] --END-- [ RunTime:0.000724s ]
INFO: [ app_end ] --START--
INFO: Run Behavior\ShowPageTrace [ RunTime:0.000417s ]
INFO: [ app_end ] --END-- [ RunTime:0.000475s ]

[ 2018-06-13T09:46:38+08:00 ] 113.96.218.51 /hongdi/db_carorder_system/tp/html/Index/getUserInfo?code=001BeaEr0otZBe1MwjFr0LuRDr0BeaEf&state=1
INFO: [ app_begin ] --START--
INFO: Run Behavior\ReadHtmlCache [ RunTime:0.000395s ]
INFO: [ app_begin ] --END-- [ RunTime:0.000718s ]
NOTIC: [8192] mysql_connect(): The mysql extension is deprecated and will be removed in the future: use mysqli or PDO instead /www/web/yijiangbangtest_wsandos_com/public_html/hongdi/db_carorder_system/tp/ThinkPHP/Library/Think/Db/Driver/Mysql.class.php 第 52 行.
SQL: SHOW COLUMNS FROM `t_user` [ RunTime:0.000686s ]
SQL: SELECT * FROM `t_user` WHERE ( openid like 'o5UzE0y8yRpO689ab8T2eVSjjwok'  )  [ RunTime:0.000324s ]

[ 2018-06-13T09:46:38+08:00 ] 113.96.218.51 /hongdi/db_carorder_system/tp/index.php/Html/order/index.html
INFO: [ app_begin ] --START--
INFO: Run Behavior\ReadHtmlCache [ RunTime:0.000393s ]
INFO: [ app_begin ] --END-- [ RunTime:0.000731s ]
NOTIC: [8192] mysql_connect(): The mysql extension is deprecated and will be removed in the future: use mysqli or PDO instead /www/web/yijiangbangtest_wsandos_com/public_html/hongdi/db_carorder_system/tp/ThinkPHP/Library/Think/Db/Driver/Mysql.class.php 第 52 行.
SQL: SHOW COLUMNS FROM `t_oil` [ RunTime:0.000521s ]
SQL: SELECT * FROM `t_oil` WHERE ( father_id="0" )  [ RunTime:0.000118s ]
NOTIC: [8] Array to string conversion /www/web/yijiangbangtest_wsandos_com/public_html/hongdi/db_carorder_system/tp/Application/Html/Controller/OrderController.class.php 第 19 行.
SQL: SHOW COLUMNS FROM `t_user` [ RunTime:0.000441s ]
SQL: SELECT * FROM `t_user` WHERE ( `openid` = 'o5UzE0y8yRpO689ab8T2eVSjjwok' )  [ RunTime:0.000115s ]
SQL: SHOW COLUMNS FROM `t_list` [ RunTime:0.000589s ]
SQL: SELECT `oilName` FROM `t_list` WHERE ( `openid` = 'o5UzE0y8yRpO689ab8T2eVSjjwok' ) LIMIT 1   [ RunTime:0.000097s ]
SQL: SELECT `father_id` FROM `t_oil` WHERE ( name='二甲苯' ) LIMIT 1   [ RunTime:0.000091s ]
SQL: SELECT `name` FROM `t_oil` WHERE ( id='1' ) LIMIT 1   [ RunTime:0.000090s ]
SQL: SELECT `plate_number` FROM `t_list` WHERE ( `openid` = 'o5UzE0y8yRpO689ab8T2eVSjjwok' ) LIMIT 1   [ RunTime:0.000088s ]
INFO: [ view_parse ] --START--
INFO: [ template_filter ] --START--
INFO: Run Behavior\ContentReplace [ RunTime:0.000048s ]
INFO: [ template_filter ] --END-- [ RunTime:0.000100s ]
INFO: Run Behavior\ParseTemplate [ RunTime:0.010335s ]
INFO: [ view_parse ] --END-- [ RunTime:0.010385s ]
INFO: [ view_filter ] --START--
INFO: Run Behavior\WriteHtmlCache [ RunTime:0.000142s ]
INFO: [ view_filter ] --END-- [ RunTime:0.000188s ]
INFO: [ app_end ] --START--
INFO: Run Behavior\ShowPageTrace [ RunTime:0.000449s ]
INFO: [ app_end ] --END-- [ RunTime:0.000498s ]

[ 2018-06-13T09:46:40+08:00 ] 113.96.218.51 /hongdi/db_carorder_system/tp/index.php/Html/my/page.html
INFO: [ app_begin ] --START--
INFO: Run Behavior\ReadHtmlCache [ RunTime:0.000463s ]
INFO: [ app_begin ] --END-- [ RunTime:0.000785s ]
NOTIC: [8192] mysql_connect(): The mysql extension is deprecated and will be removed in the future: use mysqli or PDO instead /www/web/yijiangbangtest_wsandos_com/public_html/hongdi/db_carorder_system/tp/ThinkPHP/Library/Think/Db/Driver/Mysql.class.php 第 52 行.
SQL: SHOW COLUMNS FROM `t_list` [ RunTime:0.000806s ]
SQL: SELECT * FROM `t_list` WHERE ( `openid` = 'o5UzE0y8yRpO689ab8T2eVSjjwok' ) AND ( `rank` <> 0 )  [ RunTime:0.000129s ]
INFO: [ view_parse ] --START--
INFO: [ template_filter ] --START--
INFO: Run Behavior\ContentReplace [ RunTime:0.000093s ]
INFO: [ template_filter ] --END-- [ RunTime:0.000179s ]
INFO: Run Behavior\ParseTemplate [ RunTime:0.010270s ]
INFO: [ view_parse ] --END-- [ RunTime:0.010337s ]
INFO: [ view_filter ] --START--
INFO: Run Behavior\WriteHtmlCache [ RunTime:0.000245s ]
INFO: [ view_filter ] --END-- [ RunTime:0.000331s ]
INFO: [ app_end ] --START--
INFO: Run Behavior\ShowPageTrace [ RunTime:0.000445s ]
INFO: [ app_end ] --END-- [ RunTime:0.000495s ]

[ 2018-06-13T09:46:42+08:00 ] 113.96.218.51 /hongdi/db_carorder_system/tp/index.php/Html/order/index.html
INFO: [ app_begin ] --START--
INFO: Run Behavior\ReadHtmlCache [ RunTime:0.000435s ]
INFO: [ app_begin ] --END-- [ RunTime:0.000757s ]
NOTIC: [8192] mysql_connect(): The mysql extension is deprecated and will be removed in the future: use mysqli or PDO instead /www/web/yijiangbangtest_wsandos_com/public_html/hongdi/db_carorder_system/tp/ThinkPHP/Library/Think/Db/Driver/Mysql.class.php 第 52 行.
SQL: SHOW COLUMNS FROM `t_oil` [ RunTime:0.000607s ]
SQL: SELECT * FROM `t_oil` WHERE ( father_id="0" )  [ RunTime:0.000116s ]
NOTIC: [8] Array to string conversion /www/web/yijiangbangtest_wsandos_com/public_html/hongdi/db_carorder_system/tp/Application/Html/Controller/OrderController.class.php 第 19 行.
SQL: SHOW COLUMNS FROM `t_user` [ RunTime:0.000484s ]
SQL: SELECT * FROM `t_user` WHERE ( `openid` = 'o5UzE0y8yRpO689ab8T2eVSjjwok' )  [ RunTime:0.000111s ]
SQL: SHOW COLUMNS FROM `t_list` [ RunTime:0.000629s ]
SQL: SELECT `oilName` FROM `t_list` WHERE ( `openid` = 'o5UzE0y8yRpO689ab8T2eVSjjwok' ) LIMIT 1   [ RunTime:0.000093s ]
SQL: SELECT `father_id` FROM `t_oil` WHERE ( name='二甲苯' ) LIMIT 1   [ RunTime:0.000090s ]
SQL: SELECT `name` FROM `t_oil` WHERE ( id='1' ) LIMIT 1   [ RunTime:0.000090s ]
SQL: SELECT `plate_number` FROM `t_list` WHERE ( `openid` = 'o5UzE0y8yRpO689ab8T2eVSjjwok' ) LIMIT 1   [ RunTime:0.000090s ]
INFO: [ view_parse ] --START--
INFO: [ template_filter ] --START--
INFO: Run Behavior\ContentReplace [ RunTime:0.000048s ]
INFO: [ template_filter ] --END-- [ RunTime:0.000104s ]
INFO: Run Behavior\ParseTemplate [ RunTime:0.010556s ]
INFO: [ view_parse ] --END-- [ RunTime:0.010608s ]
INFO: [ view_filter ] --START--
INFO: Run Behavior\WriteHtmlCache [ RunTime:0.000144s ]
INFO: [ view_filter ] --END-- [ RunTime:0.000224s ]
INFO: [ app_end ] --START--
INFO: Run Behavior\ShowPageTrace [ RunTime:0.000414s ]
INFO: [ app_end ] --END-- [ RunTime:0.000463s ]

[ 2018-06-13T09:46:43+08:00 ] 113.96.218.51 /hongdi/db_carorder_system/tp/index.php/Html/my/page.html
INFO: [ app_begin ] --START--
INFO: Run Behavior\ReadHtmlCache [ RunTime:0.000406s ]
INFO: [ app_begin ] --END-- [ RunTime:0.000736s ]
NOTIC: [8192] mysql_connect(): The mysql extension is deprecated and will be removed in the future: use mysqli or PDO instead /www/web/yijiangbangtest_wsandos_com/public_html/hongdi/db_carorder_system/tp/ThinkPHP/Library/Think/Db/Driver/Mysql.class.php 第 52 行.
SQL: SHOW COLUMNS FROM `t_list` [ RunTime:0.000869s ]
SQL: SELECT * FROM `t_list` WHERE ( `openid` = 'o5UzE0y8yRpO689ab8T2eVSjjwok' ) AND ( `rank` <> 0 )  [ RunTime:0.000154s ]
INFO: [ view_parse ] --START--
INFO: [ template_filter ] --START--
INFO: Run Behavior\ContentReplace [ RunTime:0.000044s ]
INFO: [ template_filter ] --END-- [ RunTime:0.000096s ]
INFO: Run Behavior\ParseTemplate [ RunTime:0.009508s ]
INFO: [ view_parse ] --END-- [ RunTime:0.009560s ]
INFO: [ view_filter ] --START--
INFO: Run Behavior\WriteHtmlCache [ RunTime:0.000167s ]
INFO: [ view_filter ] --END-- [ RunTime:0.000219s ]
INFO: [ app_end ] --START--
INFO: Run Behavior\ShowPageTrace [ RunTime:0.000439s ]
INFO: [ app_end ] --END-- [ RunTime:0.000489s ]

[ 2018-06-13T09:46:46+08:00 ] 113.96.218.51 /hongdi/db_carorder_system/tp/index.php/Html/my/index.html
INFO: [ app_begin ] --START--
INFO: Run Behavior\ReadHtmlCache [ RunTime:0.000485s ]
INFO: [ app_begin ] --END-- [ RunTime:0.000805s ]
NOTIC: [8192] mysql_connect(): The mysql extension is deprecated and will be removed in the future: use mysqli or PDO instead /www/web/yijiangbangtest_wsandos_com/public_html/hongdi/db_carorder_system/tp/ThinkPHP/Library/Think/Db/Driver/Mysql.class.php 第 52 行.
SQL: SHOW COLUMNS FROM `t_user` [ RunTime:0.000636s ]
SQL: SELECT * FROM `t_user` WHERE ( `openid` = 'o5UzE0y8yRpO689ab8T2eVSjjwok' )  [ RunTime:0.000127s ]
INFO: [ view_parse ] --START--
INFO: [ template_filter ] --START--
INFO: Run Behavior\ContentReplace [ RunTime:0.000041s ]
INFO: [ template_filter ] --END-- [ RunTime:0.000125s ]
INFO: Run Behavior\ParseTemplate [ RunTime:0.006371s ]
INFO: [ view_parse ] --END-- [ RunTime:0.006425s ]
INFO: [ view_filter ] --START--
INFO: Run Behavior\WriteHtmlCache [ RunTime:0.000141s ]
INFO: [ view_filter ] --END-- [ RunTime:0.000189s ]
INFO: [ app_end ] --START--
INFO: Run Behavior\ShowPageTrace [ RunTime:0.000450s ]
INFO: [ app_end ] --END-- [ RunTime:0.000500s ]

[ 2018-06-13T09:46:52+08:00 ] 140.207.54.79 /hongdi/db_carorder_system/tp/html/index?signature=70d02ff648b02f365a4fd0649c151092458cc548&timestamp=1528854425&nonce=1821957292&openid=o5UzE0y8yRpO689ab8T2eVSjjwok
INFO: [ app_begin ] --START--
INFO: Run Behavior\ReadHtmlCache [ RunTime:0.000389s ]
INFO: [ app_begin ] --END-- [ RunTime:0.000736s ]
INFO: [ app_end ] --START--
INFO: Run Behavior\ShowPageTrace [ RunTime:0.000412s ]
INFO: [ app_end ] --END-- [ RunTime:0.000470s ]

[ 2018-06-13T09:46:52+08:00 ] 113.96.218.51 /hongdi/db_carorder_system/tp/html/index
INFO: [ app_begin ] --START--
INFO: Run Behavior\ReadHtmlCache [ RunTime:0.000400s ]
INFO: [ app_begin ] --END-- [ RunTime:0.000753s ]
INFO: [ app_end ] --START--
INFO: Run Behavior\ShowPageTrace [ RunTime:0.000416s ]
INFO: [ app_end ] --END-- [ RunTime:0.000473s ]

[ 2018-06-13T09:46:53+08:00 ] 113.96.218.51 /hongdi/db_carorder_system/tp/html/Index/getUserInfo?code=001Yuubc0yEGEu1fQCac0Sjwbc0Yuubf&state=1
INFO: [ app_begin ] --START--
INFO: Run Behavior\ReadHtmlCache [ RunTime:0.000399s ]
INFO: [ app_begin ] --END-- [ RunTime:0.000746s ]
NOTIC: [8192] mysql_connect(): The mysql extension is deprecated and will be removed in the future: use mysqli or PDO instead /www/web/yijiangbangtest_wsandos_com/public_html/hongdi/db_carorder_system/tp/ThinkPHP/Library/Think/Db/Driver/Mysql.class.php 第 52 行.
SQL: SHOW COLUMNS FROM `t_user` [ RunTime:0.000735s ]
SQL: SELECT * FROM `t_user` WHERE ( openid like 'o5UzE0y8yRpO689ab8T2eVSjjwok'  )  [ RunTime:0.000171s ]

[ 2018-06-13T09:46:54+08:00 ] 113.96.218.51 /hongdi/db_carorder_system/tp/index.php/Html/order/index.html
INFO: [ app_begin ] --START--
INFO: Run Behavior\ReadHtmlCache [ RunTime:0.000395s ]
INFO: [ app_begin ] --END-- [ RunTime:0.000720s ]
NOTIC: [8192] mysql_connect(): The mysql extension is deprecated and will be removed in the future: use mysqli or PDO instead /www/web/yijiangbangtest_wsandos_com/public_html/hongdi/db_carorder_system/tp/ThinkPHP/Library/Think/Db/Driver/Mysql.class.php 第 52 行.
SQL: SHOW COLUMNS FROM `t_oil` [ RunTime:0.000603s ]
SQL: SELECT * FROM `t_oil` WHERE ( father_id="0" )  [ RunTime:0.000118s ]
NOTIC: [8] Array to string conversion /www/web/yijiangbangtest_wsandos_com/public_html/hongdi/db_carorder_system/tp/Application/Html/Controller/OrderController.class.php 第 19 行.
SQL: SHOW COLUMNS FROM `t_user` [ RunTime:0.000439s ]
SQL: SELECT * FROM `t_user` WHERE ( `openid` = 'o5UzE0y8yRpO689ab8T2eVSjjwok' )  [ RunTime:0.000111s ]
SQL: SHOW COLUMNS FROM `t_list` [ RunTime:0.000717s ]
SQL: SELECT `oilName` FROM `t_list` WHERE ( `openid` = 'o5UzE0y8yRpO689ab8T2eVSjjwok' ) LIMIT 1   [ RunTime:0.000093s ]
SQL: SELECT `father_id` FROM `t_oil` WHERE ( name='二甲苯' ) LIMIT 1   [ RunTime:0.000090s ]
SQL: SELECT `name` FROM `t_oil` WHERE ( id='1' ) LIMIT 1   [ RunTime:0.000090s ]
SQL: SELECT `plate_number` FROM `t_list` WHERE ( `openid` = 'o5UzE0y8yRpO689ab8T2eVSjjwok' ) LIMIT 1   [ RunTime:0.000114s ]
INFO: [ view_parse ] --START--
INFO: [ template_filter ] --START--
INFO: Run Behavior\ContentReplace [ RunTime:0.000054s ]
INFO: [ template_filter ] --END-- [ RunTime:0.000114s ]
INFO: Run Behavior\ParseTemplate [ RunTime:0.010708s ]
INFO: [ view_parse ] --END-- [ RunTime:0.010760s ]
INFO: [ view_filter ] --START--
INFO: Run Behavior\WriteHtmlCache [ RunTime:0.000177s ]
INFO: [ view_filter ] --END-- [ RunTime:0.000225s ]
INFO: [ app_end ] --START--
INFO: Run Behavior\ShowPageTrace [ RunTime:0.000433s ]
INFO: [ app_end ] --END-- [ RunTime:0.000482s ]

[ 2018-06-13T09:46:55+08:00 ] 113.96.218.51 /hongdi/db_carorder_system/tp/index.php/Html/list/index.html
INFO: [ app_begin ] --START--
INFO: Run Behavior\ReadHtmlCache [ RunTime:0.000650s ]
INFO: [ app_begin ] --END-- [ RunTime:0.000998s ]
NOTIC: [8192] mysql_connect(): The mysql extension is deprecated and will be removed in the future: use mysqli or PDO instead /www/web/yijiangbangtest_wsandos_com/public_html/hongdi/db_carorder_system/tp/ThinkPHP/Library/Think/Db/Driver/Mysql.class.php 第 52 行.
SQL: SHOW COLUMNS FROM `t_oil` [ RunTime:0.000612s ]
SQL: SELECT * FROM `t_oil` WHERE ( father_id="0" )  [ RunTime:0.000116s ]
SQL: SHOW COLUMNS FROM `t_notice` [ RunTime:0.000363s ]
SQL: SELECT * FROM `t_notice` WHERE ( `id` = 1 )  [ RunTime:0.000096s ]
INFO: [ view_parse ] --START--
INFO: [ template_filter ] --START--
INFO: Run Behavior\ContentReplace [ RunTime:0.000055s ]
INFO: [ template_filter ] --END-- [ RunTime:0.000109s ]
NOTIC: [8] Undefined variable: list /www/web/yijiangbangtest_wsandos_com/public_html/hongdi/db_carorder_system/tp/Application/Runtime/Cache/Html/7c6bb95ba4acfabd68a82689efbeee3c.php 第 92 行.
INFO: Run Behavior\ParseTemplate [ RunTime:0.010052s ]
INFO: [ view_parse ] --END-- [ RunTime:0.010104s ]
INFO: [ view_filter ] --START--
INFO: Run Behavior\WriteHtmlCache [ RunTime:0.000141s ]
INFO: [ view_filter ] --END-- [ RunTime:0.000189s ]
INFO: [ app_end ] --START--
INFO: Run Behavior\ShowPageTrace [ RunTime:0.000460s ]
INFO: [ app_end ] --END-- [ RunTime:0.000509s ]

[ 2018-06-13T09:46:59+08:00 ] 113.96.218.51 /hongdi/db_carorder_system/tp/index.php/Html/Order/oil
INFO: [ app_begin ] --START--
INFO: Run Behavior\ReadHtmlCache [ RunTime:0.000391s ]
INFO: [ app_begin ] --END-- [ RunTime:0.000739s ]
NOTIC: [8192] mysql_connect(): The mysql extension is deprecated and will be removed in the future: use mysqli or PDO instead /www/web/yijiangbangtest_wsandos_com/public_html/hongdi/db_carorder_system/tp/ThinkPHP/Library/Think/Db/Driver/Mysql.class.php 第 52 行.
SQL: SHOW COLUMNS FROM `t_oil` [ RunTime:0.000589s ]
SQL: SELECT `id`,`name` FROM `t_oil` WHERE ( `father_id` = 1 )  [ RunTime:0.000108s ]

[ 2018-06-13T09:47:01+08:00 ] 113.96.218.51 /hongdi/db_carorder_system/tp/index.php/Html/List/selectOil?oil=%E4%BA%8C%E7%94%B2%E8%8B%AF
INFO: [ app_begin ] --START--
INFO: Run Behavior\ReadHtmlCache [ RunTime:0.000404s ]
INFO: [ app_begin ] --END-- [ RunTime:0.000712s ]
NOTIC: [8192] mysql_connect(): The mysql extension is deprecated and will be removed in the future: use mysqli or PDO instead /www/web/yijiangbangtest_wsandos_com/public_html/hongdi/db_carorder_system/tp/ThinkPHP/Library/Think/Db/Driver/Mysql.class.php 第 52 行.
SQL: SHOW COLUMNS FROM `t_oil` [ RunTime:0.000583s ]
SQL: SELECT `id` FROM `t_oil` WHERE ( `name` = '二甲苯' ) LIMIT 1   [ RunTime:0.000102s ]
SQL: SHOW COLUMNS FROM `t_list` [ RunTime:0.000641s ]
SQL: SELECT * FROM `t_list` WHERE ( oil_id='2' ) ORDER BY rank asc  [ RunTime:0.000503s ]
SQL: SELECT * FROM `t_oil` WHERE ( father_id="0" )  [ RunTime:0.000100s ]
SQL: SHOW COLUMNS FROM `t_notice` [ RunTime:0.000376s ]
SQL: SELECT * FROM `t_notice` WHERE ( `id` = 1 )  [ RunTime:0.000117s ]
INFO: [ view_parse ] --START--
INFO: [ template_filter ] --START--
INFO: Run Behavior\ContentReplace [ RunTime:0.000050s ]
INFO: [ template_filter ] --END-- [ RunTime:0.000103s ]
INFO: Run Behavior\ParseTemplate [ RunTime:0.010065s ]
INFO: [ view_parse ] --END-- [ RunTime:0.010116s ]
INFO: [ view_filter ] --START--
INFO: Run Behavior\WriteHtmlCache [ RunTime:0.000139s ]
INFO: [ view_filter ] --END-- [ RunTime:0.000186s ]
INFO: [ app_end ] --START--
INFO: Run Behavior\ShowPageTrace [ RunTime:0.000410s ]
INFO: [ app_end ] --END-- [ RunTime:0.000458s ]

[ 2018-06-13T09:47:05+08:00 ] 113.96.218.51 /hongdi/db_carorder_system/tp/index.php/Html/my/page.html
INFO: [ app_begin ] --START--
INFO: Run Behavior\ReadHtmlCache [ RunTime:0.000394s ]
INFO: [ app_begin ] --END-- [ RunTime:0.000745s ]
NOTIC: [8192] mysql_connect(): The mysql extension is deprecated and will be removed in the future: use mysqli or PDO instead /www/web/yijiangbangtest_wsandos_com/public_html/hongdi/db_carorder_system/tp/ThinkPHP/Library/Think/Db/Driver/Mysql.class.php 第 52 行.
SQL: SHOW COLUMNS FROM `t_list` [ RunTime:0.000865s ]
SQL: SELECT * FROM `t_list` WHERE ( `openid` = 'o5UzE0y8yRpO689ab8T2eVSjjwok' ) AND ( `rank` <> 0 )  [ RunTime:0.000126s ]
INFO: [ view_parse ] --START--
INFO: [ template_filter ] --START--
INFO: Run Behavior\ContentReplace [ RunTime:0.000051s ]
INFO: [ template_filter ] --END-- [ RunTime:0.000120s ]
INFO: Run Behavior\ParseTemplate [ RunTime:0.009428s ]
INFO: [ view_parse ] --END-- [ RunTime:0.009484s ]
INFO: [ view_filter ] --START--
INFO: Run Behavior\WriteHtmlCache [ RunTime:0.000154s ]
INFO: [ view_filter ] --END-- [ RunTime:0.000201s ]
INFO: [ app_end ] --START--
INFO: Run Behavior\ShowPageTrace [ RunTime:0.000441s ]
INFO: [ app_end ] --END-- [ RunTime:0.000491s ]

[ 2018-06-13T09:47:27+08:00 ] 101.227.143.150 /hongdi/db_carorder_system/tp/index.php/Html/list/index.html
INFO: [ app_begin ] --START--
INFO: Run Behavior\ReadHtmlCache [ RunTime:0.000472s ]
INFO: [ app_begin ] --END-- [ RunTime:0.000786s ]
NOTIC: [8192] mysql_connect(): The mysql extension is deprecated and will be removed in the future: use mysqli or PDO instead /www/web/yijiangbangtest_wsandos_com/public_html/hongdi/db_carorder_system/tp/ThinkPHP/Library/Think/Db/Driver/Mysql.class.php 第 52 行.
SQL: SHOW COLUMNS FROM `t_oil` [ RunTime:0.000590s ]
SQL: SELECT * FROM `t_oil` WHERE ( father_id="0" )  [ RunTime:0.000120s ]
SQL: SHOW COLUMNS FROM `t_notice` [ RunTime:0.000375s ]
SQL: SELECT * FROM `t_notice` WHERE ( `id` = 1 )  [ RunTime:0.000123s ]
INFO: [ view_parse ] --START--
INFO: [ template_filter ] --START--
INFO: Run Behavior\ContentReplace [ RunTime:0.000049s ]
INFO: [ template_filter ] --END-- [ RunTime:0.000102s ]
NOTIC: [8] Undefined variable: list /www/web/yijiangbangtest_wsandos_com/public_html/hongdi/db_carorder_system/tp/Application/Runtime/Cache/Html/7c6bb95ba4acfabd68a82689efbeee3c.php 第 92 行.
INFO: Run Behavior\ParseTemplate [ RunTime:0.010380s ]
INFO: [ view_parse ] --END-- [ RunTime:0.010429s ]
INFO: [ view_filter ] --START--
INFO: Run Behavior\WriteHtmlCache [ RunTime:0.000139s ]
INFO: [ view_filter ] --END-- [ RunTime:0.000186s ]
INFO: [ app_end ] --START--
INFO: Run Behavior\ShowPageTrace [ RunTime:0.000436s ]
INFO: [ app_end ] --END-- [ RunTime:0.000484s ]

[ 2018-06-13T09:47:59+08:00 ] 112.97.219.99 /hongdi/db_carorder_system/tp/html/index
INFO: [ app_begin ] --START--
INFO: Run Behavior\ReadHtmlCache [ RunTime:0.000436s ]
INFO: [ app_begin ] --END-- [ RunTime:0.000750s ]
INFO: [ app_end ] --START--
INFO: Run Behavior\ShowPageTrace [ RunTime:0.000448s ]
INFO: [ app_end ] --END-- [ RunTime:0.000504s ]

[ 2018-06-13T09:47:59+08:00 ] 140.207.54.79 /hongdi/db_carorder_system/tp/html/index?signature=88053e26255fbad9fc69da750823774cfc2f4d1f&timestamp=1528854492&nonce=2041129167&openid=o5UzE0wSTH8eTapMxyh7PxPjs08Y
INFO: [ app_begin ] --START--
INFO: Run Behavior\ReadHtmlCache [ RunTime:0.000429s ]
INFO: [ app_begin ] --END-- [ RunTime:0.000760s ]
INFO: [ app_end ] --START--
INFO: Run Behavior\ShowPageTrace [ RunTime:0.000653s ]
INFO: [ app_end ] --END-- [ RunTime:0.000747s ]

[ 2018-06-13T09:48:00+08:00 ] 112.97.219.99 /hongdi/db_carorder_system/tp/html/Index/getUserInfo?code=061Q48IY1rbZF01sCMHY1By9IY1Q48I0&state=1
INFO: [ app_begin ] --START--
INFO: Run Behavior\ReadHtmlCache [ RunTime:0.000396s ]
INFO: [ app_begin ] --END-- [ RunTime:0.000757s ]
NOTIC: [8192] mysql_connect(): The mysql extension is deprecated and will be removed in the future: use mysqli or PDO instead /www/web/yijiangbangtest_wsandos_com/public_html/hongdi/db_carorder_system/tp/ThinkPHP/Library/Think/Db/Driver/Mysql.class.php 第 52 行.
SQL: SHOW COLUMNS FROM `t_user` [ RunTime:0.000778s ]
SQL: SELECT * FROM `t_user` WHERE ( openid like 'o5UzE0wSTH8eTapMxyh7PxPjs08Y'  )  [ RunTime:0.000368s ]

[ 2018-06-13T09:48:00+08:00 ] 112.97.219.99 /hongdi/db_carorder_system/tp/index.php/Html/order/index.html
INFO: [ app_begin ] --START--
INFO: Run Behavior\ReadHtmlCache [ RunTime:0.000398s ]
INFO: [ app_begin ] --END-- [ RunTime:0.000742s ]
NOTIC: [8192] mysql_connect(): The mysql extension is deprecated and will be removed in the future: use mysqli or PDO instead /www/web/yijiangbangtest_wsandos_com/public_html/hongdi/db_carorder_system/tp/ThinkPHP/Library/Think/Db/Driver/Mysql.class.php 第 52 行.
SQL: SHOW COLUMNS FROM `t_oil` [ RunTime:0.000603s ]
SQL: SELECT * FROM `t_oil` WHERE ( father_id="0" )  [ RunTime:0.000120s ]
NOTIC: [8] Array to string conversion /www/web/yijiangbangtest_wsandos_com/public_html/hongdi/db_carorder_system/tp/Application/Html/Controller/OrderController.class.php 第 19 行.
SQL: SHOW COLUMNS FROM `t_user` [ RunTime:0.000470s ]
SQL: SELECT * FROM `t_user` WHERE ( `openid` = 'o5UzE0wSTH8eTapMxyh7PxPjs08Y' )  [ RunTime:0.000296s ]
SQL: SHOW COLUMNS FROM `t_list` [ RunTime:0.000611s ]
SQL: SELECT `oilName` FROM `t_list` WHERE ( `openid` = 'o5UzE0wSTH8eTapMxyh7PxPjs08Y' ) LIMIT 1   [ RunTime:0.000328s ]
SQL: SELECT `father_id` FROM `t_oil` WHERE ( name='二甲苯' ) LIMIT 1   [ RunTime:0.000093s ]
SQL: SELECT `name` FROM `t_oil` WHERE ( id='1' ) LIMIT 1   [ RunTime:0.000088s ]
SQL: SELECT `plate_number` FROM `t_list` WHERE ( `openid` = 'o5UzE0wSTH8eTapMxyh7PxPjs08Y' ) LIMIT 1   [ RunTime:0.000284s ]
INFO: [ view_parse ] --START--
INFO: [ template_filter ] --START--
INFO: Run Behavior\ContentReplace [ RunTime:0.000047s ]
INFO: [ template_filter ] --END-- [ RunTime:0.000099s ]
INFO: Run Behavior\ParseTemplate [ RunTime:0.010589s ]
INFO: [ view_parse ] --END-- [ RunTime:0.010639s ]
INFO: [ view_filter ] --START--
INFO: Run Behavior\WriteHtmlCache [ RunTime:0.000138s ]
INFO: [ view_filter ] --END-- [ RunTime:0.000185s ]
INFO: [ app_end ] --START--
INFO: Run Behavior\ShowPageTrace [ RunTime:0.000445s ]
INFO: [ app_end ] --END-- [ RunTime:0.000494s ]

[ 2018-06-13T09:48:01+08:00 ] 61.151.226.65 /hongdi/db_carorder_system/tp/index.php/Html/List/selectOil?oil=%E4%BA%8C%E7%94%B2%E8%8B%AF
INFO: [ app_begin ] --START--
INFO: Run Behavior\ReadHtmlCache [ RunTime:0.000431s ]
INFO: [ app_begin ] --END-- [ RunTime:0.000746s ]
NOTIC: [8192] mysql_connect(): The mysql extension is deprecated and will be removed in the future: use mysqli or PDO instead /www/web/yijiangbangtest_wsandos_com/public_html/hongdi/db_carorder_system/tp/ThinkPHP/Library/Think/Db/Driver/Mysql.class.php 第 52 行.
SQL: SHOW COLUMNS FROM `t_oil` [ RunTime:0.000583s ]
SQL: SELECT `id` FROM `t_oil` WHERE ( `name` = '二甲苯' ) LIMIT 1   [ RunTime:0.000106s ]
SQL: SHOW COLUMNS FROM `t_list` [ RunTime:0.000620s ]
SQL: SELECT * FROM `t_list` WHERE ( oil_id='2' ) ORDER BY rank asc  [ RunTime:0.000113s ]
SQL: SELECT * FROM `t_oil` WHERE ( father_id="0" )  [ RunTime:0.000096s ]
SQL: SHOW COLUMNS FROM `t_notice` [ RunTime:0.000406s ]
SQL: SELECT * FROM `t_notice` WHERE ( `id` = 1 )  [ RunTime:0.000091s ]
INFO: [ view_parse ] --START--
INFO: [ template_filter ] --START--
INFO: Run Behavior\ContentReplace [ RunTime:0.000049s ]
INFO: [ template_filter ] --END-- [ RunTime:0.000100s ]
INFO: Run Behavior\ParseTemplate [ RunTime:0.009870s ]
INFO: [ view_parse ] --END-- [ RunTime:0.009920s ]
INFO: [ view_filter ] --START--
INFO: Run Behavior\WriteHtmlCache [ RunTime:0.000138s ]
INFO: [ view_filter ] --END-- [ RunTime:0.000186s ]
INFO: [ app_end ] --START--
INFO: Run Behavior\ShowPageTrace [ RunTime:0.000446s ]
INFO: [ app_end ] --END-- [ RunTime:0.000495s ]

[ 2018-06-13T09:48:03+08:00 ] 112.97.219.99 /hongdi/db_carorder_system/tp/index.php/Html/my/page.html
INFO: [ app_begin ] --START--
INFO: Run Behavior\ReadHtmlCache [ RunTime:0.000430s ]
INFO: [ app_begin ] --END-- [ RunTime:0.000733s ]
NOTIC: [8192] mysql_connect(): The mysql extension is deprecated and will be removed in the future: use mysqli or PDO instead /www/web/yijiangbangtest_wsandos_com/public_html/hongdi/db_carorder_system/tp/ThinkPHP/Library/Think/Db/Driver/Mysql.class.php 第 52 行.
SQL: SHOW COLUMNS FROM `t_list` [ RunTime:0.000749s ]
SQL: SELECT * FROM `t_list` WHERE ( `openid` = 'o5UzE0wSTH8eTapMxyh7PxPjs08Y' ) AND ( `rank` <> 0 )  [ RunTime:0.000448s ]
INFO: [ view_parse ] --START--
INFO: [ template_filter ] --START--
INFO: Run Behavior\ContentReplace [ RunTime:0.000044s ]
INFO: [ template_filter ] --END-- [ RunTime:0.000097s ]
INFO: Run Behavior\ParseTemplate [ RunTime:0.009144s ]
INFO: [ view_parse ] --END-- [ RunTime:0.009194s ]
INFO: [ view_filter ] --START--
INFO: Run Behavior\WriteHtmlCache [ RunTime:0.000137s ]
INFO: [ view_filter ] --END-- [ RunTime:0.000183s ]
INFO: [ app_end ] --START--
INFO: Run Behavior\ShowPageTrace [ RunTime:0.000440s ]
INFO: [ app_end ] --END-- [ RunTime:0.000488s ]

[ 2018-06-13T09:48:05+08:00 ] 112.97.219.99 /hongdi/db_carorder_system/tp/index.php/Html/list/index.html
INFO: [ app_begin ] --START--
INFO: Run Behavior\ReadHtmlCache [ RunTime:0.000409s ]
INFO: [ app_begin ] --END-- [ RunTime:0.000815s ]
NOTIC: [8192] mysql_connect(): The mysql extension is deprecated and will be removed in the future: use mysqli or PDO instead /www/web/yijiangbangtest_wsandos_com/public_html/hongdi/db_carorder_system/tp/ThinkPHP/Library/Think/Db/Driver/Mysql.class.php 第 52 行.
SQL: SHOW COLUMNS FROM `t_oil` [ RunTime:0.000596s ]
SQL: SELECT * FROM `t_oil` WHERE ( father_id="0" )  [ RunTime:0.000115s ]
SQL: SHOW COLUMNS FROM `t_notice` [ RunTime:0.000363s ]
SQL: SELECT * FROM `t_notice` WHERE ( `id` = 1 )  [ RunTime:0.000097s ]
INFO: [ view_parse ] --START--
INFO: [ template_filter ] --START--
INFO: Run Behavior\ContentReplace [ RunTime:0.000082s ]
INFO: [ template_filter ] --END-- [ RunTime:0.000137s ]
NOTIC: [8] Undefined variable: list /www/web/yijiangbangtest_wsandos_com/public_html/hongdi/db_carorder_system/tp/Application/Runtime/Cache/Html/7c6bb95ba4acfabd68a82689efbeee3c.php 第 92 行.
INFO: Run Behavior\ParseTemplate [ RunTime:0.009948s ]
INFO: [ view_parse ] --END-- [ RunTime:0.009997s ]
INFO: [ view_filter ] --START--
INFO: Run Behavior\WriteHtmlCache [ RunTime:0.000142s ]
INFO: [ view_filter ] --END-- [ RunTime:0.000190s ]
INFO: [ app_end ] --START--
INFO: Run Behavior\ShowPageTrace [ RunTime:0.000451s ]
INFO: [ app_end ] --END-- [ RunTime:0.000501s ]

[ 2018-06-13T09:48:07+08:00 ] 112.97.219.99 /hongdi/db_carorder_system/tp/index.php/Html/Order/index.html
INFO: [ app_begin ] --START--
INFO: Run Behavior\ReadHtmlCache [ RunTime:0.000433s ]
INFO: [ app_begin ] --END-- [ RunTime:0.000762s ]
NOTIC: [8192] mysql_connect(): The mysql extension is deprecated and will be removed in the future: use mysqli or PDO instead /www/web/yijiangbangtest_wsandos_com/public_html/hongdi/db_carorder_system/tp/ThinkPHP/Library/Think/Db/Driver/Mysql.class.php 第 52 行.
SQL: SHOW COLUMNS FROM `t_oil` [ RunTime:0.000603s ]
SQL: SELECT * FROM `t_oil` WHERE ( father_id="0" )  [ RunTime:0.000117s ]
NOTIC: [8] Array to string conversion /www/web/yijiangbangtest_wsandos_com/public_html/hongdi/db_carorder_system/tp/Application/Html/Controller/OrderController.class.php 第 19 行.
SQL: SHOW COLUMNS FROM `t_user` [ RunTime:0.000433s ]
SQL: SELECT * FROM `t_user` WHERE ( `openid` = 'o5UzE0wSTH8eTapMxyh7PxPjs08Y' )  [ RunTime:0.000109s ]
SQL: SHOW COLUMNS FROM `t_list` [ RunTime:0.000596s ]
SQL: SELECT `oilName` FROM `t_list` WHERE ( `openid` = 'o5UzE0wSTH8eTapMxyh7PxPjs08Y' ) LIMIT 1   [ RunTime:0.000091s ]
SQL: SELECT `father_id` FROM `t_oil` WHERE ( name='二甲苯' ) LIMIT 1   [ RunTime:0.000090s ]
SQL: SELECT `name` FROM `t_oil` WHERE ( id='1' ) LIMIT 1   [ RunTime:0.000085s ]
SQL: SELECT `plate_number` FROM `t_list` WHERE ( `openid` = 'o5UzE0wSTH8eTapMxyh7PxPjs08Y' ) LIMIT 1   [ RunTime:0.000085s ]
INFO: [ view_parse ] --START--
INFO: [ template_filter ] --START--
INFO: Run Behavior\ContentReplace [ RunTime:0.000048s ]
INFO: [ template_filter ] --END-- [ RunTime:0.000105s ]
INFO: Run Behavior\ParseTemplate [ RunTime:0.010508s ]
INFO: [ view_parse ] --END-- [ RunTime:0.010564s ]
INFO: [ view_filter ] --START--
INFO: Run Behavior\WriteHtmlCache [ RunTime:0.000141s ]
INFO: [ view_filter ] --END-- [ RunTime:0.000187s ]
INFO: [ app_end ] --START--
INFO: Run Behavior\ShowPageTrace [ RunTime:0.000450s ]
INFO: [ app_end ] --END-- [ RunTime:0.000502s ]

[ 2018-06-13T09:48:07+08:00 ] 112.97.219.99 /hongdi/db_carorder_system/tp/index.php/Html/my/page.html
INFO: [ app_begin ] --START--
INFO: Run Behavior\ReadHtmlCache [ RunTime:0.000435s ]
INFO: [ app_begin ] --END-- [ RunTime:0.000828s ]
NOTIC: [8192] mysql_connect(): The mysql extension is deprecated and will be removed in the future: use mysqli or PDO instead /www/web/yijiangbangtest_wsandos_com/public_html/hongdi/db_carorder_system/tp/ThinkPHP/Library/Think/Db/Driver/Mysql.class.php 第 52 行.
SQL: SHOW COLUMNS FROM `t_list` [ RunTime:0.000812s ]
SQL: SELECT * FROM `t_list` WHERE ( `openid` = 'o5UzE0wSTH8eTapMxyh7PxPjs08Y' ) AND ( `rank` <> 0 )  [ RunTime:0.000127s ]
INFO: [ view_parse ] --START--
INFO: [ template_filter ] --START--
INFO: Run Behavior\ContentReplace [ RunTime:0.000043s ]
INFO: [ template_filter ] --END-- [ RunTime:0.000097s ]
INFO: Run Behavior\ParseTemplate [ RunTime:0.008992s ]
INFO: [ view_parse ] --END-- [ RunTime:0.009041s ]
INFO: [ view_filter ] --START--
INFO: Run Behavior\WriteHtmlCache [ RunTime:0.000140s ]
INFO: [ view_filter ] --END-- [ RunTime:0.000186s ]
INFO: [ app_end ] --START--
INFO: Run Behavior\ShowPageTrace [ RunTime:0.000448s ]
INFO: [ app_end ] --END-- [ RunTime:0.000496s ]

[ 2018-06-13T09:48:09+08:00 ] 112.97.219.99 /hongdi/db_carorder_system/tp/index.php/Html/order/index.html
INFO: [ app_begin ] --START--
INFO: Run Behavior\ReadHtmlCache [ RunTime:0.000396s ]
INFO: [ app_begin ] --END-- [ RunTime:0.000747s ]
NOTIC: [8192] mysql_connect(): The mysql extension is deprecated and will be removed in the future: use mysqli or PDO instead /www/web/yijiangbangtest_wsandos_com/public_html/hongdi/db_carorder_system/tp/ThinkPHP/Library/Think/Db/Driver/Mysql.class.php 第 52 行.
SQL: SHOW COLUMNS FROM `t_oil` [ RunTime:0.000616s ]
SQL: SELECT * FROM `t_oil` WHERE ( father_id="0" )  [ RunTime:0.000119s ]
NOTIC: [8] Array to string conversion /www/web/yijiangbangtest_wsandos_com/public_html/hongdi/db_carorder_system/tp/Application/Html/Controller/OrderController.class.php 第 19 行.
SQL: SHOW COLUMNS FROM `t_user` [ RunTime:0.000441s ]
SQL: SELECT * FROM `t_user` WHERE ( `openid` = 'o5UzE0wSTH8eTapMxyh7PxPjs08Y' )  [ RunTime:0.000112s ]
SQL: SHOW COLUMNS FROM `t_list` [ RunTime:0.000611s ]
SQL: SELECT `oilName` FROM `t_list` WHERE ( `openid` = 'o5UzE0wSTH8eTapMxyh7PxPjs08Y' ) LIMIT 1   [ RunTime:0.000092s ]
SQL: SELECT `father_id` FROM `t_oil` WHERE ( name='二甲苯' ) LIMIT 1   [ RunTime:0.000091s ]
SQL: SELECT `name` FROM `t_oil` WHERE ( id='1' ) LIMIT 1   [ RunTime:0.000089s ]
SQL: SELECT `plate_number` FROM `t_list` WHERE ( `openid` = 'o5UzE0wSTH8eTapMxyh7PxPjs08Y' ) LIMIT 1   [ RunTime:0.000116s ]
INFO: [ view_parse ] --START--
INFO: [ template_filter ] --START--
INFO: Run Behavior\ContentReplace [ RunTime:0.000054s ]
INFO: [ template_filter ] --END-- [ RunTime:0.000122s ]
INFO: Run Behavior\ParseTemplate [ RunTime:0.010728s ]
INFO: [ view_parse ] --END-- [ RunTime:0.010811s ]
INFO: [ view_filter ] --START--
INFO: Run Behavior\WriteHtmlCache [ RunTime:0.000160s ]
INFO: [ view_filter ] --END-- [ RunTime:0.000207s ]
INFO: [ app_end ] --START--
INFO: Run Behavior\ShowPageTrace [ RunTime:0.000492s ]
INFO: [ app_end ] --END-- [ RunTime:0.000559s ]

[ 2018-06-13T09:48:10+08:00 ] 112.97.219.99 /hongdi/db_carorder_system/tp/index.php/Html/list/index.html
INFO: [ app_begin ] --START--
INFO: Run Behavior\ReadHtmlCache [ RunTime:0.000428s ]
INFO: [ app_begin ] --END-- [ RunTime:0.000743s ]
NOTIC: [8192] mysql_connect(): The mysql extension is deprecated and will be removed in the future: use mysqli or PDO instead /www/web/yijiangbangtest_wsandos_com/public_html/hongdi/db_carorder_system/tp/ThinkPHP/Library/Think/Db/Driver/Mysql.class.php 第 52 行.
SQL: SHOW COLUMNS FROM `t_oil` [ RunTime:0.000599s ]
SQL: SELECT * FROM `t_oil` WHERE ( father_id="0" )  [ RunTime:0.000118s ]
SQL: SHOW COLUMNS FROM `t_notice` [ RunTime:0.000365s ]
SQL: SELECT * FROM `t_notice` WHERE ( `id` = 1 )  [ RunTime:0.000124s ]
INFO: [ view_parse ] --START--
INFO: [ template_filter ] --START--
INFO: Run Behavior\ContentReplace [ RunTime:0.000049s ]
INFO: [ template_filter ] --END-- [ RunTime:0.000103s ]
NOTIC: [8] Undefined variable: list /www/web/yijiangbangtest_wsandos_com/public_html/hongdi/db_carorder_system/tp/Application/Runtime/Cache/Html/7c6bb95ba4acfabd68a82689efbeee3c.php 第 92 行.
INFO: Run Behavior\ParseTemplate [ RunTime:0.009990s ]
INFO: [ view_parse ] --END-- [ RunTime:0.010039s ]
INFO: [ view_filter ] --START--
INFO: Run Behavior\WriteHtmlCache [ RunTime:0.000140s ]
INFO: [ view_filter ] --END-- [ RunTime:0.000189s ]
INFO: [ app_end ] --START--
INFO: Run Behavior\ShowPageTrace [ RunTime:0.000411s ]
INFO: [ app_end ] --END-- [ RunTime:0.000459s ]

[ 2018-06-13T09:48:12+08:00 ] 112.97.219.99 /hongdi/db_carorder_system/tp/index.php/Html/my/page.html
INFO: [ app_begin ] --START--
INFO: Run Behavior\ReadHtmlCache [ RunTime:0.000393s ]
INFO: [ app_begin ] --END-- [ RunTime:0.000710s ]
NOTIC: [8192] mysql_connect(): The mysql extension is deprecated and will be removed in the future: use mysqli or PDO instead /www/web/yijiangbangtest_wsandos_com/public_html/hongdi/db_carorder_system/tp/ThinkPHP/Library/Think/Db/Driver/Mysql.class.php 第 52 行.
SQL: SHOW COLUMNS FROM `t_list` [ RunTime:0.000861s ]
SQL: SELECT * FROM `t_list` WHERE ( `openid` = 'o5UzE0wSTH8eTapMxyh7PxPjs08Y' ) AND ( `rank` <> 0 )  [ RunTime:0.000127s ]
INFO: [ view_parse ] --START--
INFO: [ template_filter ] --START--
INFO: Run Behavior\ContentReplace [ RunTime:0.000045s ]
INFO: [ template_filter ] --END-- [ RunTime:0.000101s ]
INFO: Run Behavior\ParseTemplate [ RunTime:0.009843s ]
INFO: [ view_parse ] --END-- [ RunTime:0.009895s ]
INFO: [ view_filter ] --START--
INFO: Run Behavior\WriteHtmlCache [ RunTime:0.000144s ]
INFO: [ view_filter ] --END-- [ RunTime:0.000191s ]
INFO: [ app_end ] --START--
INFO: Run Behavior\ShowPageTrace [ RunTime:0.000466s ]
INFO: [ app_end ] --END-- [ RunTime:0.000516s ]

[ 2018-06-13T18:40:51+08:00 ] 47.97.120.5 /hongdi/db_carorder_system/tp/html/Index/getUserInfo?code=061Q48IY1rbZF01sCMHY1By9IY1Q48I0&state=1
INFO: [ app_begin ] --START--
INFO: Run Behavior\ReadHtmlCache [ RunTime:0.002832s ]
INFO: [ app_begin ] --END-- [ RunTime:0.007572s ]
NOTIC: [8] Undefined index: access_token /www/web/yijiangbangtest_wsandos_com/public_html/hongdi/db_carorder_system/tp/Application/Html/Controller/IndexController.class.php 第 32 行.
NOTIC: [8] Undefined index: openid /www/web/yijiangbangtest_wsandos_com/public_html/hongdi/db_carorder_system/tp/Application/Html/Controller/IndexController.class.php 第 33 行.
NOTIC: [8] Undefined index: openid /www/web/yijiangbangtest_wsandos_com/public_html/hongdi/db_carorder_system/tp/Application/Html/Controller/IndexController.class.php 第 36 行.
NOTIC: [8192] mysql_connect(): The mysql extension is deprecated and will be removed in the future: use mysqli or PDO instead /www/web/yijiangbangtest_wsandos_com/public_html/hongdi/db_carorder_system/tp/ThinkPHP/Library/Think/Db/Driver/Mysql.class.php 第 52 行.
SQL: SHOW COLUMNS FROM `t_user` [ RunTime:0.038532s ]
NOTIC: [8] Undefined index: openid /www/web/yijiangbangtest_wsandos_com/public_html/hongdi/db_carorder_system/tp/Application/Html/Controller/IndexController.class.php 第 40 行.
SQL: SELECT * FROM `t_user` WHERE ( openid like ''  )  [ RunTime:0.000332s ]

[ 2018-06-13T18:40:51+08:00 ] 47.97.120.5 /hongdi/db_carorder_system/tp/index.php/Html/order/index.html
INFO: [ app_begin ] --START--
INFO: Run Behavior\ReadHtmlCache [ RunTime:0.000386s ]
INFO: [ app_begin ] --END-- [ RunTime:0.000690s ]
NOTIC: [8192] mysql_connect(): The mysql extension is deprecated and will be removed in the future: use mysqli or PDO instead /www/web/yijiangbangtest_wsandos_com/public_html/hongdi/db_carorder_system/tp/ThinkPHP/Library/Think/Db/Driver/Mysql.class.php 第 52 行.
SQL: SHOW COLUMNS FROM `t_oil` [ RunTime:0.008518s ]
SQL: SELECT * FROM `t_oil` WHERE ( father_id="0" )  [ RunTime:0.000244s ]
NOTIC: [8] Array to string conversion /www/web/yijiangbangtest_wsandos_com/public_html/hongdi/db_carorder_system/tp/Application/Html/Controller/OrderController.class.php 第 19 行.
SQL: SHOW COLUMNS FROM `t_user` [ RunTime:0.000442s ]
NOTIC: [8] Undefined index: openid /www/web/yijiangbangtest_wsandos_com/public_html/hongdi/db_carorder_system/tp/Application/Html/Controller/OrderController.class.php 第 22 行.
SQL: SELECT * FROM `t_user` WHERE ( `openid` = null )  [ RunTime:0.000207s ]
SQL: SHOW COLUMNS FROM `t_list` [ RunTime:0.099680s ]
SQL: SELECT `oilName` FROM `t_list` WHERE ( `openid` = null ) LIMIT 1   [ RunTime:0.000317s ]
SQL: SELECT `father_id` FROM `t_oil` WHERE ( name='' ) LIMIT 1   [ RunTime:0.000199s ]
SQL: SELECT `name` FROM `t_oil` WHERE ( id='' ) LIMIT 1   [ RunTime:0.000161s ]
SQL: SELECT `plate_number` FROM `t_list` WHERE ( `openid` = null ) LIMIT 1   [ RunTime:0.000265s ]
INFO: [ view_parse ] --START--
INFO: [ template_filter ] --START--
INFO: Run Behavior\ContentReplace [ RunTime:0.000052s ]
INFO: [ template_filter ] --END-- [ RunTime:0.000106s ]
INFO: Run Behavior\ParseTemplate [ RunTime:0.071202s ]
INFO: [ view_parse ] --END-- [ RunTime:0.071259s ]
INFO: [ view_filter ] --START--
INFO: Run Behavior\WriteHtmlCache [ RunTime:0.003630s ]
INFO: [ view_filter ] --END-- [ RunTime:0.003679s ]
INFO: [ app_end ] --START--
INFO: Run Behavior\ShowPageTrace [ RunTime:0.010507s ]
INFO: [ app_end ] --END-- [ RunTime:0.010557s ]

