[ 2018-05-03T21:31:57+08:00 ] 127.0.0.1 /
INFO: [ app_begin ] --START--
INFO: Run Behavior\ReadHtmlCache [ RunTime:0.001000s ]
INFO: [ app_begin ] --END-- [ RunTime:0.002000s ]
INFO: [ view_parse ] --START--
INFO: [ template_filter ] --START--
INFO: Run Behavior\ContentReplace [ RunTime:0.000000s ]
INFO: [ template_filter ] --END-- [ RunTime:0.000000s ]
INFO: Run Behavior\ParseTemplate [ RunTime:0.064003s ]
INFO: [ view_parse ] --END-- [ RunTime:0.064003s ]
INFO: [ view_filter ] --START--
INFO: Run Behavior\WriteHtmlCache [ RunTime:0.002000s ]
INFO: [ view_filter ] --END-- [ RunTime:0.002000s ]
INFO: [ app_end ] --START--
INFO: Run Behavior\ShowPageTrace [ RunTime:0.008001s ]
INFO: [ app_end ] --END-- [ RunTime:0.008001s ]

[ 2018-05-03T21:31:59+08:00 ] 127.0.0.1 /
INFO: [ app_begin ] --START--
INFO: Run Behavior\ReadHtmlCache [ RunTime:0.001001s ]
INFO: [ app_begin ] --END-- [ RunTime:0.001001s ]
INFO: [ view_parse ] --START--
INFO: [ template_filter ] --START--
INFO: Run Behavior\ContentReplace [ RunTime:0.000000s ]
INFO: [ template_filter ] --END-- [ RunTime:0.000000s ]
INFO: Run Behavior\ParseTemplate [ RunTime:0.007000s ]
INFO: [ view_parse ] --END-- [ RunTime:0.007000s ]
INFO: [ view_filter ] --START--
INFO: Run Behavior\WriteHtmlCache [ RunTime:0.000000s ]
INFO: [ view_filter ] --END-- [ RunTime:0.000000s ]
INFO: [ app_end ] --START--
INFO: Run Behavior\ShowPageTrace [ RunTime:0.001000s ]
INFO: [ app_end ] --END-- [ RunTime:0.001000s ]

[ 2018-05-03T21:34:10+08:00 ] 127.0.0.1 /index.php?c=login&a=check
INFO: [ app_begin ] --START--
INFO: Run Behavior\ReadHtmlCache [ RunTime:0.001000s ]
INFO: [ app_begin ] --END-- [ RunTime:0.001000s ]
SQL: SHOW COLUMNS FROM `t_admin` [ RunTime:0.043002s ]
SQL: SELECT * FROM `t_admin` WHERE ( username='hongdi' ) LIMIT 1   [ RunTime:0.000000s ]

[ 2018-05-03T21:34:11+08:00 ] 127.0.0.1 /index.php?c=admin&a=index
INFO: [ app_begin ] --START--
INFO: Run Behavior\ReadHtmlCache [ RunTime:0.000000s ]
INFO: [ app_begin ] --END-- [ RunTime:0.000000s ]
INFO: [ view_parse ] --START--
INFO: [ template_filter ] --START--
INFO: Run Behavior\ContentReplace [ RunTime:0.000000s ]
INFO: [ template_filter ] --END-- [ RunTime:0.000000s ]
INFO: Run Behavior\ParseTemplate [ RunTime:0.005000s ]
INFO: [ view_parse ] --END-- [ RunTime:0.006000s ]
INFO: [ view_filter ] --START--
INFO: Run Behavior\WriteHtmlCache [ RunTime:0.000000s ]
INFO: [ view_filter ] --END-- [ RunTime:0.000000s ]
INFO: [ app_end ] --START--
INFO: Run Behavior\ShowPageTrace [ RunTime:0.001000s ]
INFO: [ app_end ] --END-- [ RunTime:0.001000s ]

[ 2018-05-03T21:34:13+08:00 ] 127.0.0.1 /index.php?c=car&a=index
INFO: [ app_begin ] --START--
INFO: Run Behavior\ReadHtmlCache [ RunTime:0.001000s ]
INFO: [ app_begin ] --END-- [ RunTime:0.001000s ]
SQL: SHOW COLUMNS FROM `t_car` [ RunTime:0.030001s ]
SQL: SELECT * FROM `t_car`  [ RunTime:0.000000s ]
INFO: [ view_parse ] --START--
INFO: [ template_filter ] --START--
INFO: Run Behavior\ContentReplace [ RunTime:0.000000s ]
INFO: [ template_filter ] --END-- [ RunTime:0.000000s ]
INFO: Run Behavior\ParseTemplate [ RunTime:0.010001s ]
INFO: [ view_parse ] --END-- [ RunTime:0.010001s ]
INFO: [ view_filter ] --START--
INFO: Run Behavior\WriteHtmlCache [ RunTime:0.001000s ]
INFO: [ view_filter ] --END-- [ RunTime:0.001000s ]
INFO: [ app_end ] --START--
INFO: Run Behavior\ShowPageTrace [ RunTime:0.000000s ]
INFO: [ app_end ] --END-- [ RunTime:0.000000s ]

[ 2018-05-03T21:34:15+08:00 ] 127.0.0.1 /index.php?c=admin&a=index
INFO: [ app_begin ] --START--
INFO: Run Behavior\ReadHtmlCache [ RunTime:0.001000s ]
INFO: [ app_begin ] --END-- [ RunTime:0.001000s ]
INFO: [ view_parse ] --START--
INFO: [ template_filter ] --START--
INFO: Run Behavior\ContentReplace [ RunTime:0.000000s ]
INFO: [ template_filter ] --END-- [ RunTime:0.000000s ]
INFO: Run Behavior\ParseTemplate [ RunTime:0.004000s ]
INFO: [ view_parse ] --END-- [ RunTime:0.004000s ]
INFO: [ view_filter ] --START--
INFO: Run Behavior\WriteHtmlCache [ RunTime:0.001000s ]
INFO: [ view_filter ] --END-- [ RunTime:0.001000s ]
INFO: [ app_end ] --START--
INFO: Run Behavior\ShowPageTrace [ RunTime:0.000000s ]
INFO: [ app_end ] --END-- [ RunTime:0.000000s ]

[ 2018-05-03T21:35:20+08:00 ] 127.0.0.1 /index.php?c=car&a=index
INFO: [ app_begin ] --START--
INFO: Run Behavior\ReadHtmlCache [ RunTime:0.001000s ]
INFO: [ app_begin ] --END-- [ RunTime:0.001000s ]
SQL: SHOW COLUMNS FROM `t_car` [ RunTime:0.003000s ]
SQL: SELECT * FROM `t_car`  [ RunTime:0.001000s ]
INFO: [ view_parse ] --START--
INFO: [ template_filter ] --START--
INFO: Run Behavior\ContentReplace [ RunTime:0.000000s ]
INFO: [ template_filter ] --END-- [ RunTime:0.000000s ]
INFO: Run Behavior\ParseTemplate [ RunTime:0.006000s ]
INFO: [ view_parse ] --END-- [ RunTime:0.006000s ]
INFO: [ view_filter ] --START--
INFO: Run Behavior\WriteHtmlCache [ RunTime:0.000000s ]
INFO: [ view_filter ] --END-- [ RunTime:0.000000s ]
INFO: [ app_end ] --START--
INFO: Run Behavior\ShowPageTrace [ RunTime:0.001000s ]
INFO: [ app_end ] --END-- [ RunTime:0.001000s ]

[ 2018-05-03T21:35:51+08:00 ] 127.0.0.1 /index.php?c=car&a=index
INFO: [ app_begin ] --START--
INFO: Run Behavior\ReadHtmlCache [ RunTime:0.001000s ]
INFO: [ app_begin ] --END-- [ RunTime:0.001000s ]
SQL: SHOW COLUMNS FROM `t_car` [ RunTime:0.003000s ]
SQL: SELECT * FROM `t_car`  [ RunTime:0.001000s ]
INFO: [ view_parse ] --START--
INFO: [ template_filter ] --START--
INFO: Run Behavior\ContentReplace [ RunTime:0.000000s ]
INFO: [ template_filter ] --END-- [ RunTime:0.000000s ]
INFO: Run Behavior\ParseTemplate [ RunTime:0.006000s ]
INFO: [ view_parse ] --END-- [ RunTime:0.006000s ]
INFO: [ view_filter ] --START--
INFO: Run Behavior\WriteHtmlCache [ RunTime:0.000000s ]
INFO: [ view_filter ] --END-- [ RunTime:0.000000s ]
INFO: [ app_end ] --START--
INFO: Run Behavior\ShowPageTrace [ RunTime:0.001000s ]
INFO: [ app_end ] --END-- [ RunTime:0.001000s ]

[ 2018-05-03T21:35:53+08:00 ] 127.0.0.1 /index.php?c=car&a=index
INFO: [ app_begin ] --START--
INFO: Run Behavior\ReadHtmlCache [ RunTime:0.000000s ]
INFO: [ app_begin ] --END-- [ RunTime:0.000000s ]
SQL: SHOW COLUMNS FROM `t_car` [ RunTime:0.003000s ]
SQL: SELECT * FROM `t_car`  [ RunTime:0.000000s ]
INFO: [ view_parse ] --START--
INFO: [ template_filter ] --START--
INFO: Run Behavior\ContentReplace [ RunTime:0.000000s ]
INFO: [ template_filter ] --END-- [ RunTime:0.000000s ]
INFO: Run Behavior\ParseTemplate [ RunTime:0.006001s ]
INFO: [ view_parse ] --END-- [ RunTime:0.006001s ]
INFO: [ view_filter ] --START--
INFO: Run Behavior\WriteHtmlCache [ RunTime:0.000000s ]
INFO: [ view_filter ] --END-- [ RunTime:0.000000s ]
INFO: [ app_end ] --START--
INFO: Run Behavior\ShowPageTrace [ RunTime:0.001000s ]
INFO: [ app_end ] --END-- [ RunTime:0.001000s ]

[ 2018-05-03T21:36:03+08:00 ] 127.0.0.1 /index.php?c=car&a=index
INFO: [ app_begin ] --START--
INFO: Run Behavior\ReadHtmlCache [ RunTime:0.000000s ]
INFO: [ app_begin ] --END-- [ RunTime:0.000000s ]
SQL: SHOW COLUMNS FROM `t_car` [ RunTime:0.003000s ]
SQL: SELECT * FROM `t_car`  [ RunTime:0.000000s ]
INFO: [ view_parse ] --START--
INFO: [ template_filter ] --START--
INFO: Run Behavior\ContentReplace [ RunTime:0.000000s ]
INFO: [ template_filter ] --END-- [ RunTime:0.000000s ]
INFO: Run Behavior\ParseTemplate [ RunTime:0.006000s ]
INFO: [ view_parse ] --END-- [ RunTime:0.006000s ]
INFO: [ view_filter ] --START--
INFO: Run Behavior\WriteHtmlCache [ RunTime:0.000000s ]
INFO: [ view_filter ] --END-- [ RunTime:0.000000s ]
INFO: [ app_end ] --START--
INFO: Run Behavior\ShowPageTrace [ RunTime:0.001000s ]
INFO: [ app_end ] --END-- [ RunTime:0.001000s ]

[ 2018-05-03T21:36:12+08:00 ] 127.0.0.1 /index.php?c=admin&a=index
INFO: [ app_begin ] --START--
INFO: Run Behavior\ReadHtmlCache [ RunTime:0.001000s ]
INFO: [ app_begin ] --END-- [ RunTime:0.001000s ]
INFO: [ view_parse ] --START--
INFO: [ template_filter ] --START--
INFO: Run Behavior\ContentReplace [ RunTime:0.000000s ]
INFO: [ template_filter ] --END-- [ RunTime:0.000000s ]
INFO: Run Behavior\ParseTemplate [ RunTime:0.005000s ]
INFO: [ view_parse ] --END-- [ RunTime:0.005000s ]
INFO: [ view_filter ] --START--
INFO: Run Behavior\WriteHtmlCache [ RunTime:0.001000s ]
INFO: [ view_filter ] --END-- [ RunTime:0.001000s ]
INFO: [ app_end ] --START--
INFO: Run Behavior\ShowPageTrace [ RunTime:0.000000s ]
INFO: [ app_end ] --END-- [ RunTime:0.001000s ]

[ 2018-05-03T21:36:14+08:00 ] 127.0.0.1 /index.php?c=car&a=index
INFO: [ app_begin ] --START--
INFO: Run Behavior\ReadHtmlCache [ RunTime:0.000000s ]
INFO: [ app_begin ] --END-- [ RunTime:0.000000s ]
SQL: SHOW COLUMNS FROM `t_car` [ RunTime:0.003000s ]
SQL: SELECT * FROM `t_car`  [ RunTime:0.000000s ]
INFO: [ view_parse ] --START--
INFO: [ template_filter ] --START--
INFO: Run Behavior\ContentReplace [ RunTime:0.000000s ]
INFO: [ template_filter ] --END-- [ RunTime:0.000000s ]
INFO: Run Behavior\ParseTemplate [ RunTime:0.006000s ]
INFO: [ view_parse ] --END-- [ RunTime:0.006000s ]
INFO: [ view_filter ] --START--
INFO: Run Behavior\WriteHtmlCache [ RunTime:0.000000s ]
INFO: [ view_filter ] --END-- [ RunTime:0.000000s ]
INFO: [ app_end ] --START--
INFO: Run Behavior\ShowPageTrace [ RunTime:0.001000s ]
INFO: [ app_end ] --END-- [ RunTime:0.001000s ]

[ 2018-05-03T21:36:15+08:00 ] 127.0.0.1 /index.php?c=admin&a=index
INFO: [ app_begin ] --START--
INFO: Run Behavior\ReadHtmlCache [ RunTime:0.000000s ]
INFO: [ app_begin ] --END-- [ RunTime:0.000000s ]
INFO: [ view_parse ] --START--
INFO: [ template_filter ] --START--
INFO: Run Behavior\ContentReplace [ RunTime:0.000000s ]
INFO: [ template_filter ] --END-- [ RunTime:0.000000s ]
INFO: Run Behavior\ParseTemplate [ RunTime:0.005000s ]
INFO: [ view_parse ] --END-- [ RunTime:0.005000s ]
INFO: [ view_filter ] --START--
INFO: Run Behavior\WriteHtmlCache [ RunTime:0.000000s ]
INFO: [ view_filter ] --END-- [ RunTime:0.000000s ]
INFO: [ app_end ] --START--
INFO: Run Behavior\ShowPageTrace [ RunTime:0.001000s ]
INFO: [ app_end ] --END-- [ RunTime:0.001000s ]

[ 2018-05-03T21:36:17+08:00 ] 127.0.0.1 /index.php?c=car&a=index
INFO: [ app_begin ] --START--
INFO: Run Behavior\ReadHtmlCache [ RunTime:0.001000s ]
INFO: [ app_begin ] --END-- [ RunTime:0.001000s ]
SQL: SHOW COLUMNS FROM `t_car` [ RunTime:0.003001s ]
SQL: SELECT * FROM `t_car`  [ RunTime:0.001000s ]
INFO: [ view_parse ] --START--
INFO: [ template_filter ] --START--
INFO: Run Behavior\ContentReplace [ RunTime:0.000000s ]
INFO: [ template_filter ] --END-- [ RunTime:0.000000s ]
INFO: Run Behavior\ParseTemplate [ RunTime:0.006000s ]
INFO: [ view_parse ] --END-- [ RunTime:0.006000s ]
INFO: [ view_filter ] --START--
INFO: Run Behavior\WriteHtmlCache [ RunTime:0.000000s ]
INFO: [ view_filter ] --END-- [ RunTime:0.000000s ]
INFO: [ app_end ] --START--
INFO: Run Behavior\ShowPageTrace [ RunTime:0.000000s ]
INFO: [ app_end ] --END-- [ RunTime:0.000000s ]

[ 2018-05-03T21:37:48+08:00 ] 127.0.0.1 /index.php?c=car&a=index
INFO: [ app_begin ] --START--
INFO: Run Behavior\ReadHtmlCache [ RunTime:0.001000s ]
INFO: [ app_begin ] --END-- [ RunTime:0.001000s ]
SQL: SHOW COLUMNS FROM `t_car` [ RunTime:0.004001s ]
SQL: SELECT * FROM `t_car`  [ RunTime:0.000000s ]
INFO: [ view_parse ] --START--

[ 2018-05-03T21:37:57+08:00 ] 127.0.0.1 /index.php?c=car&a=index
INFO: [ app_begin ] --START--
INFO: Run Behavior\ReadHtmlCache [ RunTime:0.000000s ]
INFO: [ app_begin ] --END-- [ RunTime:0.001000s ]
SQL: SHOW COLUMNS FROM `t_car` [ RunTime:0.003001s ]
SQL: SELECT * FROM `t_car`  [ RunTime:0.001000s ]
INFO: [ view_parse ] --START--
NOTIC: [2] file_get_contents(./Application/Home/View/admin/header.html): failed to open stream: No such file or directory D:\phpStudy\WWW\db_car_system-master\tp\ThinkPHP\Library\Think\Template.class.php 第 696 行.
INFO: [ template_filter ] --START--
INFO: Run Behavior\ContentReplace [ RunTime:0.000000s ]
INFO: [ template_filter ] --END-- [ RunTime:0.000000s ]
INFO: Run Behavior\ParseTemplate [ RunTime:0.006000s ]
INFO: [ view_parse ] --END-- [ RunTime:0.006000s ]
INFO: [ view_filter ] --START--
INFO: Run Behavior\WriteHtmlCache [ RunTime:0.000000s ]
INFO: [ view_filter ] --END-- [ RunTime:0.000000s ]
INFO: [ app_end ] --START--
INFO: Run Behavior\ShowPageTrace [ RunTime:0.000000s ]
INFO: [ app_end ] --END-- [ RunTime:0.001000s ]

[ 2018-05-03T21:38:01+08:00 ] 127.0.0.1 /index.php?c=car&a=index
INFO: [ app_begin ] --START--
INFO: Run Behavior\ReadHtmlCache [ RunTime:0.000000s ]
INFO: [ app_begin ] --END-- [ RunTime:0.000000s ]
SQL: SHOW COLUMNS FROM `t_car` [ RunTime:0.003000s ]
SQL: SELECT * FROM `t_car`  [ RunTime:0.000000s ]
INFO: [ view_parse ] --START--
NOTIC: [2] file_get_contents(./Application/Home/View/admin/header.html): failed to open stream: No such file or directory D:\phpStudy\WWW\db_car_system-master\tp\ThinkPHP\Library\Think\Template.class.php 第 696 行.
INFO: [ template_filter ] --START--
INFO: Run Behavior\ContentReplace [ RunTime:0.000000s ]
INFO: [ template_filter ] --END-- [ RunTime:0.000000s ]
INFO: Run Behavior\ParseTemplate [ RunTime:0.006000s ]
INFO: [ view_parse ] --END-- [ RunTime:0.006000s ]
INFO: [ view_filter ] --START--
INFO: Run Behavior\WriteHtmlCache [ RunTime:0.000000s ]
INFO: [ view_filter ] --END-- [ RunTime:0.000000s ]
INFO: [ app_end ] --START--
INFO: Run Behavior\ShowPageTrace [ RunTime:0.001000s ]
INFO: [ app_end ] --END-- [ RunTime:0.001000s ]

[ 2018-05-03T21:38:09+08:00 ] 127.0.0.1 /index.php?c=car&a=index
INFO: [ app_begin ] --START--
INFO: Run Behavior\ReadHtmlCache [ RunTime:0.000000s ]
INFO: [ app_begin ] --END-- [ RunTime:0.000000s ]
SQL: SHOW COLUMNS FROM `t_car` [ RunTime:0.003001s ]
SQL: SELECT * FROM `t_car`  [ RunTime:0.000000s ]
INFO: [ view_parse ] --START--
INFO: [ template_filter ] --START--
INFO: Run Behavior\ContentReplace [ RunTime:0.000000s ]
INFO: [ template_filter ] --END-- [ RunTime:0.000000s ]
INFO: Run Behavior\ParseTemplate [ RunTime:0.006000s ]
INFO: [ view_parse ] --END-- [ RunTime:0.006000s ]
INFO: [ view_filter ] --START--
INFO: Run Behavior\WriteHtmlCache [ RunTime:0.001000s ]
INFO: [ view_filter ] --END-- [ RunTime:0.001000s ]
INFO: [ app_end ] --START--
INFO: Run Behavior\ShowPageTrace [ RunTime:0.000000s ]
INFO: [ app_end ] --END-- [ RunTime:0.000000s ]

[ 2018-05-03T21:39:15+08:00 ] 127.0.0.1 /index.php?c=car&a=index
INFO: [ app_begin ] --START--
INFO: Run Behavior\ReadHtmlCache [ RunTime:0.001000s ]
INFO: [ app_begin ] --END-- [ RunTime:0.001000s ]
SQL: SHOW COLUMNS FROM `t_car` [ RunTime:0.003000s ]
SQL: SELECT * FROM `t_car`  [ RunTime:0.001001s ]
INFO: [ view_parse ] --START--
INFO: [ template_filter ] --START--
INFO: Run Behavior\ContentReplace [ RunTime:0.000000s ]
INFO: [ template_filter ] --END-- [ RunTime:0.000000s ]
INFO: Run Behavior\ParseTemplate [ RunTime:0.007000s ]
INFO: [ view_parse ] --END-- [ RunTime:0.007000s ]
INFO: [ view_filter ] --START--
INFO: Run Behavior\WriteHtmlCache [ RunTime:0.000000s ]
INFO: [ view_filter ] --END-- [ RunTime:0.000000s ]
INFO: [ app_end ] --START--
INFO: Run Behavior\ShowPageTrace [ RunTime:0.001000s ]
INFO: [ app_end ] --END-- [ RunTime:0.001000s ]

[ 2018-05-03T21:39:19+08:00 ] 127.0.0.1 /index.php?c=car&a=index
INFO: [ app_begin ] --START--
INFO: Run Behavior\ReadHtmlCache [ RunTime:0.000000s ]
INFO: [ app_begin ] --END-- [ RunTime:0.000000s ]
SQL: SHOW COLUMNS FROM `t_car` [ RunTime:0.004000s ]
SQL: SELECT * FROM `t_car`  [ RunTime:0.000000s ]
INFO: [ view_parse ] --START--
INFO: [ template_filter ] --START--
INFO: Run Behavior\ContentReplace [ RunTime:0.001000s ]
INFO: [ template_filter ] --END-- [ RunTime:0.001000s ]
INFO: Run Behavior\ParseTemplate [ RunTime:0.006001s ]
INFO: [ view_parse ] --END-- [ RunTime:0.007001s ]
INFO: [ view_filter ] --START--
INFO: Run Behavior\WriteHtmlCache [ RunTime:0.000000s ]
INFO: [ view_filter ] --END-- [ RunTime:0.000000s ]
INFO: [ app_end ] --START--
INFO: Run Behavior\ShowPageTrace [ RunTime:0.000000s ]
INFO: [ app_end ] --END-- [ RunTime:0.000000s ]

[ 2018-05-03T21:39:20+08:00 ] 127.0.0.1 /index.php?c=admin&a=index
INFO: [ app_begin ] --START--
INFO: Run Behavior\ReadHtmlCache [ RunTime:0.000000s ]
INFO: [ app_begin ] --END-- [ RunTime:0.000000s ]
INFO: [ view_parse ] --START--
INFO: [ template_filter ] --START--
INFO: Run Behavior\ContentReplace [ RunTime:0.000000s ]
INFO: [ template_filter ] --END-- [ RunTime:0.000000s ]
INFO: Run Behavior\ParseTemplate [ RunTime:0.005000s ]
INFO: [ view_parse ] --END-- [ RunTime:0.005000s ]
INFO: [ view_filter ] --START--
INFO: Run Behavior\WriteHtmlCache [ RunTime:0.000000s ]
INFO: [ view_filter ] --END-- [ RunTime:0.000000s ]
INFO: [ app_end ] --START--
INFO: Run Behavior\ShowPageTrace [ RunTime:0.000000s ]
INFO: [ app_end ] --END-- [ RunTime:0.000000s ]

[ 2018-05-03T21:39:21+08:00 ] 127.0.0.1 /index.php?c=car&a=index
INFO: [ app_begin ] --START--
INFO: Run Behavior\ReadHtmlCache [ RunTime:0.001000s ]
INFO: [ app_begin ] --END-- [ RunTime:0.001000s ]
SQL: SHOW COLUMNS FROM `t_car` [ RunTime:0.003000s ]
SQL: SELECT * FROM `t_car`  [ RunTime:0.001000s ]
INFO: [ view_parse ] --START--
INFO: [ template_filter ] --START--
INFO: Run Behavior\ContentReplace [ RunTime:0.000000s ]
INFO: [ template_filter ] --END-- [ RunTime:0.000000s ]
INFO: Run Behavior\ParseTemplate [ RunTime:0.006001s ]
INFO: [ view_parse ] --END-- [ RunTime:0.006001s ]
INFO: [ view_filter ] --START--
INFO: Run Behavior\WriteHtmlCache [ RunTime:0.000000s ]
INFO: [ view_filter ] --END-- [ RunTime:0.000000s ]
INFO: [ app_end ] --START--
INFO: Run Behavior\ShowPageTrace [ RunTime:0.001000s ]
INFO: [ app_end ] --END-- [ RunTime:0.001000s ]

[ 2018-05-03T21:39:29+08:00 ] 127.0.0.1 /index.php?c=car&a=index
INFO: [ app_begin ] --START--
INFO: Run Behavior\ReadHtmlCache [ RunTime:0.001000s ]
INFO: [ app_begin ] --END-- [ RunTime:0.001000s ]
SQL: SHOW COLUMNS FROM `t_car` [ RunTime:0.003000s ]
SQL: SELECT * FROM `t_car`  [ RunTime:0.001000s ]
INFO: [ view_parse ] --START--
INFO: [ template_filter ] --START--
INFO: Run Behavior\ContentReplace [ RunTime:0.000000s ]
INFO: [ template_filter ] --END-- [ RunTime:0.000000s ]
INFO: Run Behavior\ParseTemplate [ RunTime:0.006001s ]
INFO: [ view_parse ] --END-- [ RunTime:0.006001s ]
INFO: [ view_filter ] --START--
INFO: Run Behavior\WriteHtmlCache [ RunTime:0.000000s ]
INFO: [ view_filter ] --END-- [ RunTime:0.000000s ]
INFO: [ app_end ] --START--
INFO: Run Behavior\ShowPageTrace [ RunTime:0.001000s ]
INFO: [ app_end ] --END-- [ RunTime:0.001000s ]

[ 2018-05-03T21:39:57+08:00 ] 127.0.0.1 /index.php?c=car&a=index
INFO: [ app_begin ] --START--
INFO: Run Behavior\ReadHtmlCache [ RunTime:0.000000s ]
INFO: [ app_begin ] --END-- [ RunTime:0.000000s ]
SQL: SHOW COLUMNS FROM `t_car` [ RunTime:0.003001s ]
SQL: SELECT * FROM `t_car`  [ RunTime:0.001000s ]
INFO: [ view_parse ] --START--
INFO: [ template_filter ] --START--
INFO: Run Behavior\ContentReplace [ RunTime:0.000000s ]
INFO: [ template_filter ] --END-- [ RunTime:0.000000s ]
INFO: Run Behavior\ParseTemplate [ RunTime:0.006000s ]
INFO: [ view_parse ] --END-- [ RunTime:0.006000s ]
INFO: [ view_filter ] --START--
INFO: Run Behavior\WriteHtmlCache [ RunTime:0.000000s ]
INFO: [ view_filter ] --END-- [ RunTime:0.000000s ]
INFO: [ app_end ] --START--
INFO: Run Behavior\ShowPageTrace [ RunTime:0.001000s ]
INFO: [ app_end ] --END-- [ RunTime:0.001000s ]

[ 2018-05-03T21:39:58+08:00 ] 127.0.0.1 /index.php?c=user&a=index
INFO: [ app_begin ] --START--
INFO: Run Behavior\ReadHtmlCache [ RunTime:0.001000s ]
INFO: [ app_begin ] --END-- [ RunTime:0.001000s ]
SQL: SHOW COLUMNS FROM `t_user` [ RunTime:0.016001s ]
SQL: SELECT * FROM `t_user`  [ RunTime:0.000000s ]
INFO: [ view_parse ] --START--
INFO: [ template_filter ] --START--
INFO: Run Behavior\ContentReplace [ RunTime:0.000000s ]
INFO: [ template_filter ] --END-- [ RunTime:0.000000s ]
INFO: Run Behavior\ParseTemplate [ RunTime:0.012001s ]
INFO: [ view_parse ] --END-- [ RunTime:0.012001s ]
INFO: [ view_filter ] --START--
INFO: Run Behavior\WriteHtmlCache [ RunTime:0.000000s ]
INFO: [ view_filter ] --END-- [ RunTime:0.000000s ]
INFO: [ app_end ] --START--
INFO: Run Behavior\ShowPageTrace [ RunTime:0.001000s ]
INFO: [ app_end ] --END-- [ RunTime:0.001000s ]

[ 2018-05-03T21:40:00+08:00 ] 127.0.0.1 /index.php?c=admin&a=index
INFO: [ app_begin ] --START--
INFO: Run Behavior\ReadHtmlCache [ RunTime:0.001000s ]
INFO: [ app_begin ] --END-- [ RunTime:0.001000s ]
INFO: [ view_parse ] --START--
INFO: [ template_filter ] --START--
INFO: Run Behavior\ContentReplace [ RunTime:0.000000s ]
INFO: [ template_filter ] --END-- [ RunTime:0.000000s ]
INFO: Run Behavior\ParseTemplate [ RunTime:0.004000s ]
INFO: [ view_parse ] --END-- [ RunTime:0.004000s ]
INFO: [ view_filter ] --START--
INFO: Run Behavior\WriteHtmlCache [ RunTime:0.000000s ]
INFO: [ view_filter ] --END-- [ RunTime:0.000000s ]
INFO: [ app_end ] --START--
INFO: Run Behavior\ShowPageTrace [ RunTime:0.000000s ]
INFO: [ app_end ] --END-- [ RunTime:0.000000s ]

[ 2018-05-03T21:40:02+08:00 ] 127.0.0.1 /index.php?c=car&a=index
INFO: [ app_begin ] --START--
INFO: Run Behavior\ReadHtmlCache [ RunTime:0.000000s ]
INFO: [ app_begin ] --END-- [ RunTime:0.000000s ]
SQL: SHOW COLUMNS FROM `t_car` [ RunTime:0.003000s ]
SQL: SELECT * FROM `t_car`  [ RunTime:0.001000s ]
INFO: [ view_parse ] --START--
INFO: [ template_filter ] --START--
INFO: Run Behavior\ContentReplace [ RunTime:0.000000s ]
INFO: [ template_filter ] --END-- [ RunTime:0.000000s ]
INFO: Run Behavior\ParseTemplate [ RunTime:0.006000s ]
INFO: [ view_parse ] --END-- [ RunTime:0.006000s ]
INFO: [ view_filter ] --START--
INFO: Run Behavior\WriteHtmlCache [ RunTime:0.000000s ]
INFO: [ view_filter ] --END-- [ RunTime:0.000000s ]
INFO: [ app_end ] --START--
INFO: Run Behavior\ShowPageTrace [ RunTime:0.001000s ]
INFO: [ app_end ] --END-- [ RunTime:0.001000s ]

[ 2018-05-03T21:40:26+08:00 ] 127.0.0.1 /index.php?c=user&a=index
INFO: [ app_begin ] --START--
INFO: Run Behavior\ReadHtmlCache [ RunTime:0.000000s ]
INFO: [ app_begin ] --END-- [ RunTime:0.000000s ]
SQL: SHOW COLUMNS FROM `t_user` [ RunTime:0.004001s ]
SQL: SELECT * FROM `t_user`  [ RunTime:0.000000s ]
INFO: [ view_parse ] --START--
INFO: [ template_filter ] --START--
INFO: Run Behavior\ContentReplace [ RunTime:0.000000s ]
INFO: [ template_filter ] --END-- [ RunTime:0.000000s ]
INFO: Run Behavior\ParseTemplate [ RunTime:0.006000s ]
INFO: [ view_parse ] --END-- [ RunTime:0.006000s ]
INFO: [ view_filter ] --START--
INFO: Run Behavior\WriteHtmlCache [ RunTime:0.000000s ]
INFO: [ view_filter ] --END-- [ RunTime:0.000000s ]
INFO: [ app_end ] --START--
INFO: Run Behavior\ShowPageTrace [ RunTime:0.001000s ]
INFO: [ app_end ] --END-- [ RunTime:0.001000s ]

[ 2018-05-03T21:40:37+08:00 ] 127.0.0.1 /index.php?c=user&a=index
INFO: [ app_begin ] --START--
INFO: Run Behavior\ReadHtmlCache [ RunTime:0.000000s ]
INFO: [ app_begin ] --END-- [ RunTime:0.000000s ]
SQL: SHOW COLUMNS FROM `t_user` [ RunTime:0.003000s ]
SQL: SELECT * FROM `t_user`  [ RunTime:0.001000s ]
INFO: [ view_parse ] --START--
INFO: [ template_filter ] --START--
INFO: Run Behavior\ContentReplace [ RunTime:0.000000s ]
INFO: [ template_filter ] --END-- [ RunTime:0.000000s ]
INFO: Run Behavior\ParseTemplate [ RunTime:0.006000s ]
INFO: [ view_parse ] --END-- [ RunTime:0.006000s ]
INFO: [ view_filter ] --START--
INFO: Run Behavior\WriteHtmlCache [ RunTime:0.000000s ]
INFO: [ view_filter ] --END-- [ RunTime:0.000000s ]
INFO: [ app_end ] --START--
INFO: Run Behavior\ShowPageTrace [ RunTime:0.001000s ]
INFO: [ app_end ] --END-- [ RunTime:0.001000s ]

[ 2018-05-03T21:40:39+08:00 ] 127.0.0.1 /password
INFO: [ app_begin ] --START--
INFO: Run Behavior\ReadHtmlCache [ RunTime:0.001000s ]
INFO: [ app_begin ] --END-- [ RunTime:0.001000s ]
INFO: [ view_parse ] --START--
INFO: [ template_filter ] --START--
INFO: Run Behavior\ContentReplace [ RunTime:0.000000s ]
INFO: [ template_filter ] --END-- [ RunTime:0.000000s ]
INFO: Run Behavior\ParseTemplate [ RunTime:0.019001s ]
INFO: [ view_parse ] --END-- [ RunTime:0.019001s ]
INFO: [ view_filter ] --START--
INFO: Run Behavior\WriteHtmlCache [ RunTime:0.000000s ]
INFO: [ view_filter ] --END-- [ RunTime:0.000000s ]
INFO: [ app_end ] --START--
INFO: Run Behavior\ShowPageTrace [ RunTime:0.000000s ]
INFO: [ app_end ] --END-- [ RunTime:0.001000s ]

[ 2018-05-03T21:41:13+08:00 ] 127.0.0.1 /password
INFO: [ app_begin ] --START--
INFO: Run Behavior\ReadHtmlCache [ RunTime:0.001000s ]
INFO: [ app_begin ] --END-- [ RunTime:0.001000s ]
INFO: [ view_parse ] --START--
INFO: [ template_filter ] --START--
INFO: Run Behavior\ContentReplace [ RunTime:0.000000s ]
INFO: [ template_filter ] --END-- [ RunTime:0.001000s ]
INFO: Run Behavior\ParseTemplate [ RunTime:0.005000s ]
INFO: [ view_parse ] --END-- [ RunTime:0.005000s ]
INFO: [ view_filter ] --START--
INFO: Run Behavior\WriteHtmlCache [ RunTime:0.001000s ]
INFO: [ view_filter ] --END-- [ RunTime:0.001000s ]
INFO: [ app_end ] --START--
INFO: Run Behavior\ShowPageTrace [ RunTime:0.000000s ]
INFO: [ app_end ] --END-- [ RunTime:0.000000s ]

[ 2018-05-03T21:41:26+08:00 ] 127.0.0.1 /password
INFO: [ app_begin ] --START--
INFO: Run Behavior\ReadHtmlCache [ RunTime:0.001000s ]
INFO: [ app_begin ] --END-- [ RunTime:0.001000s ]
INFO: [ view_parse ] --START--
INFO: [ template_filter ] --START--
INFO: Run Behavior\ContentReplace [ RunTime:0.000000s ]
INFO: [ template_filter ] --END-- [ RunTime:0.000000s ]
INFO: Run Behavior\ParseTemplate [ RunTime:0.005001s ]
INFO: [ view_parse ] --END-- [ RunTime:0.005001s ]
INFO: [ view_filter ] --START--
INFO: Run Behavior\WriteHtmlCache [ RunTime:0.001000s ]
INFO: [ view_filter ] --END-- [ RunTime:0.001000s ]
INFO: [ app_end ] --START--
INFO: Run Behavior\ShowPageTrace [ RunTime:0.000000s ]
INFO: [ app_end ] --END-- [ RunTime:0.000000s ]

[ 2018-05-03T21:41:29+08:00 ] 127.0.0.1 /index.php?c=car&a=index
INFO: [ app_begin ] --START--
INFO: Run Behavior\ReadHtmlCache [ RunTime:0.000000s ]
INFO: [ app_begin ] --END-- [ RunTime:0.000000s ]
SQL: SHOW COLUMNS FROM `t_car` [ RunTime:0.003000s ]
SQL: SELECT * FROM `t_car`  [ RunTime:0.001000s ]
INFO: [ view_parse ] --START--
INFO: [ template_filter ] --START--
INFO: Run Behavior\ContentReplace [ RunTime:0.000000s ]
INFO: [ template_filter ] --END-- [ RunTime:0.000000s ]
INFO: Run Behavior\ParseTemplate [ RunTime:0.006000s ]
INFO: [ view_parse ] --END-- [ RunTime:0.006000s ]
INFO: [ view_filter ] --START--
INFO: Run Behavior\WriteHtmlCache [ RunTime:0.000000s ]
INFO: [ view_filter ] --END-- [ RunTime:0.000000s ]
INFO: [ app_end ] --START--
INFO: Run Behavior\ShowPageTrace [ RunTime:0.001000s ]
INFO: [ app_end ] --END-- [ RunTime:0.001000s ]

[ 2018-05-03T21:41:30+08:00 ] 127.0.0.1 /index.php?c=user&a=index
INFO: [ app_begin ] --START--
INFO: Run Behavior\ReadHtmlCache [ RunTime:0.001000s ]
INFO: [ app_begin ] --END-- [ RunTime:0.001000s ]
SQL: SHOW COLUMNS FROM `t_user` [ RunTime:0.004000s ]
SQL: SELECT * FROM `t_user`  [ RunTime:0.000000s ]
INFO: [ view_parse ] --START--
INFO: [ template_filter ] --START--
INFO: Run Behavior\ContentReplace [ RunTime:0.000000s ]
INFO: [ template_filter ] --END-- [ RunTime:0.000000s ]
INFO: Run Behavior\ParseTemplate [ RunTime:0.007001s ]
INFO: [ view_parse ] --END-- [ RunTime:0.007001s ]
INFO: [ view_filter ] --START--
INFO: Run Behavior\WriteHtmlCache [ RunTime:0.000000s ]
INFO: [ view_filter ] --END-- [ RunTime:0.000000s ]
INFO: [ app_end ] --START--
INFO: Run Behavior\ShowPageTrace [ RunTime:0.000000s ]
INFO: [ app_end ] --END-- [ RunTime:0.000000s ]

[ 2018-05-03T21:41:31+08:00 ] 127.0.0.1 /password
INFO: [ app_begin ] --START--
INFO: Run Behavior\ReadHtmlCache [ RunTime:0.000000s ]
INFO: [ app_begin ] --END-- [ RunTime:0.000000s ]
INFO: [ view_parse ] --START--
INFO: [ template_filter ] --START--
INFO: Run Behavior\ContentReplace [ RunTime:0.000000s ]
INFO: [ template_filter ] --END-- [ RunTime:0.000000s ]
INFO: Run Behavior\ParseTemplate [ RunTime:0.005001s ]
INFO: [ view_parse ] --END-- [ RunTime:0.005001s ]
INFO: [ view_filter ] --START--
INFO: Run Behavior\WriteHtmlCache [ RunTime:0.001000s ]
INFO: [ view_filter ] --END-- [ RunTime:0.001000s ]
INFO: [ app_end ] --START--
INFO: Run Behavior\ShowPageTrace [ RunTime:0.000000s ]
INFO: [ app_end ] --END-- [ RunTime:0.000000s ]

[ 2018-05-03T21:41:33+08:00 ] 127.0.0.1 /index.php?c=order&a=create
INFO: [ app_begin ] --START--
INFO: Run Behavior\ReadHtmlCache [ RunTime:0.001000s ]
INFO: [ app_begin ] --END-- [ RunTime:0.001000s ]
INFO: [ view_parse ] --START--
INFO: [ template_filter ] --START--
INFO: Run Behavior\ContentReplace [ RunTime:0.000000s ]
INFO: [ template_filter ] --END-- [ RunTime:0.000000s ]
INFO: Run Behavior\ParseTemplate [ RunTime:0.012001s ]
INFO: [ view_parse ] --END-- [ RunTime:0.012001s ]
INFO: [ view_filter ] --START--
INFO: Run Behavior\WriteHtmlCache [ RunTime:0.000000s ]
INFO: [ view_filter ] --END-- [ RunTime:0.000000s ]
INFO: [ app_end ] --START--
INFO: Run Behavior\ShowPageTrace [ RunTime:0.000000s ]
INFO: [ app_end ] --END-- [ RunTime:0.001000s ]

[ 2018-05-03T21:41:46+08:00 ] 127.0.0.1 /index.php?c=order&a=create
INFO: [ app_begin ] --START--
INFO: Run Behavior\ReadHtmlCache [ RunTime:0.001000s ]
INFO: [ app_begin ] --END-- [ RunTime:0.001000s ]
INFO: [ view_parse ] --START--
INFO: [ template_filter ] --START--
INFO: Run Behavior\ContentReplace [ RunTime:0.000000s ]
INFO: [ template_filter ] --END-- [ RunTime:0.000000s ]
INFO: Run Behavior\ParseTemplate [ RunTime:0.006000s ]
INFO: [ view_parse ] --END-- [ RunTime:0.006000s ]
INFO: [ view_filter ] --START--
INFO: Run Behavior\WriteHtmlCache [ RunTime:0.000000s ]
INFO: [ view_filter ] --END-- [ RunTime:0.000000s ]
INFO: [ app_end ] --START--
INFO: Run Behavior\ShowPageTrace [ RunTime:0.001000s ]
INFO: [ app_end ] --END-- [ RunTime:0.001000s ]

[ 2018-05-03T21:41:57+08:00 ] 127.0.0.1 /index.php?c=order&a=create
INFO: [ app_begin ] --START--
INFO: Run Behavior\ReadHtmlCache [ RunTime:0.001000s ]
INFO: [ app_begin ] --END-- [ RunTime:0.001000s ]
INFO: [ view_parse ] --START--
INFO: [ template_filter ] --START--
INFO: Run Behavior\ContentReplace [ RunTime:0.000000s ]
INFO: [ template_filter ] --END-- [ RunTime:0.000000s ]
INFO: Run Behavior\ParseTemplate [ RunTime:0.006000s ]
INFO: [ view_parse ] --END-- [ RunTime:0.006000s ]
INFO: [ view_filter ] --START--
INFO: Run Behavior\WriteHtmlCache [ RunTime:0.000000s ]
INFO: [ view_filter ] --END-- [ RunTime:0.000000s ]
INFO: [ app_end ] --START--
INFO: Run Behavior\ShowPageTrace [ RunTime:0.001000s ]
INFO: [ app_end ] --END-- [ RunTime:0.001000s ]

[ 2018-05-03T21:41:58+08:00 ] 127.0.0.1 /index.php?c=order&a=create
INFO: [ app_begin ] --START--
INFO: Run Behavior\ReadHtmlCache [ RunTime:0.000000s ]
INFO: [ app_begin ] --END-- [ RunTime:0.000000s ]
INFO: [ view_parse ] --START--
INFO: [ template_filter ] --START--
INFO: Run Behavior\ContentReplace [ RunTime:0.000000s ]
INFO: [ template_filter ] --END-- [ RunTime:0.001000s ]
INFO: Run Behavior\ParseTemplate [ RunTime:0.005000s ]
INFO: [ view_parse ] --END-- [ RunTime:0.005000s ]
INFO: [ view_filter ] --START--
INFO: Run Behavior\WriteHtmlCache [ RunTime:0.001000s ]
INFO: [ view_filter ] --END-- [ RunTime:0.001000s ]
INFO: [ app_end ] --START--
INFO: Run Behavior\ShowPageTrace [ RunTime:0.000000s ]
INFO: [ app_end ] --END-- [ RunTime:0.000000s ]

[ 2018-05-03T21:42:01+08:00 ] 127.0.0.1 /index.php?c=order&a=create
INFO: [ app_begin ] --START--
INFO: Run Behavior\ReadHtmlCache [ RunTime:0.000000s ]
INFO: [ app_begin ] --END-- [ RunTime:0.000000s ]
INFO: [ view_parse ] --START--
INFO: [ template_filter ] --START--
INFO: Run Behavior\ContentReplace [ RunTime:0.000000s ]
INFO: [ template_filter ] --END-- [ RunTime:0.000000s ]
INFO: Run Behavior\ParseTemplate [ RunTime:0.005000s ]
INFO: [ view_parse ] --END-- [ RunTime:0.005000s ]
INFO: [ view_filter ] --START--
INFO: Run Behavior\WriteHtmlCache [ RunTime:0.001000s ]
INFO: [ view_filter ] --END-- [ RunTime:0.001000s ]
INFO: [ app_end ] --START--
INFO: Run Behavior\ShowPageTrace [ RunTime:0.000000s ]
INFO: [ app_end ] --END-- [ RunTime:0.000000s ]

[ 2018-05-03T21:42:04+08:00 ] 127.0.0.1 /index.php?c=order&a=index
INFO: [ app_begin ] --START--
INFO: Run Behavior\ReadHtmlCache [ RunTime:0.000000s ]
INFO: [ app_begin ] --END-- [ RunTime:0.001000s ]
SQL: SHOW COLUMNS FROM `t_order` [ RunTime:0.030002s ]
SQL: SELECT * FROM `t_order`  [ RunTime:0.001000s ]
INFO: [ view_parse ] --START--
INFO: [ template_filter ] --START--
INFO: Run Behavior\ContentReplace [ RunTime:0.000000s ]
INFO: [ template_filter ] --END-- [ RunTime:0.000000s ]
NOTIC: [8] Undefined index: car_plate_number D:\phpStudy\WWW\db_car_system-master\tp\Application\Runtime\Cache\Home\ffa8aade729e4e26e935cd9703650a4b.php 第 49 行.
NOTIC: [8] Undefined index: user_number D:\phpStudy\WWW\db_car_system-master\tp\Application\Runtime\Cache\Home\ffa8aade729e4e26e935cd9703650a4b.php 第 55 行.
NOTIC: [8] Undefined index: car_plate_number D:\phpStudy\WWW\db_car_system-master\tp\Application\Runtime\Cache\Home\ffa8aade729e4e26e935cd9703650a4b.php 第 49 行.
NOTIC: [8] Undefined index: user_number D:\phpStudy\WWW\db_car_system-master\tp\Application\Runtime\Cache\Home\ffa8aade729e4e26e935cd9703650a4b.php 第 55 行.
NOTIC: [8] Undefined index: car_plate_number D:\phpStudy\WWW\db_car_system-master\tp\Application\Runtime\Cache\Home\ffa8aade729e4e26e935cd9703650a4b.php 第 49 行.
NOTIC: [8] Undefined index: user_number D:\phpStudy\WWW\db_car_system-master\tp\Application\Runtime\Cache\Home\ffa8aade729e4e26e935cd9703650a4b.php 第 55 行.
NOTIC: [8] Undefined index: car_plate_number D:\phpStudy\WWW\db_car_system-master\tp\Application\Runtime\Cache\Home\ffa8aade729e4e26e935cd9703650a4b.php 第 49 行.
NOTIC: [8] Undefined index: user_number D:\phpStudy\WWW\db_car_system-master\tp\Application\Runtime\Cache\Home\ffa8aade729e4e26e935cd9703650a4b.php 第 55 行.
NOTIC: [8] Undefined index: car_plate_number D:\phpStudy\WWW\db_car_system-master\tp\Application\Runtime\Cache\Home\ffa8aade729e4e26e935cd9703650a4b.php 第 49 行.
NOTIC: [8] Undefined index: user_number D:\phpStudy\WWW\db_car_system-master\tp\Application\Runtime\Cache\Home\ffa8aade729e4e26e935cd9703650a4b.php 第 55 行.
NOTIC: [8] Undefined index: car_plate_number D:\phpStudy\WWW\db_car_system-master\tp\Application\Runtime\Cache\Home\ffa8aade729e4e26e935cd9703650a4b.php 第 49 行.
NOTIC: [8] Undefined index: user_number D:\phpStudy\WWW\db_car_system-master\tp\Application\Runtime\Cache\Home\ffa8aade729e4e26e935cd9703650a4b.php 第 55 行.
NOTIC: [8] Undefined index: car_plate_number D:\phpStudy\WWW\db_car_system-master\tp\Application\Runtime\Cache\Home\ffa8aade729e4e26e935cd9703650a4b.php 第 49 行.
NOTIC: [8] Undefined index: user_number D:\phpStudy\WWW\db_car_system-master\tp\Application\Runtime\Cache\Home\ffa8aade729e4e26e935cd9703650a4b.php 第 55 行.
NOTIC: [8] Undefined index: car_plate_number D:\phpStudy\WWW\db_car_system-master\tp\Application\Runtime\Cache\Home\ffa8aade729e4e26e935cd9703650a4b.php 第 49 行.
NOTIC: [8] Undefined index: user_number D:\phpStudy\WWW\db_car_system-master\tp\Application\Runtime\Cache\Home\ffa8aade729e4e26e935cd9703650a4b.php 第 55 行.
NOTIC: [8] Undefined index: car_plate_number D:\phpStudy\WWW\db_car_system-master\tp\Application\Runtime\Cache\Home\ffa8aade729e4e26e935cd9703650a4b.php 第 49 行.
NOTIC: [8] Undefined index: user_number D:\phpStudy\WWW\db_car_system-master\tp\Application\Runtime\Cache\Home\ffa8aade729e4e26e935cd9703650a4b.php 第 55 行.
NOTIC: [8] Undefined index: car_plate_number D:\phpStudy\WWW\db_car_system-master\tp\Application\Runtime\Cache\Home\ffa8aade729e4e26e935cd9703650a4b.php 第 49 行.
NOTIC: [8] Undefined index: user_number D:\phpStudy\WWW\db_car_system-master\tp\Application\Runtime\Cache\Home\ffa8aade729e4e26e935cd9703650a4b.php 第 55 行.
NOTIC: [8] Undefined index: car_plate_number D:\phpStudy\WWW\db_car_system-master\tp\Application\Runtime\Cache\Home\ffa8aade729e4e26e935cd9703650a4b.php 第 49 行.
NOTIC: [8] Undefined index: user_number D:\phpStudy\WWW\db_car_system-master\tp\Application\Runtime\Cache\Home\ffa8aade729e4e26e935cd9703650a4b.php 第 55 行.
NOTIC: [8] Undefined index: car_plate_number D:\phpStudy\WWW\db_car_system-master\tp\Application\Runtime\Cache\Home\ffa8aade729e4e26e935cd9703650a4b.php 第 49 行.
NOTIC: [8] Undefined index: user_number D:\phpStudy\WWW\db_car_system-master\tp\Application\Runtime\Cache\Home\ffa8aade729e4e26e935cd9703650a4b.php 第 55 行.
NOTIC: [8] Undefined index: car_plate_number D:\phpStudy\WWW\db_car_system-master\tp\Application\Runtime\Cache\Home\ffa8aade729e4e26e935cd9703650a4b.php 第 49 行.
NOTIC: [8] Undefined index: user_number D:\phpStudy\WWW\db_car_system-master\tp\Application\Runtime\Cache\Home\ffa8aade729e4e26e935cd9703650a4b.php 第 55 行.
NOTIC: [8] Undefined index: car_plate_number D:\phpStudy\WWW\db_car_system-master\tp\Application\Runtime\Cache\Home\ffa8aade729e4e26e935cd9703650a4b.php 第 49 行.
NOTIC: [8] Undefined index: user_number D:\phpStudy\WWW\db_car_system-master\tp\Application\Runtime\Cache\Home\ffa8aade729e4e26e935cd9703650a4b.php 第 55 行.
NOTIC: [8] Undefined index: car_plate_number D:\phpStudy\WWW\db_car_system-master\tp\Application\Runtime\Cache\Home\ffa8aade729e4e26e935cd9703650a4b.php 第 49 行.
NOTIC: [8] Undefined index: user_number D:\phpStudy\WWW\db_car_system-master\tp\Application\Runtime\Cache\Home\ffa8aade729e4e26e935cd9703650a4b.php 第 55 行.
NOTIC: [8] Undefined index: car_plate_number D:\phpStudy\WWW\db_car_system-master\tp\Application\Runtime\Cache\Home\ffa8aade729e4e26e935cd9703650a4b.php 第 49 行.
NOTIC: [8] Undefined index: user_number D:\phpStudy\WWW\db_car_system-master\tp\Application\Runtime\Cache\Home\ffa8aade729e4e26e935cd9703650a4b.php 第 55 行.
NOTIC: [8] Undefined index: car_plate_number D:\phpStudy\WWW\db_car_system-master\tp\Application\Runtime\Cache\Home\ffa8aade729e4e26e935cd9703650a4b.php 第 49 行.
NOTIC: [8] Undefined index: user_number D:\phpStudy\WWW\db_car_system-master\tp\Application\Runtime\Cache\Home\ffa8aade729e4e26e935cd9703650a4b.php 第 55 行.
NOTIC: [8] Undefined index: car_plate_number D:\phpStudy\WWW\db_car_system-master\tp\Application\Runtime\Cache\Home\ffa8aade729e4e26e935cd9703650a4b.php 第 49 行.
NOTIC: [8] Undefined index: user_number D:\phpStudy\WWW\db_car_system-master\tp\Application\Runtime\Cache\Home\ffa8aade729e4e26e935cd9703650a4b.php 第 55 行.
NOTIC: [8] Undefined index: car_plate_number D:\phpStudy\WWW\db_car_system-master\tp\Application\Runtime\Cache\Home\ffa8aade729e4e26e935cd9703650a4b.php 第 49 行.
NOTIC: [8] Undefined index: user_number D:\phpStudy\WWW\db_car_system-master\tp\Application\Runtime\Cache\Home\ffa8aade729e4e26e935cd9703650a4b.php 第 55 行.
NOTIC: [8] Undefined index: car_plate_number D:\phpStudy\WWW\db_car_system-master\tp\Application\Runtime\Cache\Home\ffa8aade729e4e26e935cd9703650a4b.php 第 49 行.
NOTIC: [8] Undefined index: user_number D:\phpStudy\WWW\db_car_system-master\tp\Application\Runtime\Cache\Home\ffa8aade729e4e26e935cd9703650a4b.php 第 55 行.
NOTIC: [8] Undefined index: car_plate_number D:\phpStudy\WWW\db_car_system-master\tp\Application\Runtime\Cache\Home\ffa8aade729e4e26e935cd9703650a4b.php 第 49 行.
NOTIC: [8] Undefined index: user_number D:\phpStudy\WWW\db_car_system-master\tp\Application\Runtime\Cache\Home\ffa8aade729e4e26e935cd9703650a4b.php 第 55 行.
NOTIC: [8] Undefined index: car_plate_number D:\phpStudy\WWW\db_car_system-master\tp\Application\Runtime\Cache\Home\ffa8aade729e4e26e935cd9703650a4b.php 第 49 行.
NOTIC: [8] Undefined index: user_number D:\phpStudy\WWW\db_car_system-master\tp\Application\Runtime\Cache\Home\ffa8aade729e4e26e935cd9703650a4b.php 第 55 行.
NOTIC: [8] Undefined index: car_plate_number D:\phpStudy\WWW\db_car_system-master\tp\Application\Runtime\Cache\Home\ffa8aade729e4e26e935cd9703650a4b.php 第 49 行.
NOTIC: [8] Undefined index: user_number D:\phpStudy\WWW\db_car_system-master\tp\Application\Runtime\Cache\Home\ffa8aade729e4e26e935cd9703650a4b.php 第 55 行.
NOTIC: [8] Undefined index: car_plate_number D:\phpStudy\WWW\db_car_system-master\tp\Application\Runtime\Cache\Home\ffa8aade729e4e26e935cd9703650a4b.php 第 49 行.
NOTIC: [8] Undefined index: user_number D:\phpStudy\WWW\db_car_system-master\tp\Application\Runtime\Cache\Home\ffa8aade729e4e26e935cd9703650a4b.php 第 55 行.
NOTIC: [8] Undefined index: car_plate_number D:\phpStudy\WWW\db_car_system-master\tp\Application\Runtime\Cache\Home\ffa8aade729e4e26e935cd9703650a4b.php 第 49 行.
NOTIC: [8] Undefined index: user_number D:\phpStudy\WWW\db_car_system-master\tp\Application\Runtime\Cache\Home\ffa8aade729e4e26e935cd9703650a4b.php 第 55 行.
NOTIC: [8] Undefined index: car_plate_number D:\phpStudy\WWW\db_car_system-master\tp\Application\Runtime\Cache\Home\ffa8aade729e4e26e935cd9703650a4b.php 第 49 行.
NOTIC: [8] Undefined index: user_number D:\phpStudy\WWW\db_car_system-master\tp\Application\Runtime\Cache\Home\ffa8aade729e4e26e935cd9703650a4b.php 第 55 行.
NOTIC: [8] Undefined index: car_plate_number D:\phpStudy\WWW\db_car_system-master\tp\Application\Runtime\Cache\Home\ffa8aade729e4e26e935cd9703650a4b.php 第 49 行.
NOTIC: [8] Undefined index: user_number D:\phpStudy\WWW\db_car_system-master\tp\Application\Runtime\Cache\Home\ffa8aade729e4e26e935cd9703650a4b.php 第 55 行.
NOTIC: [8] Undefined index: car_plate_number D:\phpStudy\WWW\db_car_system-master\tp\Application\Runtime\Cache\Home\ffa8aade729e4e26e935cd9703650a4b.php 第 49 行.
NOTIC: [8] Undefined index: user_number D:\phpStudy\WWW\db_car_system-master\tp\Application\Runtime\Cache\Home\ffa8aade729e4e26e935cd9703650a4b.php 第 55 行.
NOTIC: [8] Undefined index: car_plate_number D:\phpStudy\WWW\db_car_system-master\tp\Application\Runtime\Cache\Home\ffa8aade729e4e26e935cd9703650a4b.php 第 49 行.
NOTIC: [8] Undefined index: user_number D:\phpStudy\WWW\db_car_system-master\tp\Application\Runtime\Cache\Home\ffa8aade729e4e26e935cd9703650a4b.php 第 55 行.
NOTIC: [8] Undefined index: car_plate_number D:\phpStudy\WWW\db_car_system-master\tp\Application\Runtime\Cache\Home\ffa8aade729e4e26e935cd9703650a4b.php 第 49 行.
NOTIC: [8] Undefined index: user_number D:\phpStudy\WWW\db_car_system-master\tp\Application\Runtime\Cache\Home\ffa8aade729e4e26e935cd9703650a4b.php 第 55 行.
NOTIC: [8] Undefined index: car_plate_number D:\phpStudy\WWW\db_car_system-master\tp\Application\Runtime\Cache\Home\ffa8aade729e4e26e935cd9703650a4b.php 第 49 行.
NOTIC: [8] Undefined index: user_number D:\phpStudy\WWW\db_car_system-master\tp\Application\Runtime\Cache\Home\ffa8aade729e4e26e935cd9703650a4b.php 第 55 行.
NOTIC: [8] Undefined index: car_plate_number D:\phpStudy\WWW\db_car_system-master\tp\Application\Runtime\Cache\Home\ffa8aade729e4e26e935cd9703650a4b.php 第 49 行.
NOTIC: [8] Undefined index: user_number D:\phpStudy\WWW\db_car_system-master\tp\Application\Runtime\Cache\Home\ffa8aade729e4e26e935cd9703650a4b.php 第 55 行.
INFO: Run Behavior\ParseTemplate [ RunTime:0.012001s ]
INFO: [ view_parse ] --END-- [ RunTime:0.012001s ]
INFO: [ view_filter ] --START--
INFO: Run Behavior\WriteHtmlCache [ RunTime:0.000000s ]
INFO: [ view_filter ] --END-- [ RunTime:0.000000s ]
INFO: [ app_end ] --START--
INFO: Run Behavior\ShowPageTrace [ RunTime:0.001000s ]
INFO: [ app_end ] --END-- [ RunTime:0.001000s ]

[ 2018-05-03T21:42:23+08:00 ] 127.0.0.1 /index.php?c=order&a=index
INFO: [ app_begin ] --START--
INFO: Run Behavior\ReadHtmlCache [ RunTime:0.000000s ]
INFO: [ app_begin ] --END-- [ RunTime:0.000000s ]
SQL: SHOW COLUMNS FROM `t_order` [ RunTime:0.003000s ]
SQL: SELECT * FROM `t_order`  [ RunTime:0.001000s ]
INFO: [ view_parse ] --START--
INFO: [ template_filter ] --START--
INFO: Run Behavior\ContentReplace [ RunTime:0.001000s ]
INFO: [ template_filter ] --END-- [ RunTime:0.001000s ]
NOTIC: [8] Undefined index: car_plate_number D:\phpStudy\WWW\db_car_system-master\tp\Application\Runtime\Cache\Home\ffa8aade729e4e26e935cd9703650a4b.php 第 72 行.
NOTIC: [8] Undefined index: user_number D:\phpStudy\WWW\db_car_system-master\tp\Application\Runtime\Cache\Home\ffa8aade729e4e26e935cd9703650a4b.php 第 78 行.
NOTIC: [8] Undefined index: car_plate_number D:\phpStudy\WWW\db_car_system-master\tp\Application\Runtime\Cache\Home\ffa8aade729e4e26e935cd9703650a4b.php 第 72 行.
NOTIC: [8] Undefined index: user_number D:\phpStudy\WWW\db_car_system-master\tp\Application\Runtime\Cache\Home\ffa8aade729e4e26e935cd9703650a4b.php 第 78 行.
NOTIC: [8] Undefined index: car_plate_number D:\phpStudy\WWW\db_car_system-master\tp\Application\Runtime\Cache\Home\ffa8aade729e4e26e935cd9703650a4b.php 第 72 行.
NOTIC: [8] Undefined index: user_number D:\phpStudy\WWW\db_car_system-master\tp\Application\Runtime\Cache\Home\ffa8aade729e4e26e935cd9703650a4b.php 第 78 行.
NOTIC: [8] Undefined index: car_plate_number D:\phpStudy\WWW\db_car_system-master\tp\Application\Runtime\Cache\Home\ffa8aade729e4e26e935cd9703650a4b.php 第 72 行.
NOTIC: [8] Undefined index: user_number D:\phpStudy\WWW\db_car_system-master\tp\Application\Runtime\Cache\Home\ffa8aade729e4e26e935cd9703650a4b.php 第 78 行.
NOTIC: [8] Undefined index: car_plate_number D:\phpStudy\WWW\db_car_system-master\tp\Application\Runtime\Cache\Home\ffa8aade729e4e26e935cd9703650a4b.php 第 72 行.
NOTIC: [8] Undefined index: user_number D:\phpStudy\WWW\db_car_system-master\tp\Application\Runtime\Cache\Home\ffa8aade729e4e26e935cd9703650a4b.php 第 78 行.
NOTIC: [8] Undefined index: car_plate_number D:\phpStudy\WWW\db_car_system-master\tp\Application\Runtime\Cache\Home\ffa8aade729e4e26e935cd9703650a4b.php 第 72 行.
NOTIC: [8] Undefined index: user_number D:\phpStudy\WWW\db_car_system-master\tp\Application\Runtime\Cache\Home\ffa8aade729e4e26e935cd9703650a4b.php 第 78 行.
NOTIC: [8] Undefined index: car_plate_number D:\phpStudy\WWW\db_car_system-master\tp\Application\Runtime\Cache\Home\ffa8aade729e4e26e935cd9703650a4b.php 第 72 行.
NOTIC: [8] Undefined index: user_number D:\phpStudy\WWW\db_car_system-master\tp\Application\Runtime\Cache\Home\ffa8aade729e4e26e935cd9703650a4b.php 第 78 行.
NOTIC: [8] Undefined index: car_plate_number D:\phpStudy\WWW\db_car_system-master\tp\Application\Runtime\Cache\Home\ffa8aade729e4e26e935cd9703650a4b.php 第 72 行.
NOTIC: [8] Undefined index: user_number D:\phpStudy\WWW\db_car_system-master\tp\Application\Runtime\Cache\Home\ffa8aade729e4e26e935cd9703650a4b.php 第 78 行.
NOTIC: [8] Undefined index: car_plate_number D:\phpStudy\WWW\db_car_system-master\tp\Application\Runtime\Cache\Home\ffa8aade729e4e26e935cd9703650a4b.php 第 72 行.
NOTIC: [8] Undefined index: user_number D:\phpStudy\WWW\db_car_system-master\tp\Application\Runtime\Cache\Home\ffa8aade729e4e26e935cd9703650a4b.php 第 78 行.
NOTIC: [8] Undefined index: car_plate_number D:\phpStudy\WWW\db_car_system-master\tp\Application\Runtime\Cache\Home\ffa8aade729e4e26e935cd9703650a4b.php 第 72 行.
NOTIC: [8] Undefined index: user_number D:\phpStudy\WWW\db_car_system-master\tp\Application\Runtime\Cache\Home\ffa8aade729e4e26e935cd9703650a4b.php 第 78 行.
NOTIC: [8] Undefined index: car_plate_number D:\phpStudy\WWW\db_car_system-master\tp\Application\Runtime\Cache\Home\ffa8aade729e4e26e935cd9703650a4b.php 第 72 行.
NOTIC: [8] Undefined index: user_number D:\phpStudy\WWW\db_car_system-master\tp\Application\Runtime\Cache\Home\ffa8aade729e4e26e935cd9703650a4b.php 第 78 行.
NOTIC: [8] Undefined index: car_plate_number D:\phpStudy\WWW\db_car_system-master\tp\Application\Runtime\Cache\Home\ffa8aade729e4e26e935cd9703650a4b.php 第 72 行.
NOTIC: [8] Undefined index: user_number D:\phpStudy\WWW\db_car_system-master\tp\Application\Runtime\Cache\Home\ffa8aade729e4e26e935cd9703650a4b.php 第 78 行.
NOTIC: [8] Undefined index: car_plate_number D:\phpStudy\WWW\db_car_system-master\tp\Application\Runtime\Cache\Home\ffa8aade729e4e26e935cd9703650a4b.php 第 72 行.
NOTIC: [8] Undefined index: user_number D:\phpStudy\WWW\db_car_system-master\tp\Application\Runtime\Cache\Home\ffa8aade729e4e26e935cd9703650a4b.php 第 78 行.
NOTIC: [8] Undefined index: car_plate_number D:\phpStudy\WWW\db_car_system-master\tp\Application\Runtime\Cache\Home\ffa8aade729e4e26e935cd9703650a4b.php 第 72 行.
NOTIC: [8] Undefined index: user_number D:\phpStudy\WWW\db_car_system-master\tp\Application\Runtime\Cache\Home\ffa8aade729e4e26e935cd9703650a4b.php 第 78 行.
NOTIC: [8] Undefined index: car_plate_number D:\phpStudy\WWW\db_car_system-master\tp\Application\Runtime\Cache\Home\ffa8aade729e4e26e935cd9703650a4b.php 第 72 行.
NOTIC: [8] Undefined index: user_number D:\phpStudy\WWW\db_car_system-master\tp\Application\Runtime\Cache\Home\ffa8aade729e4e26e935cd9703650a4b.php 第 78 行.
NOTIC: [8] Undefined index: car_plate_number D:\phpStudy\WWW\db_car_system-master\tp\Application\Runtime\Cache\Home\ffa8aade729e4e26e935cd9703650a4b.php 第 72 行.
NOTIC: [8] Undefined index: user_number D:\phpStudy\WWW\db_car_system-master\tp\Application\Runtime\Cache\Home\ffa8aade729e4e26e935cd9703650a4b.php 第 78 行.
NOTIC: [8] Undefined index: car_plate_number D:\phpStudy\WWW\db_car_system-master\tp\Application\Runtime\Cache\Home\ffa8aade729e4e26e935cd9703650a4b.php 第 72 行.
NOTIC: [8] Undefined index: user_number D:\phpStudy\WWW\db_car_system-master\tp\Application\Runtime\Cache\Home\ffa8aade729e4e26e935cd9703650a4b.php 第 78 行.
NOTIC: [8] Undefined index: car_plate_number D:\phpStudy\WWW\db_car_system-master\tp\Application\Runtime\Cache\Home\ffa8aade729e4e26e935cd9703650a4b.php 第 72 行.
NOTIC: [8] Undefined index: user_number D:\phpStudy\WWW\db_car_system-master\tp\Application\Runtime\Cache\Home\ffa8aade729e4e26e935cd9703650a4b.php 第 78 行.
NOTIC: [8] Undefined index: car_plate_number D:\phpStudy\WWW\db_car_system-master\tp\Application\Runtime\Cache\Home\ffa8aade729e4e26e935cd9703650a4b.php 第 72 行.
NOTIC: [8] Undefined index: user_number D:\phpStudy\WWW\db_car_system-master\tp\Application\Runtime\Cache\Home\ffa8aade729e4e26e935cd9703650a4b.php 第 78 行.
NOTIC: [8] Undefined index: car_plate_number D:\phpStudy\WWW\db_car_system-master\tp\Application\Runtime\Cache\Home\ffa8aade729e4e26e935cd9703650a4b.php 第 72 行.
NOTIC: [8] Undefined index: user_number D:\phpStudy\WWW\db_car_system-master\tp\Application\Runtime\Cache\Home\ffa8aade729e4e26e935cd9703650a4b.php 第 78 行.
NOTIC: [8] Undefined index: car_plate_number D:\phpStudy\WWW\db_car_system-master\tp\Application\Runtime\Cache\Home\ffa8aade729e4e26e935cd9703650a4b.php 第 72 行.
NOTIC: [8] Undefined index: user_number D:\phpStudy\WWW\db_car_system-master\tp\Application\Runtime\Cache\Home\ffa8aade729e4e26e935cd9703650a4b.php 第 78 行.
NOTIC: [8] Undefined index: car_plate_number D:\phpStudy\WWW\db_car_system-master\tp\Application\Runtime\Cache\Home\ffa8aade729e4e26e935cd9703650a4b.php 第 72 行.
NOTIC: [8] Undefined index: user_number D:\phpStudy\WWW\db_car_system-master\tp\Application\Runtime\Cache\Home\ffa8aade729e4e26e935cd9703650a4b.php 第 78 行.
NOTIC: [8] Undefined index: car_plate_number D:\phpStudy\WWW\db_car_system-master\tp\Application\Runtime\Cache\Home\ffa8aade729e4e26e935cd9703650a4b.php 第 72 行.
NOTIC: [8] Undefined index: user_number D:\phpStudy\WWW\db_car_system-master\tp\Application\Runtime\Cache\Home\ffa8aade729e4e26e935cd9703650a4b.php 第 78 行.
NOTIC: [8] Undefined index: car_plate_number D:\phpStudy\WWW\db_car_system-master\tp\Application\Runtime\Cache\Home\ffa8aade729e4e26e935cd9703650a4b.php 第 72 行.
NOTIC: [8] Undefined index: user_number D:\phpStudy\WWW\db_car_system-master\tp\Application\Runtime\Cache\Home\ffa8aade729e4e26e935cd9703650a4b.php 第 78 行.
NOTIC: [8] Undefined index: car_plate_number D:\phpStudy\WWW\db_car_system-master\tp\Application\Runtime\Cache\Home\ffa8aade729e4e26e935cd9703650a4b.php 第 72 行.
NOTIC: [8] Undefined index: user_number D:\phpStudy\WWW\db_car_system-master\tp\Application\Runtime\Cache\Home\ffa8aade729e4e26e935cd9703650a4b.php 第 78 行.
NOTIC: [8] Undefined index: car_plate_number D:\phpStudy\WWW\db_car_system-master\tp\Application\Runtime\Cache\Home\ffa8aade729e4e26e935cd9703650a4b.php 第 72 行.
NOTIC: [8] Undefined index: user_number D:\phpStudy\WWW\db_car_system-master\tp\Application\Runtime\Cache\Home\ffa8aade729e4e26e935cd9703650a4b.php 第 78 行.
NOTIC: [8] Undefined index: car_plate_number D:\phpStudy\WWW\db_car_system-master\tp\Application\Runtime\Cache\Home\ffa8aade729e4e26e935cd9703650a4b.php 第 72 行.
NOTIC: [8] Undefined index: user_number D:\phpStudy\WWW\db_car_system-master\tp\Application\Runtime\Cache\Home\ffa8aade729e4e26e935cd9703650a4b.php 第 78 行.
NOTIC: [8] Undefined index: car_plate_number D:\phpStudy\WWW\db_car_system-master\tp\Application\Runtime\Cache\Home\ffa8aade729e4e26e935cd9703650a4b.php 第 72 行.
NOTIC: [8] Undefined index: user_number D:\phpStudy\WWW\db_car_system-master\tp\Application\Runtime\Cache\Home\ffa8aade729e4e26e935cd9703650a4b.php 第 78 行.
NOTIC: [8] Undefined index: car_plate_number D:\phpStudy\WWW\db_car_system-master\tp\Application\Runtime\Cache\Home\ffa8aade729e4e26e935cd9703650a4b.php 第 72 行.
NOTIC: [8] Undefined index: user_number D:\phpStudy\WWW\db_car_system-master\tp\Application\Runtime\Cache\Home\ffa8aade729e4e26e935cd9703650a4b.php 第 78 行.
NOTIC: [8] Undefined index: car_plate_number D:\phpStudy\WWW\db_car_system-master\tp\Application\Runtime\Cache\Home\ffa8aade729e4e26e935cd9703650a4b.php 第 72 行.
NOTIC: [8] Undefined index: user_number D:\phpStudy\WWW\db_car_system-master\tp\Application\Runtime\Cache\Home\ffa8aade729e4e26e935cd9703650a4b.php 第 78 行.
NOTIC: [8] Undefined index: car_plate_number D:\phpStudy\WWW\db_car_system-master\tp\Application\Runtime\Cache\Home\ffa8aade729e4e26e935cd9703650a4b.php 第 72 行.
NOTIC: [8] Undefined index: user_number D:\phpStudy\WWW\db_car_system-master\tp\Application\Runtime\Cache\Home\ffa8aade729e4e26e935cd9703650a4b.php 第 78 行.
NOTIC: [8] Undefined index: car_plate_number D:\phpStudy\WWW\db_car_system-master\tp\Application\Runtime\Cache\Home\ffa8aade729e4e26e935cd9703650a4b.php 第 72 行.
NOTIC: [8] Undefined index: user_number D:\phpStudy\WWW\db_car_system-master\tp\Application\Runtime\Cache\Home\ffa8aade729e4e26e935cd9703650a4b.php 第 78 行.
INFO: Run Behavior\ParseTemplate [ RunTime:0.009000s ]
INFO: [ view_parse ] --END-- [ RunTime:0.009000s ]
INFO: [ view_filter ] --START--
INFO: Run Behavior\WriteHtmlCache [ RunTime:0.000000s ]
INFO: [ view_filter ] --END-- [ RunTime:0.000000s ]
INFO: [ app_end ] --START--
INFO: Run Behavior\ShowPageTrace [ RunTime:0.001000s ]
INFO: [ app_end ] --END-- [ RunTime:0.001000s ]

[ 2018-05-03T21:42:29+08:00 ] 127.0.0.1 /index.php?c=car&a=index
INFO: [ app_begin ] --START--
INFO: Run Behavior\ReadHtmlCache [ RunTime:0.001000s ]
INFO: [ app_begin ] --END-- [ RunTime:0.001000s ]
SQL: SHOW COLUMNS FROM `t_car` [ RunTime:0.003000s ]
SQL: SELECT * FROM `t_car`  [ RunTime:0.001000s ]
INFO: [ view_parse ] --START--
INFO: [ template_filter ] --START--
INFO: Run Behavior\ContentReplace [ RunTime:0.000000s ]
INFO: [ template_filter ] --END-- [ RunTime:0.000000s ]
INFO: Run Behavior\ParseTemplate [ RunTime:0.006000s ]
INFO: [ view_parse ] --END-- [ RunTime:0.006000s ]
INFO: [ view_filter ] --START--
INFO: Run Behavior\WriteHtmlCache [ RunTime:0.000000s ]
INFO: [ view_filter ] --END-- [ RunTime:0.000000s ]
INFO: [ app_end ] --START--
INFO: Run Behavior\ShowPageTrace [ RunTime:0.000000s ]
INFO: [ app_end ] --END-- [ RunTime:0.001000s ]

[ 2018-05-03T21:42:32+08:00 ] 127.0.0.1 /index.php?c=user&a=index
INFO: [ app_begin ] --START--
INFO: Run Behavior\ReadHtmlCache [ RunTime:0.001000s ]
INFO: [ app_begin ] --END-- [ RunTime:0.001000s ]
SQL: SHOW COLUMNS FROM `t_user` [ RunTime:0.003001s ]
SQL: SELECT * FROM `t_user`  [ RunTime:0.001000s ]
INFO: [ view_parse ] --START--
INFO: [ template_filter ] --START--
INFO: Run Behavior\ContentReplace [ RunTime:0.000000s ]
INFO: [ template_filter ] --END-- [ RunTime:0.000000s ]
INFO: Run Behavior\ParseTemplate [ RunTime:0.006000s ]
INFO: [ view_parse ] --END-- [ RunTime:0.006000s ]
INFO: [ view_filter ] --START--
INFO: Run Behavior\WriteHtmlCache [ RunTime:0.001000s ]
INFO: [ view_filter ] --END-- [ RunTime:0.001000s ]
INFO: [ app_end ] --START--
INFO: Run Behavior\ShowPageTrace [ RunTime:0.000000s ]
INFO: [ app_end ] --END-- [ RunTime:0.000000s ]

[ 2018-05-03T21:42:33+08:00 ] 127.0.0.1 /password
INFO: [ app_begin ] --START--
INFO: Run Behavior\ReadHtmlCache [ RunTime:0.000000s ]
INFO: [ app_begin ] --END-- [ RunTime:0.000000s ]
INFO: [ view_parse ] --START--
INFO: [ template_filter ] --START--
INFO: Run Behavior\ContentReplace [ RunTime:0.000000s ]
INFO: [ template_filter ] --END-- [ RunTime:0.000000s ]
INFO: Run Behavior\ParseTemplate [ RunTime:0.006000s ]
INFO: [ view_parse ] --END-- [ RunTime:0.006000s ]
INFO: [ view_filter ] --START--
INFO: Run Behavior\WriteHtmlCache [ RunTime:0.000000s ]
INFO: [ view_filter ] --END-- [ RunTime:0.000000s ]
INFO: [ app_end ] --START--
INFO: Run Behavior\ShowPageTrace [ RunTime:0.001000s ]
INFO: [ app_end ] --END-- [ RunTime:0.001000s ]

[ 2018-05-03T21:42:35+08:00 ] 127.0.0.1 /index.php?c=order&a=create
INFO: [ app_begin ] --START--
INFO: Run Behavior\ReadHtmlCache [ RunTime:0.000000s ]
INFO: [ app_begin ] --END-- [ RunTime:0.001000s ]
INFO: [ view_parse ] --START--
INFO: [ template_filter ] --START--
INFO: Run Behavior\ContentReplace [ RunTime:0.000000s ]
INFO: [ template_filter ] --END-- [ RunTime:0.000000s ]
INFO: Run Behavior\ParseTemplate [ RunTime:0.006000s ]
INFO: [ view_parse ] --END-- [ RunTime:0.006000s ]
INFO: [ view_filter ] --START--
INFO: Run Behavior\WriteHtmlCache [ RunTime:0.000000s ]
INFO: [ view_filter ] --END-- [ RunTime:0.000000s ]
INFO: [ app_end ] --START--
INFO: Run Behavior\ShowPageTrace [ RunTime:0.001000s ]
INFO: [ app_end ] --END-- [ RunTime:0.001000s ]

[ 2018-05-03T21:42:36+08:00 ] 127.0.0.1 /index.php?c=order&a=index
INFO: [ app_begin ] --START--
INFO: Run Behavior\ReadHtmlCache [ RunTime:0.000000s ]
INFO: [ app_begin ] --END-- [ RunTime:0.001000s ]
SQL: SHOW COLUMNS FROM `t_order` [ RunTime:0.003000s ]
SQL: SELECT * FROM `t_order`  [ RunTime:0.000000s ]
INFO: [ view_parse ] --START--
INFO: [ template_filter ] --START--
INFO: Run Behavior\ContentReplace [ RunTime:0.000000s ]
INFO: [ template_filter ] --END-- [ RunTime:0.000000s ]
NOTIC: [8] Undefined index: car_plate_number D:\phpStudy\WWW\db_car_system-master\tp\Application\Runtime\Cache\Home\ffa8aade729e4e26e935cd9703650a4b.php 第 72 行.
NOTIC: [8] Undefined index: user_number D:\phpStudy\WWW\db_car_system-master\tp\Application\Runtime\Cache\Home\ffa8aade729e4e26e935cd9703650a4b.php 第 78 行.
NOTIC: [8] Undefined index: car_plate_number D:\phpStudy\WWW\db_car_system-master\tp\Application\Runtime\Cache\Home\ffa8aade729e4e26e935cd9703650a4b.php 第 72 行.
NOTIC: [8] Undefined index: user_number D:\phpStudy\WWW\db_car_system-master\tp\Application\Runtime\Cache\Home\ffa8aade729e4e26e935cd9703650a4b.php 第 78 行.
NOTIC: [8] Undefined index: car_plate_number D:\phpStudy\WWW\db_car_system-master\tp\Application\Runtime\Cache\Home\ffa8aade729e4e26e935cd9703650a4b.php 第 72 行.
NOTIC: [8] Undefined index: user_number D:\phpStudy\WWW\db_car_system-master\tp\Application\Runtime\Cache\Home\ffa8aade729e4e26e935cd9703650a4b.php 第 78 行.
NOTIC: [8] Undefined index: car_plate_number D:\phpStudy\WWW\db_car_system-master\tp\Application\Runtime\Cache\Home\ffa8aade729e4e26e935cd9703650a4b.php 第 72 行.
NOTIC: [8] Undefined index: user_number D:\phpStudy\WWW\db_car_system-master\tp\Application\Runtime\Cache\Home\ffa8aade729e4e26e935cd9703650a4b.php 第 78 行.
NOTIC: [8] Undefined index: car_plate_number D:\phpStudy\WWW\db_car_system-master\tp\Application\Runtime\Cache\Home\ffa8aade729e4e26e935cd9703650a4b.php 第 72 行.
NOTIC: [8] Undefined index: user_number D:\phpStudy\WWW\db_car_system-master\tp\Application\Runtime\Cache\Home\ffa8aade729e4e26e935cd9703650a4b.php 第 78 行.
NOTIC: [8] Undefined index: car_plate_number D:\phpStudy\WWW\db_car_system-master\tp\Application\Runtime\Cache\Home\ffa8aade729e4e26e935cd9703650a4b.php 第 72 行.
NOTIC: [8] Undefined index: user_number D:\phpStudy\WWW\db_car_system-master\tp\Application\Runtime\Cache\Home\ffa8aade729e4e26e935cd9703650a4b.php 第 78 行.
NOTIC: [8] Undefined index: car_plate_number D:\phpStudy\WWW\db_car_system-master\tp\Application\Runtime\Cache\Home\ffa8aade729e4e26e935cd9703650a4b.php 第 72 行.
NOTIC: [8] Undefined index: user_number D:\phpStudy\WWW\db_car_system-master\tp\Application\Runtime\Cache\Home\ffa8aade729e4e26e935cd9703650a4b.php 第 78 行.
NOTIC: [8] Undefined index: car_plate_number D:\phpStudy\WWW\db_car_system-master\tp\Application\Runtime\Cache\Home\ffa8aade729e4e26e935cd9703650a4b.php 第 72 行.
NOTIC: [8] Undefined index: user_number D:\phpStudy\WWW\db_car_system-master\tp\Application\Runtime\Cache\Home\ffa8aade729e4e26e935cd9703650a4b.php 第 78 行.
NOTIC: [8] Undefined index: car_plate_number D:\phpStudy\WWW\db_car_system-master\tp\Application\Runtime\Cache\Home\ffa8aade729e4e26e935cd9703650a4b.php 第 72 行.
NOTIC: [8] Undefined index: user_number D:\phpStudy\WWW\db_car_system-master\tp\Application\Runtime\Cache\Home\ffa8aade729e4e26e935cd9703650a4b.php 第 78 行.
NOTIC: [8] Undefined index: car_plate_number D:\phpStudy\WWW\db_car_system-master\tp\Application\Runtime\Cache\Home\ffa8aade729e4e26e935cd9703650a4b.php 第 72 行.
NOTIC: [8] Undefined index: user_number D:\phpStudy\WWW\db_car_system-master\tp\Application\Runtime\Cache\Home\ffa8aade729e4e26e935cd9703650a4b.php 第 78 行.
NOTIC: [8] Undefined index: car_plate_number D:\phpStudy\WWW\db_car_system-master\tp\Application\Runtime\Cache\Home\ffa8aade729e4e26e935cd9703650a4b.php 第 72 行.
NOTIC: [8] Undefined index: user_number D:\phpStudy\WWW\db_car_system-master\tp\Application\Runtime\Cache\Home\ffa8aade729e4e26e935cd9703650a4b.php 第 78 行.
NOTIC: [8] Undefined index: car_plate_number D:\phpStudy\WWW\db_car_system-master\tp\Application\Runtime\Cache\Home\ffa8aade729e4e26e935cd9703650a4b.php 第 72 行.
NOTIC: [8] Undefined index: user_number D:\phpStudy\WWW\db_car_system-master\tp\Application\Runtime\Cache\Home\ffa8aade729e4e26e935cd9703650a4b.php 第 78 行.
NOTIC: [8] Undefined index: car_plate_number D:\phpStudy\WWW\db_car_system-master\tp\Application\Runtime\Cache\Home\ffa8aade729e4e26e935cd9703650a4b.php 第 72 行.
NOTIC: [8] Undefined index: user_number D:\phpStudy\WWW\db_car_system-master\tp\Application\Runtime\Cache\Home\ffa8aade729e4e26e935cd9703650a4b.php 第 78 行.
NOTIC: [8] Undefined index: car_plate_number D:\phpStudy\WWW\db_car_system-master\tp\Application\Runtime\Cache\Home\ffa8aade729e4e26e935cd9703650a4b.php 第 72 行.
NOTIC: [8] Undefined index: user_number D:\phpStudy\WWW\db_car_system-master\tp\Application\Runtime\Cache\Home\ffa8aade729e4e26e935cd9703650a4b.php 第 78 行.
NOTIC: [8] Undefined index: car_plate_number D:\phpStudy\WWW\db_car_system-master\tp\Application\Runtime\Cache\Home\ffa8aade729e4e26e935cd9703650a4b.php 第 72 行.
NOTIC: [8] Undefined index: user_number D:\phpStudy\WWW\db_car_system-master\tp\Application\Runtime\Cache\Home\ffa8aade729e4e26e935cd9703650a4b.php 第 78 行.
NOTIC: [8] Undefined index: car_plate_number D:\phpStudy\WWW\db_car_system-master\tp\Application\Runtime\Cache\Home\ffa8aade729e4e26e935cd9703650a4b.php 第 72 行.
NOTIC: [8] Undefined index: user_number D:\phpStudy\WWW\db_car_system-master\tp\Application\Runtime\Cache\Home\ffa8aade729e4e26e935cd9703650a4b.php 第 78 行.
NOTIC: [8] Undefined index: car_plate_number D:\phpStudy\WWW\db_car_system-master\tp\Application\Runtime\Cache\Home\ffa8aade729e4e26e935cd9703650a4b.php 第 72 行.
NOTIC: [8] Undefined index: user_number D:\phpStudy\WWW\db_car_system-master\tp\Application\Runtime\Cache\Home\ffa8aade729e4e26e935cd9703650a4b.php 第 78 行.
NOTIC: [8] Undefined index: car_plate_number D:\phpStudy\WWW\db_car_system-master\tp\Application\Runtime\Cache\Home\ffa8aade729e4e26e935cd9703650a4b.php 第 72 行.
NOTIC: [8] Undefined index: user_number D:\phpStudy\WWW\db_car_system-master\tp\Application\Runtime\Cache\Home\ffa8aade729e4e26e935cd9703650a4b.php 第 78 行.
NOTIC: [8] Undefined index: car_plate_number D:\phpStudy\WWW\db_car_system-master\tp\Application\Runtime\Cache\Home\ffa8aade729e4e26e935cd9703650a4b.php 第 72 行.
NOTIC: [8] Undefined index: user_number D:\phpStudy\WWW\db_car_system-master\tp\Application\Runtime\Cache\Home\ffa8aade729e4e26e935cd9703650a4b.php 第 78 行.
NOTIC: [8] Undefined index: car_plate_number D:\phpStudy\WWW\db_car_system-master\tp\Application\Runtime\Cache\Home\ffa8aade729e4e26e935cd9703650a4b.php 第 72 行.
NOTIC: [8] Undefined index: user_number D:\phpStudy\WWW\db_car_system-master\tp\Application\Runtime\Cache\Home\ffa8aade729e4e26e935cd9703650a4b.php 第 78 行.
NOTIC: [8] Undefined index: car_plate_number D:\phpStudy\WWW\db_car_system-master\tp\Application\Runtime\Cache\Home\ffa8aade729e4e26e935cd9703650a4b.php 第 72 行.
NOTIC: [8] Undefined index: user_number D:\phpStudy\WWW\db_car_system-master\tp\Application\Runtime\Cache\Home\ffa8aade729e4e26e935cd9703650a4b.php 第 78 行.
NOTIC: [8] Undefined index: car_plate_number D:\phpStudy\WWW\db_car_system-master\tp\Application\Runtime\Cache\Home\ffa8aade729e4e26e935cd9703650a4b.php 第 72 行.
NOTIC: [8] Undefined index: user_number D:\phpStudy\WWW\db_car_system-master\tp\Application\Runtime\Cache\Home\ffa8aade729e4e26e935cd9703650a4b.php 第 78 行.
NOTIC: [8] Undefined index: car_plate_number D:\phpStudy\WWW\db_car_system-master\tp\Application\Runtime\Cache\Home\ffa8aade729e4e26e935cd9703650a4b.php 第 72 行.
NOTIC: [8] Undefined index: user_number D:\phpStudy\WWW\db_car_system-master\tp\Application\Runtime\Cache\Home\ffa8aade729e4e26e935cd9703650a4b.php 第 78 行.
NOTIC: [8] Undefined index: car_plate_number D:\phpStudy\WWW\db_car_system-master\tp\Application\Runtime\Cache\Home\ffa8aade729e4e26e935cd9703650a4b.php 第 72 行.
NOTIC: [8] Undefined index: user_number D:\phpStudy\WWW\db_car_system-master\tp\Application\Runtime\Cache\Home\ffa8aade729e4e26e935cd9703650a4b.php 第 78 行.
NOTIC: [8] Undefined index: car_plate_number D:\phpStudy\WWW\db_car_system-master\tp\Application\Runtime\Cache\Home\ffa8aade729e4e26e935cd9703650a4b.php 第 72 行.
NOTIC: [8] Undefined index: user_number D:\phpStudy\WWW\db_car_system-master\tp\Application\Runtime\Cache\Home\ffa8aade729e4e26e935cd9703650a4b.php 第 78 行.
NOTIC: [8] Undefined index: car_plate_number D:\phpStudy\WWW\db_car_system-master\tp\Application\Runtime\Cache\Home\ffa8aade729e4e26e935cd9703650a4b.php 第 72 行.
NOTIC: [8] Undefined index: user_number D:\phpStudy\WWW\db_car_system-master\tp\Application\Runtime\Cache\Home\ffa8aade729e4e26e935cd9703650a4b.php 第 78 行.
NOTIC: [8] Undefined index: car_plate_number D:\phpStudy\WWW\db_car_system-master\tp\Application\Runtime\Cache\Home\ffa8aade729e4e26e935cd9703650a4b.php 第 72 行.
NOTIC: [8] Undefined index: user_number D:\phpStudy\WWW\db_car_system-master\tp\Application\Runtime\Cache\Home\ffa8aade729e4e26e935cd9703650a4b.php 第 78 行.
NOTIC: [8] Undefined index: car_plate_number D:\phpStudy\WWW\db_car_system-master\tp\Application\Runtime\Cache\Home\ffa8aade729e4e26e935cd9703650a4b.php 第 72 行.
NOTIC: [8] Undefined index: user_number D:\phpStudy\WWW\db_car_system-master\tp\Application\Runtime\Cache\Home\ffa8aade729e4e26e935cd9703650a4b.php 第 78 行.
NOTIC: [8] Undefined index: car_plate_number D:\phpStudy\WWW\db_car_system-master\tp\Application\Runtime\Cache\Home\ffa8aade729e4e26e935cd9703650a4b.php 第 72 行.
NOTIC: [8] Undefined index: user_number D:\phpStudy\WWW\db_car_system-master\tp\Application\Runtime\Cache\Home\ffa8aade729e4e26e935cd9703650a4b.php 第 78 行.
NOTIC: [8] Undefined index: car_plate_number D:\phpStudy\WWW\db_car_system-master\tp\Application\Runtime\Cache\Home\ffa8aade729e4e26e935cd9703650a4b.php 第 72 行.
NOTIC: [8] Undefined index: user_number D:\phpStudy\WWW\db_car_system-master\tp\Application\Runtime\Cache\Home\ffa8aade729e4e26e935cd9703650a4b.php 第 78 行.
NOTIC: [8] Undefined index: car_plate_number D:\phpStudy\WWW\db_car_system-master\tp\Application\Runtime\Cache\Home\ffa8aade729e4e26e935cd9703650a4b.php 第 72 行.
NOTIC: [8] Undefined index: user_number D:\phpStudy\WWW\db_car_system-master\tp\Application\Runtime\Cache\Home\ffa8aade729e4e26e935cd9703650a4b.php 第 78 行.
NOTIC: [8] Undefined index: car_plate_number D:\phpStudy\WWW\db_car_system-master\tp\Application\Runtime\Cache\Home\ffa8aade729e4e26e935cd9703650a4b.php 第 72 行.
NOTIC: [8] Undefined index: user_number D:\phpStudy\WWW\db_car_system-master\tp\Application\Runtime\Cache\Home\ffa8aade729e4e26e935cd9703650a4b.php 第 78 行.
INFO: Run Behavior\ParseTemplate [ RunTime:0.009001s ]
INFO: [ view_parse ] --END-- [ RunTime:0.009001s ]
INFO: [ view_filter ] --START--
INFO: Run Behavior\WriteHtmlCache [ RunTime:0.000000s ]
INFO: [ view_filter ] --END-- [ RunTime:0.000000s ]
INFO: [ app_end ] --START--
INFO: Run Behavior\ShowPageTrace [ RunTime:0.001000s ]
INFO: [ app_end ] --END-- [ RunTime:0.001000s ]

[ 2018-05-03T21:42:39+08:00 ] 127.0.0.1 /index.php?c=car&a=index
INFO: [ app_begin ] --START--
INFO: Run Behavior\ReadHtmlCache [ RunTime:0.000000s ]
INFO: [ app_begin ] --END-- [ RunTime:0.000000s ]
SQL: SHOW COLUMNS FROM `t_car` [ RunTime:0.003000s ]
SQL: SELECT * FROM `t_car`  [ RunTime:0.000000s ]
INFO: [ view_parse ] --START--
INFO: [ template_filter ] --START--
INFO: Run Behavior\ContentReplace [ RunTime:0.000000s ]
INFO: [ template_filter ] --END-- [ RunTime:0.000000s ]
INFO: Run Behavior\ParseTemplate [ RunTime:0.006001s ]
INFO: [ view_parse ] --END-- [ RunTime:0.006001s ]
INFO: [ view_filter ] --START--
INFO: Run Behavior\WriteHtmlCache [ RunTime:0.001000s ]
INFO: [ view_filter ] --END-- [ RunTime:0.001000s ]
INFO: [ app_end ] --START--
INFO: Run Behavior\ShowPageTrace [ RunTime:0.000000s ]
INFO: [ app_end ] --END-- [ RunTime:0.000000s ]

[ 2018-05-03T21:42:44+08:00 ] 127.0.0.1 /index.php?c=user&a=index
INFO: [ app_begin ] --START--
INFO: Run Behavior\ReadHtmlCache [ RunTime:0.001000s ]
INFO: [ app_begin ] --END-- [ RunTime:0.001000s ]
SQL: SHOW COLUMNS FROM `t_user` [ RunTime:0.003001s ]
SQL: SELECT * FROM `t_user`  [ RunTime:0.001000s ]
INFO: [ view_parse ] --START--
INFO: [ template_filter ] --START--
INFO: Run Behavior\ContentReplace [ RunTime:0.000000s ]
INFO: [ template_filter ] --END-- [ RunTime:0.000000s ]
INFO: Run Behavior\ParseTemplate [ RunTime:0.006000s ]
INFO: [ view_parse ] --END-- [ RunTime:0.006000s ]
INFO: [ view_filter ] --START--
INFO: Run Behavior\WriteHtmlCache [ RunTime:0.001000s ]
INFO: [ view_filter ] --END-- [ RunTime:0.001000s ]
INFO: [ app_end ] --START--
INFO: Run Behavior\ShowPageTrace [ RunTime:0.000000s ]
INFO: [ app_end ] --END-- [ RunTime:0.000000s ]

[ 2018-05-03T21:42:46+08:00 ] 127.0.0.1 /index.php?c=car&a=index
INFO: [ app_begin ] --START--
INFO: Run Behavior\ReadHtmlCache [ RunTime:0.000000s ]
INFO: [ app_begin ] --END-- [ RunTime:0.000000s ]
SQL: SHOW COLUMNS FROM `t_car` [ RunTime:0.003001s ]
SQL: SELECT * FROM `t_car`  [ RunTime:0.001000s ]
INFO: [ view_parse ] --START--
INFO: [ template_filter ] --START--
INFO: Run Behavior\ContentReplace [ RunTime:0.000000s ]
INFO: [ template_filter ] --END-- [ RunTime:0.000000s ]
INFO: Run Behavior\ParseTemplate [ RunTime:0.006000s ]
INFO: [ view_parse ] --END-- [ RunTime:0.006000s ]
INFO: [ view_filter ] --START--
INFO: Run Behavior\WriteHtmlCache [ RunTime:0.000000s ]
INFO: [ view_filter ] --END-- [ RunTime:0.000000s ]
INFO: [ app_end ] --START--
INFO: Run Behavior\ShowPageTrace [ RunTime:0.001000s ]
INFO: [ app_end ] --END-- [ RunTime:0.001000s ]

[ 2018-05-03T21:42:48+08:00 ] 127.0.0.1 /index.php?c=user&a=index
INFO: [ app_begin ] --START--
INFO: Run Behavior\ReadHtmlCache [ RunTime:0.000000s ]
INFO: [ app_begin ] --END-- [ RunTime:0.000000s ]
SQL: SHOW COLUMNS FROM `t_user` [ RunTime:0.003000s ]
SQL: SELECT * FROM `t_user`  [ RunTime:0.000000s ]
INFO: [ view_parse ] --START--
INFO: [ template_filter ] --START--
INFO: Run Behavior\ContentReplace [ RunTime:0.000000s ]
INFO: [ template_filter ] --END-- [ RunTime:0.000000s ]
INFO: Run Behavior\ParseTemplate [ RunTime:0.006000s ]
INFO: [ view_parse ] --END-- [ RunTime:0.006000s ]
INFO: [ view_filter ] --START--
INFO: Run Behavior\WriteHtmlCache [ RunTime:0.000000s ]
INFO: [ view_filter ] --END-- [ RunTime:0.001000s ]
INFO: [ app_end ] --START--
INFO: Run Behavior\ShowPageTrace [ RunTime:0.000000s ]
INFO: [ app_end ] --END-- [ RunTime:0.000000s ]

[ 2018-05-03T21:42:49+08:00 ] 127.0.0.1 /password
INFO: [ app_begin ] --START--
INFO: Run Behavior\ReadHtmlCache [ RunTime:0.001000s ]
INFO: [ app_begin ] --END-- [ RunTime:0.001000s ]
INFO: [ view_parse ] --START--
INFO: [ template_filter ] --START--
INFO: Run Behavior\ContentReplace [ RunTime:0.000000s ]
INFO: [ template_filter ] --END-- [ RunTime:0.001000s ]
INFO: Run Behavior\ParseTemplate [ RunTime:0.005000s ]
INFO: [ view_parse ] --END-- [ RunTime:0.005000s ]
INFO: [ view_filter ] --START--
INFO: Run Behavior\WriteHtmlCache [ RunTime:0.001000s ]
INFO: [ view_filter ] --END-- [ RunTime:0.001000s ]
INFO: [ app_end ] --START--
INFO: Run Behavior\ShowPageTrace [ RunTime:0.000000s ]
INFO: [ app_end ] --END-- [ RunTime:0.000000s ]

[ 2018-05-03T21:42:50+08:00 ] 127.0.0.1 /index.php?c=order&a=create
INFO: [ app_begin ] --START--
INFO: Run Behavior\ReadHtmlCache [ RunTime:0.000000s ]
INFO: [ app_begin ] --END-- [ RunTime:0.000000s ]
INFO: [ view_parse ] --START--
INFO: [ template_filter ] --START--
INFO: Run Behavior\ContentReplace [ RunTime:0.000000s ]
INFO: [ template_filter ] --END-- [ RunTime:0.000000s ]
INFO: Run Behavior\ParseTemplate [ RunTime:0.005000s ]
INFO: [ view_parse ] --END-- [ RunTime:0.005000s ]
INFO: [ view_filter ] --START--
INFO: Run Behavior\WriteHtmlCache [ RunTime:0.000000s ]
INFO: [ view_filter ] --END-- [ RunTime:0.000000s ]
INFO: [ app_end ] --START--
INFO: Run Behavior\ShowPageTrace [ RunTime:0.001000s ]
INFO: [ app_end ] --END-- [ RunTime:0.001000s ]

[ 2018-05-03T21:42:52+08:00 ] 127.0.0.1 /index.php?c=order&a=index
INFO: [ app_begin ] --START--
INFO: Run Behavior\ReadHtmlCache [ RunTime:0.001000s ]
INFO: [ app_begin ] --END-- [ RunTime:0.001000s ]
SQL: SHOW COLUMNS FROM `t_order` [ RunTime:0.003000s ]
SQL: SELECT * FROM `t_order`  [ RunTime:0.001000s ]
INFO: [ view_parse ] --START--
INFO: [ template_filter ] --START--
INFO: Run Behavior\ContentReplace [ RunTime:0.000000s ]
INFO: [ template_filter ] --END-- [ RunTime:0.000000s ]
NOTIC: [8] Undefined index: car_plate_number D:\phpStudy\WWW\db_car_system-master\tp\Application\Runtime\Cache\Home\ffa8aade729e4e26e935cd9703650a4b.php 第 72 行.
NOTIC: [8] Undefined index: user_number D:\phpStudy\WWW\db_car_system-master\tp\Application\Runtime\Cache\Home\ffa8aade729e4e26e935cd9703650a4b.php 第 78 行.
NOTIC: [8] Undefined index: car_plate_number D:\phpStudy\WWW\db_car_system-master\tp\Application\Runtime\Cache\Home\ffa8aade729e4e26e935cd9703650a4b.php 第 72 行.
NOTIC: [8] Undefined index: user_number D:\phpStudy\WWW\db_car_system-master\tp\Application\Runtime\Cache\Home\ffa8aade729e4e26e935cd9703650a4b.php 第 78 行.
NOTIC: [8] Undefined index: car_plate_number D:\phpStudy\WWW\db_car_system-master\tp\Application\Runtime\Cache\Home\ffa8aade729e4e26e935cd9703650a4b.php 第 72 行.
NOTIC: [8] Undefined index: user_number D:\phpStudy\WWW\db_car_system-master\tp\Application\Runtime\Cache\Home\ffa8aade729e4e26e935cd9703650a4b.php 第 78 行.
NOTIC: [8] Undefined index: car_plate_number D:\phpStudy\WWW\db_car_system-master\tp\Application\Runtime\Cache\Home\ffa8aade729e4e26e935cd9703650a4b.php 第 72 行.
NOTIC: [8] Undefined index: user_number D:\phpStudy\WWW\db_car_system-master\tp\Application\Runtime\Cache\Home\ffa8aade729e4e26e935cd9703650a4b.php 第 78 行.
NOTIC: [8] Undefined index: car_plate_number D:\phpStudy\WWW\db_car_system-master\tp\Application\Runtime\Cache\Home\ffa8aade729e4e26e935cd9703650a4b.php 第 72 行.
NOTIC: [8] Undefined index: user_number D:\phpStudy\WWW\db_car_system-master\tp\Application\Runtime\Cache\Home\ffa8aade729e4e26e935cd9703650a4b.php 第 78 行.
NOTIC: [8] Undefined index: car_plate_number D:\phpStudy\WWW\db_car_system-master\tp\Application\Runtime\Cache\Home\ffa8aade729e4e26e935cd9703650a4b.php 第 72 行.
NOTIC: [8] Undefined index: user_number D:\phpStudy\WWW\db_car_system-master\tp\Application\Runtime\Cache\Home\ffa8aade729e4e26e935cd9703650a4b.php 第 78 行.
NOTIC: [8] Undefined index: car_plate_number D:\phpStudy\WWW\db_car_system-master\tp\Application\Runtime\Cache\Home\ffa8aade729e4e26e935cd9703650a4b.php 第 72 行.
NOTIC: [8] Undefined index: user_number D:\phpStudy\WWW\db_car_system-master\tp\Application\Runtime\Cache\Home\ffa8aade729e4e26e935cd9703650a4b.php 第 78 行.
NOTIC: [8] Undefined index: car_plate_number D:\phpStudy\WWW\db_car_system-master\tp\Application\Runtime\Cache\Home\ffa8aade729e4e26e935cd9703650a4b.php 第 72 行.
NOTIC: [8] Undefined index: user_number D:\phpStudy\WWW\db_car_system-master\tp\Application\Runtime\Cache\Home\ffa8aade729e4e26e935cd9703650a4b.php 第 78 行.
NOTIC: [8] Undefined index: car_plate_number D:\phpStudy\WWW\db_car_system-master\tp\Application\Runtime\Cache\Home\ffa8aade729e4e26e935cd9703650a4b.php 第 72 行.
NOTIC: [8] Undefined index: user_number D:\phpStudy\WWW\db_car_system-master\tp\Application\Runtime\Cache\Home\ffa8aade729e4e26e935cd9703650a4b.php 第 78 行.
NOTIC: [8] Undefined index: car_plate_number D:\phpStudy\WWW\db_car_system-master\tp\Application\Runtime\Cache\Home\ffa8aade729e4e26e935cd9703650a4b.php 第 72 行.
NOTIC: [8] Undefined index: user_number D:\phpStudy\WWW\db_car_system-master\tp\Application\Runtime\Cache\Home\ffa8aade729e4e26e935cd9703650a4b.php 第 78 行.
NOTIC: [8] Undefined index: car_plate_number D:\phpStudy\WWW\db_car_system-master\tp\Application\Runtime\Cache\Home\ffa8aade729e4e26e935cd9703650a4b.php 第 72 行.
NOTIC: [8] Undefined index: user_number D:\phpStudy\WWW\db_car_system-master\tp\Application\Runtime\Cache\Home\ffa8aade729e4e26e935cd9703650a4b.php 第 78 行.
NOTIC: [8] Undefined index: car_plate_number D:\phpStudy\WWW\db_car_system-master\tp\Application\Runtime\Cache\Home\ffa8aade729e4e26e935cd9703650a4b.php 第 72 行.
NOTIC: [8] Undefined index: user_number D:\phpStudy\WWW\db_car_system-master\tp\Application\Runtime\Cache\Home\ffa8aade729e4e26e935cd9703650a4b.php 第 78 行.
NOTIC: [8] Undefined index: car_plate_number D:\phpStudy\WWW\db_car_system-master\tp\Application\Runtime\Cache\Home\ffa8aade729e4e26e935cd9703650a4b.php 第 72 行.
NOTIC: [8] Undefined index: user_number D:\phpStudy\WWW\db_car_system-master\tp\Application\Runtime\Cache\Home\ffa8aade729e4e26e935cd9703650a4b.php 第 78 行.
NOTIC: [8] Undefined index: car_plate_number D:\phpStudy\WWW\db_car_system-master\tp\Application\Runtime\Cache\Home\ffa8aade729e4e26e935cd9703650a4b.php 第 72 行.
NOTIC: [8] Undefined index: user_number D:\phpStudy\WWW\db_car_system-master\tp\Application\Runtime\Cache\Home\ffa8aade729e4e26e935cd9703650a4b.php 第 78 行.
NOTIC: [8] Undefined index: car_plate_number D:\phpStudy\WWW\db_car_system-master\tp\Application\Runtime\Cache\Home\ffa8aade729e4e26e935cd9703650a4b.php 第 72 行.
NOTIC: [8] Undefined index: user_number D:\phpStudy\WWW\db_car_system-master\tp\Application\Runtime\Cache\Home\ffa8aade729e4e26e935cd9703650a4b.php 第 78 行.
NOTIC: [8] Undefined index: car_plate_number D:\phpStudy\WWW\db_car_system-master\tp\Application\Runtime\Cache\Home\ffa8aade729e4e26e935cd9703650a4b.php 第 72 行.
NOTIC: [8] Undefined index: user_number D:\phpStudy\WWW\db_car_system-master\tp\Application\Runtime\Cache\Home\ffa8aade729e4e26e935cd9703650a4b.php 第 78 行.
NOTIC: [8] Undefined index: car_plate_number D:\phpStudy\WWW\db_car_system-master\tp\Application\Runtime\Cache\Home\ffa8aade729e4e26e935cd9703650a4b.php 第 72 行.
NOTIC: [8] Undefined index: user_number D:\phpStudy\WWW\db_car_system-master\tp\Application\Runtime\Cache\Home\ffa8aade729e4e26e935cd9703650a4b.php 第 78 行.
NOTIC: [8] Undefined index: car_plate_number D:\phpStudy\WWW\db_car_system-master\tp\Application\Runtime\Cache\Home\ffa8aade729e4e26e935cd9703650a4b.php 第 72 行.
NOTIC: [8] Undefined index: user_number D:\phpStudy\WWW\db_car_system-master\tp\Application\Runtime\Cache\Home\ffa8aade729e4e26e935cd9703650a4b.php 第 78 行.
NOTIC: [8] Undefined index: car_plate_number D:\phpStudy\WWW\db_car_system-master\tp\Application\Runtime\Cache\Home\ffa8aade729e4e26e935cd9703650a4b.php 第 72 行.
NOTIC: [8] Undefined index: user_number D:\phpStudy\WWW\db_car_system-master\tp\Application\Runtime\Cache\Home\ffa8aade729e4e26e935cd9703650a4b.php 第 78 行.
NOTIC: [8] Undefined index: car_plate_number D:\phpStudy\WWW\db_car_system-master\tp\Application\Runtime\Cache\Home\ffa8aade729e4e26e935cd9703650a4b.php 第 72 行.
NOTIC: [8] Undefined index: user_number D:\phpStudy\WWW\db_car_system-master\tp\Application\Runtime\Cache\Home\ffa8aade729e4e26e935cd9703650a4b.php 第 78 行.
NOTIC: [8] Undefined index: car_plate_number D:\phpStudy\WWW\db_car_system-master\tp\Application\Runtime\Cache\Home\ffa8aade729e4e26e935cd9703650a4b.php 第 72 行.
NOTIC: [8] Undefined index: user_number D:\phpStudy\WWW\db_car_system-master\tp\Application\Runtime\Cache\Home\ffa8aade729e4e26e935cd9703650a4b.php 第 78 行.
NOTIC: [8] Undefined index: car_plate_number D:\phpStudy\WWW\db_car_system-master\tp\Application\Runtime\Cache\Home\ffa8aade729e4e26e935cd9703650a4b.php 第 72 行.
NOTIC: [8] Undefined index: user_number D:\phpStudy\WWW\db_car_system-master\tp\Application\Runtime\Cache\Home\ffa8aade729e4e26e935cd9703650a4b.php 第 78 行.
NOTIC: [8] Undefined index: car_plate_number D:\phpStudy\WWW\db_car_system-master\tp\Application\Runtime\Cache\Home\ffa8aade729e4e26e935cd9703650a4b.php 第 72 行.
NOTIC: [8] Undefined index: user_number D:\phpStudy\WWW\db_car_system-master\tp\Application\Runtime\Cache\Home\ffa8aade729e4e26e935cd9703650a4b.php 第 78 行.
NOTIC: [8] Undefined index: car_plate_number D:\phpStudy\WWW\db_car_system-master\tp\Application\Runtime\Cache\Home\ffa8aade729e4e26e935cd9703650a4b.php 第 72 行.
NOTIC: [8] Undefined index: user_number D:\phpStudy\WWW\db_car_system-master\tp\Application\Runtime\Cache\Home\ffa8aade729e4e26e935cd9703650a4b.php 第 78 行.
NOTIC: [8] Undefined index: car_plate_number D:\phpStudy\WWW\db_car_system-master\tp\Application\Runtime\Cache\Home\ffa8aade729e4e26e935cd9703650a4b.php 第 72 行.
NOTIC: [8] Undefined index: user_number D:\phpStudy\WWW\db_car_system-master\tp\Application\Runtime\Cache\Home\ffa8aade729e4e26e935cd9703650a4b.php 第 78 行.
NOTIC: [8] Undefined index: car_plate_number D:\phpStudy\WWW\db_car_system-master\tp\Application\Runtime\Cache\Home\ffa8aade729e4e26e935cd9703650a4b.php 第 72 行.
NOTIC: [8] Undefined index: user_number D:\phpStudy\WWW\db_car_system-master\tp\Application\Runtime\Cache\Home\ffa8aade729e4e26e935cd9703650a4b.php 第 78 行.
NOTIC: [8] Undefined index: car_plate_number D:\phpStudy\WWW\db_car_system-master\tp\Application\Runtime\Cache\Home\ffa8aade729e4e26e935cd9703650a4b.php 第 72 行.
NOTIC: [8] Undefined index: user_number D:\phpStudy\WWW\db_car_system-master\tp\Application\Runtime\Cache\Home\ffa8aade729e4e26e935cd9703650a4b.php 第 78 行.
NOTIC: [8] Undefined index: car_plate_number D:\phpStudy\WWW\db_car_system-master\tp\Application\Runtime\Cache\Home\ffa8aade729e4e26e935cd9703650a4b.php 第 72 行.
NOTIC: [8] Undefined index: user_number D:\phpStudy\WWW\db_car_system-master\tp\Application\Runtime\Cache\Home\ffa8aade729e4e26e935cd9703650a4b.php 第 78 行.
NOTIC: [8] Undefined index: car_plate_number D:\phpStudy\WWW\db_car_system-master\tp\Application\Runtime\Cache\Home\ffa8aade729e4e26e935cd9703650a4b.php 第 72 行.
NOTIC: [8] Undefined index: user_number D:\phpStudy\WWW\db_car_system-master\tp\Application\Runtime\Cache\Home\ffa8aade729e4e26e935cd9703650a4b.php 第 78 行.
NOTIC: [8] Undefined index: car_plate_number D:\phpStudy\WWW\db_car_system-master\tp\Application\Runtime\Cache\Home\ffa8aade729e4e26e935cd9703650a4b.php 第 72 行.
NOTIC: [8] Undefined index: user_number D:\phpStudy\WWW\db_car_system-master\tp\Application\Runtime\Cache\Home\ffa8aade729e4e26e935cd9703650a4b.php 第 78 行.
NOTIC: [8] Undefined index: car_plate_number D:\phpStudy\WWW\db_car_system-master\tp\Application\Runtime\Cache\Home\ffa8aade729e4e26e935cd9703650a4b.php 第 72 行.
NOTIC: [8] Undefined index: user_number D:\phpStudy\WWW\db_car_system-master\tp\Application\Runtime\Cache\Home\ffa8aade729e4e26e935cd9703650a4b.php 第 78 行.
NOTIC: [8] Undefined index: car_plate_number D:\phpStudy\WWW\db_car_system-master\tp\Application\Runtime\Cache\Home\ffa8aade729e4e26e935cd9703650a4b.php 第 72 行.
NOTIC: [8] Undefined index: user_number D:\phpStudy\WWW\db_car_system-master\tp\Application\Runtime\Cache\Home\ffa8aade729e4e26e935cd9703650a4b.php 第 78 行.
INFO: Run Behavior\ParseTemplate [ RunTime:0.009001s ]
INFO: [ view_parse ] --END-- [ RunTime:0.009001s ]
INFO: [ view_filter ] --START--
INFO: Run Behavior\WriteHtmlCache [ RunTime:0.000000s ]
INFO: [ view_filter ] --END-- [ RunTime:0.000000s ]
INFO: [ app_end ] --START--
INFO: Run Behavior\ShowPageTrace [ RunTime:0.001000s ]
INFO: [ app_end ] --END-- [ RunTime:0.001000s ]

[ 2018-05-03T21:42:54+08:00 ] 127.0.0.1 /index.php?c=car&a=index
INFO: [ app_begin ] --START--
INFO: Run Behavior\ReadHtmlCache [ RunTime:0.000000s ]
INFO: [ app_begin ] --END-- [ RunTime:0.000000s ]
SQL: SHOW COLUMNS FROM `t_car` [ RunTime:0.003001s ]
SQL: SELECT * FROM `t_car`  [ RunTime:0.001000s ]
INFO: [ view_parse ] --START--
INFO: [ template_filter ] --START--
INFO: Run Behavior\ContentReplace [ RunTime:0.000000s ]
INFO: [ template_filter ] --END-- [ RunTime:0.000000s ]
INFO: Run Behavior\ParseTemplate [ RunTime:0.006000s ]
INFO: [ view_parse ] --END-- [ RunTime:0.006000s ]
INFO: [ view_filter ] --START--
INFO: Run Behavior\WriteHtmlCache [ RunTime:0.000000s ]
INFO: [ view_filter ] --END-- [ RunTime:0.000000s ]
INFO: [ app_end ] --START--
INFO: Run Behavior\ShowPageTrace [ RunTime:0.001000s ]
INFO: [ app_end ] --END-- [ RunTime:0.001000s ]

[ 2018-05-03T21:43:54+08:00 ] 127.0.0.1 /index.php?c=car&a=index
INFO: [ app_begin ] --START--
INFO: Run Behavior\ReadHtmlCache [ RunTime:0.001000s ]
INFO: [ app_begin ] --END-- [ RunTime:0.001000s ]
SQL: SHOW COLUMNS FROM `t_car` [ RunTime:0.003000s ]
SQL: SELECT * FROM `t_car`  [ RunTime:0.001000s ]
INFO: [ view_parse ] --START--
INFO: [ template_filter ] --START--
INFO: Run Behavior\ContentReplace [ RunTime:0.000000s ]
INFO: [ template_filter ] --END-- [ RunTime:0.000000s ]
INFO: Run Behavior\ParseTemplate [ RunTime:0.007001s ]
INFO: [ view_parse ] --END-- [ RunTime:0.007001s ]
INFO: [ view_filter ] --START--
INFO: Run Behavior\WriteHtmlCache [ RunTime:0.000000s ]
INFO: [ view_filter ] --END-- [ RunTime:0.000000s ]
INFO: [ app_end ] --START--
INFO: Run Behavior\ShowPageTrace [ RunTime:0.001000s ]
INFO: [ app_end ] --END-- [ RunTime:0.001000s ]

[ 2018-05-03T21:43:56+08:00 ] 127.0.0.1 /index.php?c=car&a=index
INFO: [ app_begin ] --START--
INFO: Run Behavior\ReadHtmlCache [ RunTime:0.000000s ]
INFO: [ app_begin ] --END-- [ RunTime:0.000000s ]
SQL: SHOW COLUMNS FROM `t_car` [ RunTime:0.003000s ]
SQL: SELECT * FROM `t_car`  [ RunTime:0.001000s ]
INFO: [ view_parse ] --START--
INFO: [ template_filter ] --START--
INFO: Run Behavior\ContentReplace [ RunTime:0.000000s ]
INFO: [ template_filter ] --END-- [ RunTime:0.000000s ]
INFO: Run Behavior\ParseTemplate [ RunTime:0.006001s ]
INFO: [ view_parse ] --END-- [ RunTime:0.006001s ]
INFO: [ view_filter ] --START--
INFO: Run Behavior\WriteHtmlCache [ RunTime:0.000000s ]
INFO: [ view_filter ] --END-- [ RunTime:0.000000s ]
INFO: [ app_end ] --START--
INFO: Run Behavior\ShowPageTrace [ RunTime:0.000000s ]
INFO: [ app_end ] --END-- [ RunTime:0.000000s ]

[ 2018-05-03T21:44:30+08:00 ] 127.0.0.1 /index.php?c=car&a=index
INFO: [ app_begin ] --START--
INFO: Run Behavior\ReadHtmlCache [ RunTime:0.000000s ]
INFO: [ app_begin ] --END-- [ RunTime:0.000000s ]
SQL: SHOW COLUMNS FROM `t_car` [ RunTime:0.003000s ]
SQL: SELECT * FROM `t_car`  [ RunTime:0.001000s ]
INFO: [ view_parse ] --START--
INFO: [ template_filter ] --START--
INFO: Run Behavior\ContentReplace [ RunTime:0.000000s ]
INFO: [ template_filter ] --END-- [ RunTime:0.000000s ]
INFO: Run Behavior\ParseTemplate [ RunTime:0.006001s ]
INFO: [ view_parse ] --END-- [ RunTime:0.006001s ]
INFO: [ view_filter ] --START--
INFO: Run Behavior\WriteHtmlCache [ RunTime:0.000000s ]
INFO: [ view_filter ] --END-- [ RunTime:0.000000s ]
INFO: [ app_end ] --START--
INFO: Run Behavior\ShowPageTrace [ RunTime:0.001000s ]
INFO: [ app_end ] --END-- [ RunTime:0.001000s ]

[ 2018-05-03T21:44:46+08:00 ] 127.0.0.1 /index.php?c=car&a=delete&id=1
INFO: [ app_begin ] --START--
INFO: Run Behavior\ReadHtmlCache [ RunTime:0.000000s ]
INFO: [ app_begin ] --END-- [ RunTime:0.000000s ]
SQL: SHOW COLUMNS FROM `t_car` [ RunTime:0.003000s ]
SQL: DELETE FROM `t_car` WHERE ( `id` = 1 ) [ RunTime:0.032002s ]
INFO: [ view_parse ] --START--
INFO: [ template_filter ] --START--
INFO: Run Behavior\ContentReplace [ RunTime:0.000000s ]
INFO: [ template_filter ] --END-- [ RunTime:0.000000s ]
INFO: Run Behavior\ParseTemplate [ RunTime:0.021001s ]
INFO: [ view_parse ] --END-- [ RunTime:0.022001s ]
INFO: [ view_filter ] --START--
INFO: Run Behavior\WriteHtmlCache [ RunTime:0.000000s ]
INFO: [ view_filter ] --END-- [ RunTime:0.000000s ]
INFO: [ app_end ] --START--
INFO: Run Behavior\ShowPageTrace [ RunTime:0.000000s ]
INFO: [ app_end ] --END-- [ RunTime:0.000000s ]

[ 2018-05-03T21:44:48+08:00 ] 127.0.0.1 /index.php?c=car&a=index
INFO: [ app_begin ] --START--
INFO: Run Behavior\ReadHtmlCache [ RunTime:0.000000s ]
INFO: [ app_begin ] --END-- [ RunTime:0.000000s ]
SQL: SHOW COLUMNS FROM `t_car` [ RunTime:0.003000s ]
SQL: SELECT * FROM `t_car`  [ RunTime:0.001000s ]
INFO: [ view_parse ] --START--
INFO: [ template_filter ] --START--
INFO: Run Behavior\ContentReplace [ RunTime:0.000000s ]
INFO: [ template_filter ] --END-- [ RunTime:0.000000s ]
INFO: Run Behavior\ParseTemplate [ RunTime:0.006000s ]
INFO: [ view_parse ] --END-- [ RunTime:0.006000s ]
INFO: [ view_filter ] --START--
INFO: Run Behavior\WriteHtmlCache [ RunTime:0.000000s ]
INFO: [ view_filter ] --END-- [ RunTime:0.000000s ]
INFO: [ app_end ] --START--
INFO: Run Behavior\ShowPageTrace [ RunTime:0.001000s ]
INFO: [ app_end ] --END-- [ RunTime:0.001000s ]

[ 2018-05-03T21:45:11+08:00 ] 127.0.0.1 /index.php?c=car&a=index
INFO: [ app_begin ] --START--
INFO: Run Behavior\ReadHtmlCache [ RunTime:0.000000s ]
INFO: [ app_begin ] --END-- [ RunTime:0.000000s ]
SQL: SHOW COLUMNS FROM `t_car` [ RunTime:0.003000s ]
SQL: SELECT * FROM `t_car`  [ RunTime:0.001000s ]
INFO: [ view_parse ] --START--
INFO: [ template_filter ] --START--
INFO: Run Behavior\ContentReplace [ RunTime:0.000000s ]
INFO: [ template_filter ] --END-- [ RunTime:0.000000s ]
INFO: Run Behavior\ParseTemplate [ RunTime:0.006000s ]
INFO: [ view_parse ] --END-- [ RunTime:0.006000s ]
INFO: [ view_filter ] --START--
INFO: Run Behavior\WriteHtmlCache [ RunTime:0.000000s ]
INFO: [ view_filter ] --END-- [ RunTime:0.000000s ]
INFO: [ app_end ] --START--
INFO: Run Behavior\ShowPageTrace [ RunTime:0.001000s ]
INFO: [ app_end ] --END-- [ RunTime:0.001000s ]

[ 2018-05-03T21:45:25+08:00 ] 127.0.0.1 /index.php?c=car&a=index
INFO: [ app_begin ] --START--
INFO: Run Behavior\ReadHtmlCache [ RunTime:0.000000s ]
INFO: [ app_begin ] --END-- [ RunTime:0.000000s ]
SQL: SHOW COLUMNS FROM `t_car` [ RunTime:0.003000s ]
SQL: SELECT * FROM `t_car`  [ RunTime:0.000000s ]
INFO: [ view_parse ] --START--
INFO: [ template_filter ] --START--
INFO: Run Behavior\ContentReplace [ RunTime:0.000000s ]
INFO: [ template_filter ] --END-- [ RunTime:0.000000s ]
INFO: Run Behavior\ParseTemplate [ RunTime:0.006000s ]
INFO: [ view_parse ] --END-- [ RunTime:0.006000s ]
INFO: [ view_filter ] --START--
INFO: Run Behavior\WriteHtmlCache [ RunTime:0.000000s ]
INFO: [ view_filter ] --END-- [ RunTime:0.001000s ]
INFO: [ app_end ] --START--
INFO: Run Behavior\ShowPageTrace [ RunTime:0.000000s ]
INFO: [ app_end ] --END-- [ RunTime:0.000000s ]

