[ 2018-05-19T09:03:32+08:00 ] 127.0.0.1 /
INFO: [ app_begin ] --START--
INFO: Run Behavior\ReadHtmlCache [ RunTime:0.001000s ]
INFO: [ app_begin ] --END-- [ RunTime:0.001000s ]
INFO: [ view_parse ] --START--
INFO: [ template_filter ] --START--
INFO: Run Behavior\ContentReplace [ RunTime:0.000000s ]
INFO: [ template_filter ] --END-- [ RunTime:0.000000s ]
INFO: Run Behavior\ParseTemplate [ RunTime:0.016001s ]
INFO: [ view_parse ] --END-- [ RunTime:0.016001s ]
INFO: [ view_filter ] --START--
INFO: Run Behavior\WriteHtmlCache [ RunTime:0.001000s ]
INFO: [ view_filter ] --END-- [ RunTime:0.001000s ]
INFO: [ app_end ] --START--
INFO: Run Behavior\ShowPageTrace [ RunTime:0.001000s ]
INFO: [ app_end ] --END-- [ RunTime:0.001000s ]

[ 2018-05-19T09:03:41+08:00 ] 127.0.0.1 /index.php?c=login&a=check
INFO: [ app_begin ] --START--
INFO: Run Behavior\ReadHtmlCache [ RunTime:0.000000s ]
INFO: [ app_begin ] --END-- [ RunTime:0.000000s ]
SQL: SHOW COLUMNS FROM `t_admin` [ RunTime:0.033002s ]
SQL: SELECT * FROM `t_admin` WHERE ( name='hongdi' ) LIMIT 1   [ RunTime:0.000000s ]

[ 2018-05-19T09:03:43+08:00 ] 127.0.0.1 /index.php?c=admin&a=index
INFO: [ app_begin ] --START--
INFO: Run Behavior\ReadHtmlCache [ RunTime:0.001000s ]
INFO: [ app_begin ] --END-- [ RunTime:0.001000s ]
INFO: [ view_parse ] --START--
INFO: [ template_filter ] --START--
INFO: Run Behavior\ContentReplace [ RunTime:0.000000s ]
INFO: [ template_filter ] --END-- [ RunTime:0.000000s ]
INFO: Run Behavior\ParseTemplate [ RunTime:0.015001s ]
INFO: [ view_parse ] --END-- [ RunTime:0.015001s ]
INFO: [ view_filter ] --START--
INFO: Run Behavior\WriteHtmlCache [ RunTime:0.000000s ]
INFO: [ view_filter ] --END-- [ RunTime:0.000000s ]
INFO: [ app_end ] --START--
INFO: Run Behavior\ShowPageTrace [ RunTime:0.001000s ]
INFO: [ app_end ] --END-- [ RunTime:0.001000s ]

[ 2018-05-19T09:03:45+08:00 ] 127.0.0.1 /index.php/Home/list/index.html
INFO: [ app_begin ] --START--
INFO: Run Behavior\ReadHtmlCache [ RunTime:0.000000s ]
INFO: [ app_begin ] --END-- [ RunTime:0.000000s ]
SQL: SHOW COLUMNS FROM `t_order` [ RunTime:0.026001s ]
SQL: SELECT * FROM `t_order` ORDER BY rank  [ RunTime:0.000000s ]
INFO: [ view_parse ] --START--
INFO: [ template_filter ] --START--
INFO: Run Behavior\ContentReplace [ RunTime:0.000000s ]
INFO: [ template_filter ] --END-- [ RunTime:0.000000s ]
NOTIC: [8] Undefined index: order_status D:\phpStudy\WWW\db_carorder_system\tp\Application\Runtime\Cache\Home\42fc7c8ee03e2fee3718917602a7ce2d.php 第 40 行.
NOTIC: [8] Undefined index: order_status D:\phpStudy\WWW\db_carorder_system\tp\Application\Runtime\Cache\Home\42fc7c8ee03e2fee3718917602a7ce2d.php 第 40 行.
NOTIC: [8] Undefined index: order_status D:\phpStudy\WWW\db_carorder_system\tp\Application\Runtime\Cache\Home\42fc7c8ee03e2fee3718917602a7ce2d.php 第 40 行.
NOTIC: [8] Undefined index: order_status D:\phpStudy\WWW\db_carorder_system\tp\Application\Runtime\Cache\Home\42fc7c8ee03e2fee3718917602a7ce2d.php 第 40 行.
NOTIC: [8] Undefined index: order_status D:\phpStudy\WWW\db_carorder_system\tp\Application\Runtime\Cache\Home\42fc7c8ee03e2fee3718917602a7ce2d.php 第 40 行.
NOTIC: [8] Undefined index: order_status D:\phpStudy\WWW\db_carorder_system\tp\Application\Runtime\Cache\Home\42fc7c8ee03e2fee3718917602a7ce2d.php 第 40 行.
NOTIC: [8] Undefined index: order_status D:\phpStudy\WWW\db_carorder_system\tp\Application\Runtime\Cache\Home\42fc7c8ee03e2fee3718917602a7ce2d.php 第 40 行.
INFO: Run Behavior\ParseTemplate [ RunTime:0.008001s ]
INFO: [ view_parse ] --END-- [ RunTime:0.008001s ]
INFO: [ view_filter ] --START--
INFO: Run Behavior\WriteHtmlCache [ RunTime:0.001000s ]
INFO: [ view_filter ] --END-- [ RunTime:0.001000s ]
INFO: [ app_end ] --START--
INFO: Run Behavior\ShowPageTrace [ RunTime:0.000000s ]
INFO: [ app_end ] --END-- [ RunTime:0.000000s ]

[ 2018-05-19T09:03:54+08:00 ] 127.0.0.1 /index.php/Home/list/index.html
INFO: [ app_begin ] --START--
INFO: Run Behavior\ReadHtmlCache [ RunTime:0.001000s ]
INFO: [ app_begin ] --END-- [ RunTime:0.001000s ]
SQL: SHOW COLUMNS FROM `t_order` [ RunTime:0.011001s ]
SQL: SELECT * FROM `t_order` ORDER BY rank  [ RunTime:0.000000s ]
INFO: [ view_parse ] --START--
INFO: [ template_filter ] --START--
INFO: Run Behavior\ContentReplace [ RunTime:0.000000s ]
INFO: [ template_filter ] --END-- [ RunTime:0.000000s ]
NOTIC: [8] Undefined index: order_status D:\phpStudy\WWW\db_carorder_system\tp\Application\Runtime\Cache\Home\42fc7c8ee03e2fee3718917602a7ce2d.php 第 40 行.
NOTIC: [8] Undefined index: order_status D:\phpStudy\WWW\db_carorder_system\tp\Application\Runtime\Cache\Home\42fc7c8ee03e2fee3718917602a7ce2d.php 第 40 行.
NOTIC: [8] Undefined index: order_status D:\phpStudy\WWW\db_carorder_system\tp\Application\Runtime\Cache\Home\42fc7c8ee03e2fee3718917602a7ce2d.php 第 40 行.
NOTIC: [8] Undefined index: order_status D:\phpStudy\WWW\db_carorder_system\tp\Application\Runtime\Cache\Home\42fc7c8ee03e2fee3718917602a7ce2d.php 第 40 行.
NOTIC: [8] Undefined index: order_status D:\phpStudy\WWW\db_carorder_system\tp\Application\Runtime\Cache\Home\42fc7c8ee03e2fee3718917602a7ce2d.php 第 40 行.
NOTIC: [8] Undefined index: order_status D:\phpStudy\WWW\db_carorder_system\tp\Application\Runtime\Cache\Home\42fc7c8ee03e2fee3718917602a7ce2d.php 第 40 行.
NOTIC: [8] Undefined index: order_status D:\phpStudy\WWW\db_carorder_system\tp\Application\Runtime\Cache\Home\42fc7c8ee03e2fee3718917602a7ce2d.php 第 40 行.
INFO: Run Behavior\ParseTemplate [ RunTime:0.008000s ]
INFO: [ view_parse ] --END-- [ RunTime:0.008000s ]
INFO: [ view_filter ] --START--
INFO: Run Behavior\WriteHtmlCache [ RunTime:0.000000s ]
INFO: [ view_filter ] --END-- [ RunTime:0.000000s ]
INFO: [ app_end ] --START--
INFO: Run Behavior\ShowPageTrace [ RunTime:0.001000s ]
INFO: [ app_end ] --END-- [ RunTime:0.001000s ]

[ 2018-05-19T09:03:57+08:00 ] 127.0.0.1 /index.php?c=list&a=pause
INFO: [ app_begin ] --START--
INFO: Run Behavior\ReadHtmlCache [ RunTime:0.000000s ]
INFO: [ app_begin ] --END-- [ RunTime:0.001000s ]
SQL: SHOW COLUMNS FROM `t_order` [ RunTime:0.011001s ]
SQL: SELECT MAX(rank) AS tp_max FROM `t_order` LIMIT 1   [ RunTime:0.000000s ]
SQL: UPDATE `t_order` SET `rank`=14 WHERE ( `rank` = 13 ) [ RunTime:0.040002s ]
SQL: UPDATE `t_order` SET `rank`=13 WHERE ( `rank` = 12 ) [ RunTime:0.031002s ]
SQL: UPDATE `t_order` SET `rank`=12 WHERE ( `rank` = 11 ) [ RunTime:0.027002s ]
SQL: UPDATE `t_order` SET `rank`=11 WHERE ( `rank` = 10 ) [ RunTime:0.030001s ]
SQL: UPDATE `t_order` SET `rank`=10 WHERE ( `rank` = 9 ) [ RunTime:0.028002s ]
SQL: UPDATE `t_order` SET `rank`=9 WHERE ( `rank` = 8 ) [ RunTime:0.030002s ]
SQL: UPDATE `t_order` SET `rank`=8 WHERE ( `rank` = 7 ) [ RunTime:0.036002s ]
SQL: UPDATE `t_order` SET `rank`=7 WHERE ( `rank` = 6 ) [ RunTime:0.000000s ]
SQL: SELECT COUNT(*) AS tp_count FROM `t_order` LIMIT 1   [ RunTime:0.000000s ]
SQL: SELECT MIN(id) AS tp_min FROM `t_order` LIMIT 1   [ RunTime:0.001000s ]

[ 2018-05-19T09:04:02+08:00 ] 127.0.0.1 /index.php/Home/list/index.html
INFO: [ app_begin ] --START--
INFO: Run Behavior\ReadHtmlCache [ RunTime:0.001000s ]
INFO: [ app_begin ] --END-- [ RunTime:0.001000s ]
SQL: SHOW COLUMNS FROM `t_order` [ RunTime:0.011000s ]
SQL: SELECT * FROM `t_order` ORDER BY rank  [ RunTime:0.000000s ]
INFO: [ view_parse ] --START--
INFO: [ template_filter ] --START--
INFO: Run Behavior\ContentReplace [ RunTime:0.000000s ]
INFO: [ template_filter ] --END-- [ RunTime:0.000000s ]
NOTIC: [8] Undefined index: order_status D:\phpStudy\WWW\db_carorder_system\tp\Application\Runtime\Cache\Home\42fc7c8ee03e2fee3718917602a7ce2d.php 第 40 行.
NOTIC: [8] Undefined index: order_status D:\phpStudy\WWW\db_carorder_system\tp\Application\Runtime\Cache\Home\42fc7c8ee03e2fee3718917602a7ce2d.php 第 40 行.
NOTIC: [8] Undefined index: order_status D:\phpStudy\WWW\db_carorder_system\tp\Application\Runtime\Cache\Home\42fc7c8ee03e2fee3718917602a7ce2d.php 第 40 行.
NOTIC: [8] Undefined index: order_status D:\phpStudy\WWW\db_carorder_system\tp\Application\Runtime\Cache\Home\42fc7c8ee03e2fee3718917602a7ce2d.php 第 40 行.
NOTIC: [8] Undefined index: order_status D:\phpStudy\WWW\db_carorder_system\tp\Application\Runtime\Cache\Home\42fc7c8ee03e2fee3718917602a7ce2d.php 第 40 行.
NOTIC: [8] Undefined index: order_status D:\phpStudy\WWW\db_carorder_system\tp\Application\Runtime\Cache\Home\42fc7c8ee03e2fee3718917602a7ce2d.php 第 40 行.
NOTIC: [8] Undefined index: order_status D:\phpStudy\WWW\db_carorder_system\tp\Application\Runtime\Cache\Home\42fc7c8ee03e2fee3718917602a7ce2d.php 第 40 行.
INFO: Run Behavior\ParseTemplate [ RunTime:0.008001s ]
INFO: [ view_parse ] --END-- [ RunTime:0.008001s ]
INFO: [ view_filter ] --START--
INFO: Run Behavior\WriteHtmlCache [ RunTime:0.000000s ]
INFO: [ view_filter ] --END-- [ RunTime:0.000000s ]
INFO: [ app_end ] --START--
INFO: Run Behavior\ShowPageTrace [ RunTime:0.001000s ]
INFO: [ app_end ] --END-- [ RunTime:0.001000s ]

[ 2018-05-19T09:04:12+08:00 ] 127.0.0.1 /index.php?c=list&a=pause
INFO: [ app_begin ] --START--
INFO: Run Behavior\ReadHtmlCache [ RunTime:0.000000s ]
INFO: [ app_begin ] --END-- [ RunTime:0.000000s ]
SQL: SHOW COLUMNS FROM `t_order` [ RunTime:0.004000s ]
SQL: SELECT MAX(rank) AS tp_max FROM `t_order` LIMIT 1   [ RunTime:0.000000s ]
SQL: UPDATE `t_order` SET `rank`=15 WHERE ( `rank` = 14 ) [ RunTime:0.036002s ]
SQL: UPDATE `t_order` SET `rank`=14 WHERE ( `rank` = 13 ) [ RunTime:0.030002s ]
SQL: UPDATE `t_order` SET `rank`=13 WHERE ( `rank` = 12 ) [ RunTime:0.028002s ]
SQL: UPDATE `t_order` SET `rank`=12 WHERE ( `rank` = 11 ) [ RunTime:0.039002s ]
SQL: UPDATE `t_order` SET `rank`=11 WHERE ( `rank` = 10 ) [ RunTime:0.061003s ]
SQL: UPDATE `t_order` SET `rank`=10 WHERE ( `rank` = 9 ) [ RunTime:0.064004s ]
SQL: UPDATE `t_order` SET `rank`=9 WHERE ( `rank` = 8 ) [ RunTime:0.061003s ]
SQL: UPDATE `t_order` SET `rank`=8 WHERE ( `rank` = 7 ) [ RunTime:0.000000s ]
SQL: SELECT COUNT(*) AS tp_count FROM `t_order` LIMIT 1   [ RunTime:0.000000s ]
SQL: SELECT MIN(id) AS tp_min FROM `t_order` LIMIT 1   [ RunTime:0.000000s ]

[ 2018-05-19T09:05:11+08:00 ] 127.0.0.1 /index.php/Home/list/index.html
INFO: [ app_begin ] --START--
INFO: Run Behavior\ReadHtmlCache [ RunTime:0.001000s ]
INFO: [ app_begin ] --END-- [ RunTime:0.001000s ]
SQL: SHOW COLUMNS FROM `t_order` [ RunTime:0.003000s ]
SQL: SELECT * FROM `t_order` ORDER BY rank  [ RunTime:0.001000s ]
INFO: [ view_parse ] --START--
INFO: [ template_filter ] --START--
INFO: Run Behavior\ContentReplace [ RunTime:0.000000s ]
INFO: [ template_filter ] --END-- [ RunTime:0.000000s ]
NOTIC: [8] Undefined index: order_status D:\phpStudy\WWW\db_carorder_system\tp\Application\Runtime\Cache\Home\42fc7c8ee03e2fee3718917602a7ce2d.php 第 40 行.
NOTIC: [8] Undefined index: order_status D:\phpStudy\WWW\db_carorder_system\tp\Application\Runtime\Cache\Home\42fc7c8ee03e2fee3718917602a7ce2d.php 第 40 行.
NOTIC: [8] Undefined index: order_status D:\phpStudy\WWW\db_carorder_system\tp\Application\Runtime\Cache\Home\42fc7c8ee03e2fee3718917602a7ce2d.php 第 40 行.
NOTIC: [8] Undefined index: order_status D:\phpStudy\WWW\db_carorder_system\tp\Application\Runtime\Cache\Home\42fc7c8ee03e2fee3718917602a7ce2d.php 第 40 行.
NOTIC: [8] Undefined index: order_status D:\phpStudy\WWW\db_carorder_system\tp\Application\Runtime\Cache\Home\42fc7c8ee03e2fee3718917602a7ce2d.php 第 40 行.
NOTIC: [8] Undefined index: order_status D:\phpStudy\WWW\db_carorder_system\tp\Application\Runtime\Cache\Home\42fc7c8ee03e2fee3718917602a7ce2d.php 第 40 行.
NOTIC: [8] Undefined index: order_status D:\phpStudy\WWW\db_carorder_system\tp\Application\Runtime\Cache\Home\42fc7c8ee03e2fee3718917602a7ce2d.php 第 40 行.
INFO: Run Behavior\ParseTemplate [ RunTime:0.007001s ]
INFO: [ view_parse ] --END-- [ RunTime:0.007001s ]
INFO: [ view_filter ] --START--
INFO: Run Behavior\WriteHtmlCache [ RunTime:0.001000s ]
INFO: [ view_filter ] --END-- [ RunTime:0.001000s ]
INFO: [ app_end ] --START--
INFO: Run Behavior\ShowPageTrace [ RunTime:0.000000s ]
INFO: [ app_end ] --END-- [ RunTime:0.000000s ]

[ 2018-05-19T09:05:13+08:00 ] 127.0.0.1 /index.php?c=list&a=pause
INFO: [ app_begin ] --START--
INFO: Run Behavior\ReadHtmlCache [ RunTime:0.000000s ]
INFO: [ app_begin ] --END-- [ RunTime:0.000000s ]
SQL: SHOW COLUMNS FROM `t_order` [ RunTime:0.003000s ]
SQL: SELECT MAX(rank) AS tp_max FROM `t_order` LIMIT 1   [ RunTime:0.000000s ]
SQL: UPDATE `t_order` SET `rank`=16 WHERE ( `rank` = 15 ) [ RunTime:0.032002s ]
SQL: UPDATE `t_order` SET `rank`=15 WHERE ( `rank` = 14 ) [ RunTime:0.032002s ]
SQL: UPDATE `t_order` SET `rank`=14 WHERE ( `rank` = 13 ) [ RunTime:0.027002s ]
SQL: UPDATE `t_order` SET `rank`=13 WHERE ( `rank` = 12 ) [ RunTime:0.031001s ]
SQL: UPDATE `t_order` SET `rank`=12 WHERE ( `rank` = 11 ) [ RunTime:0.027002s ]
SQL: UPDATE `t_order` SET `rank`=11 WHERE ( `rank` = 10 ) [ RunTime:0.032002s ]
SQL: UPDATE `t_order` SET `rank`=10 WHERE ( `rank` = 9 ) [ RunTime:0.059003s ]
SQL: UPDATE `t_order` SET `rank`=9 WHERE ( `rank` = 8 ) [ RunTime:0.000000s ]
SQL: SELECT COUNT(*) AS tp_count FROM `t_order` LIMIT 1   [ RunTime:0.000000s ]
SQL: SELECT MIN(id) AS tp_min FROM `t_order` LIMIT 1   [ RunTime:0.000000s ]

[ 2018-05-19T09:05:16+08:00 ] 127.0.0.1 /index.php?c=list&a=index&status=1
INFO: [ app_begin ] --START--
INFO: Run Behavior\ReadHtmlCache [ RunTime:0.001000s ]
INFO: [ app_begin ] --END-- [ RunTime:0.001000s ]
SQL: SHOW COLUMNS FROM `t_order` [ RunTime:0.003000s ]
SQL: SELECT * FROM `t_order` ORDER BY rank  [ RunTime:0.001000s ]
INFO: [ view_parse ] --START--
INFO: [ template_filter ] --START--
INFO: Run Behavior\ContentReplace [ RunTime:0.000000s ]
INFO: [ template_filter ] --END-- [ RunTime:0.000000s ]
NOTIC: [8] Undefined index: order_status D:\phpStudy\WWW\db_carorder_system\tp\Application\Runtime\Cache\Home\42fc7c8ee03e2fee3718917602a7ce2d.php 第 40 行.
NOTIC: [8] Undefined index: order_status D:\phpStudy\WWW\db_carorder_system\tp\Application\Runtime\Cache\Home\42fc7c8ee03e2fee3718917602a7ce2d.php 第 40 行.
NOTIC: [8] Undefined index: order_status D:\phpStudy\WWW\db_carorder_system\tp\Application\Runtime\Cache\Home\42fc7c8ee03e2fee3718917602a7ce2d.php 第 40 行.
NOTIC: [8] Undefined index: order_status D:\phpStudy\WWW\db_carorder_system\tp\Application\Runtime\Cache\Home\42fc7c8ee03e2fee3718917602a7ce2d.php 第 40 行.
NOTIC: [8] Undefined index: order_status D:\phpStudy\WWW\db_carorder_system\tp\Application\Runtime\Cache\Home\42fc7c8ee03e2fee3718917602a7ce2d.php 第 40 行.
NOTIC: [8] Undefined index: order_status D:\phpStudy\WWW\db_carorder_system\tp\Application\Runtime\Cache\Home\42fc7c8ee03e2fee3718917602a7ce2d.php 第 40 行.
NOTIC: [8] Undefined index: order_status D:\phpStudy\WWW\db_carorder_system\tp\Application\Runtime\Cache\Home\42fc7c8ee03e2fee3718917602a7ce2d.php 第 40 行.
INFO: Run Behavior\ParseTemplate [ RunTime:0.008001s ]
INFO: [ view_parse ] --END-- [ RunTime:0.008001s ]
INFO: [ view_filter ] --START--
INFO: Run Behavior\WriteHtmlCache [ RunTime:0.000000s ]
INFO: [ view_filter ] --END-- [ RunTime:0.000000s ]
INFO: [ app_end ] --START--
INFO: Run Behavior\ShowPageTrace [ RunTime:0.001000s ]
INFO: [ app_end ] --END-- [ RunTime:0.001000s ]

[ 2018-05-19T09:12:50+08:00 ] 127.0.0.1 /index.php?c=list&a=index&status=1
INFO: [ app_begin ] --START--
INFO: Run Behavior\ReadHtmlCache [ RunTime:0.000000s ]
INFO: [ app_begin ] --END-- [ RunTime:0.000000s ]
SQL: SHOW COLUMNS FROM `t_order` [ RunTime:0.003000s ]
SQL: SELECT * FROM `t_order` ORDER BY rank  [ RunTime:0.000000s ]
INFO: [ view_parse ] --START--
INFO: [ template_filter ] --START--
INFO: Run Behavior\ContentReplace [ RunTime:0.000000s ]
INFO: [ template_filter ] --END-- [ RunTime:0.000000s ]
NOTIC: [8] Undefined index: order_status D:\phpStudy\WWW\db_carorder_system\tp\Application\Runtime\Cache\Home\42fc7c8ee03e2fee3718917602a7ce2d.php 第 40 行.
NOTIC: [8] Undefined index: order_status D:\phpStudy\WWW\db_carorder_system\tp\Application\Runtime\Cache\Home\42fc7c8ee03e2fee3718917602a7ce2d.php 第 40 行.
NOTIC: [8] Undefined index: order_status D:\phpStudy\WWW\db_carorder_system\tp\Application\Runtime\Cache\Home\42fc7c8ee03e2fee3718917602a7ce2d.php 第 40 行.
NOTIC: [8] Undefined index: order_status D:\phpStudy\WWW\db_carorder_system\tp\Application\Runtime\Cache\Home\42fc7c8ee03e2fee3718917602a7ce2d.php 第 40 行.
NOTIC: [8] Undefined index: order_status D:\phpStudy\WWW\db_carorder_system\tp\Application\Runtime\Cache\Home\42fc7c8ee03e2fee3718917602a7ce2d.php 第 40 行.
NOTIC: [8] Undefined index: order_status D:\phpStudy\WWW\db_carorder_system\tp\Application\Runtime\Cache\Home\42fc7c8ee03e2fee3718917602a7ce2d.php 第 40 行.
NOTIC: [8] Undefined index: order_status D:\phpStudy\WWW\db_carorder_system\tp\Application\Runtime\Cache\Home\42fc7c8ee03e2fee3718917602a7ce2d.php 第 40 行.
INFO: Run Behavior\ParseTemplate [ RunTime:0.008000s ]
INFO: [ view_parse ] --END-- [ RunTime:0.008000s ]
INFO: [ view_filter ] --START--
INFO: Run Behavior\WriteHtmlCache [ RunTime:0.001001s ]
INFO: [ view_filter ] --END-- [ RunTime:0.001001s ]
INFO: [ app_end ] --START--
INFO: Run Behavior\ShowPageTrace [ RunTime:0.000000s ]
INFO: [ app_end ] --END-- [ RunTime:0.001000s ]

[ 2018-05-19T09:12:52+08:00 ] 127.0.0.1 /index.php?c=list&a=index&status=1
INFO: [ app_begin ] --START--
INFO: Run Behavior\ReadHtmlCache [ RunTime:0.000000s ]
INFO: [ app_begin ] --END-- [ RunTime:0.000000s ]
SQL: SHOW COLUMNS FROM `t_order` [ RunTime:0.003000s ]
SQL: SELECT * FROM `t_order` ORDER BY rank  [ RunTime:0.000000s ]
INFO: [ view_parse ] --START--
INFO: [ template_filter ] --START--
INFO: Run Behavior\ContentReplace [ RunTime:0.000000s ]
INFO: [ template_filter ] --END-- [ RunTime:0.000000s ]
NOTIC: [8] Undefined index: order_status D:\phpStudy\WWW\db_carorder_system\tp\Application\Runtime\Cache\Home\42fc7c8ee03e2fee3718917602a7ce2d.php 第 40 行.
NOTIC: [8] Undefined index: order_status D:\phpStudy\WWW\db_carorder_system\tp\Application\Runtime\Cache\Home\42fc7c8ee03e2fee3718917602a7ce2d.php 第 40 行.
NOTIC: [8] Undefined index: order_status D:\phpStudy\WWW\db_carorder_system\tp\Application\Runtime\Cache\Home\42fc7c8ee03e2fee3718917602a7ce2d.php 第 40 行.
NOTIC: [8] Undefined index: order_status D:\phpStudy\WWW\db_carorder_system\tp\Application\Runtime\Cache\Home\42fc7c8ee03e2fee3718917602a7ce2d.php 第 40 行.
NOTIC: [8] Undefined index: order_status D:\phpStudy\WWW\db_carorder_system\tp\Application\Runtime\Cache\Home\42fc7c8ee03e2fee3718917602a7ce2d.php 第 40 行.
NOTIC: [8] Undefined index: order_status D:\phpStudy\WWW\db_carorder_system\tp\Application\Runtime\Cache\Home\42fc7c8ee03e2fee3718917602a7ce2d.php 第 40 行.
NOTIC: [8] Undefined index: order_status D:\phpStudy\WWW\db_carorder_system\tp\Application\Runtime\Cache\Home\42fc7c8ee03e2fee3718917602a7ce2d.php 第 40 行.
INFO: Run Behavior\ParseTemplate [ RunTime:0.008001s ]
INFO: [ view_parse ] --END-- [ RunTime:0.008001s ]
INFO: [ view_filter ] --START--
INFO: Run Behavior\WriteHtmlCache [ RunTime:0.000000s ]
INFO: [ view_filter ] --END-- [ RunTime:0.000000s ]
INFO: [ app_end ] --START--
INFO: Run Behavior\ShowPageTrace [ RunTime:0.001000s ]
INFO: [ app_end ] --END-- [ RunTime:0.001000s ]

[ 2018-05-19T09:12:54+08:00 ] 127.0.0.1 /index.php?c=list&a=pause
INFO: [ app_begin ] --START--
INFO: Run Behavior\ReadHtmlCache [ RunTime:0.001000s ]
INFO: [ app_begin ] --END-- [ RunTime:0.001000s ]
SQL: SHOW COLUMNS FROM `t_order` [ RunTime:0.003001s ]
SQL: SELECT MAX(rank) AS tp_max FROM `t_order` LIMIT 1   [ RunTime:0.001000s ]
SQL: UPDATE `t_order` SET `rank`=17 WHERE ( `rank` = 16 ) [ RunTime:0.032001s ]
SQL: UPDATE `t_order` SET `rank`=16 WHERE ( `rank` = 15 ) [ RunTime:0.027002s ]
SQL: UPDATE `t_order` SET `rank`=15 WHERE ( `rank` = 14 ) [ RunTime:0.031002s ]
SQL: UPDATE `t_order` SET `rank`=14 WHERE ( `rank` = 13 ) [ RunTime:0.027001s ]
SQL: UPDATE `t_order` SET `rank`=13 WHERE ( `rank` = 12 ) [ RunTime:0.032002s ]
SQL: UPDATE `t_order` SET `rank`=12 WHERE ( `rank` = 11 ) [ RunTime:0.035002s ]
SQL: UPDATE `t_order` SET `rank`=11 WHERE ( `rank` = 10 ) [ RunTime:0.031002s ]
SQL: UPDATE `t_order` SET `rank`=10 WHERE ( `rank` = 9 ) [ RunTime:0.001000s ]

[ 2018-05-19T09:12:58+08:00 ] 127.0.0.1 /index.php?c=list&a=index&status=1
INFO: [ app_begin ] --START--
INFO: Run Behavior\ReadHtmlCache [ RunTime:0.001000s ]
INFO: [ app_begin ] --END-- [ RunTime:0.001000s ]
SQL: SHOW COLUMNS FROM `t_order` [ RunTime:0.003000s ]
SQL: SELECT * FROM `t_order` ORDER BY rank  [ RunTime:0.000000s ]
INFO: [ view_parse ] --START--
INFO: [ template_filter ] --START--
INFO: Run Behavior\ContentReplace [ RunTime:0.000000s ]
INFO: [ template_filter ] --END-- [ RunTime:0.000000s ]
NOTIC: [8] Undefined index: order_status D:\phpStudy\WWW\db_carorder_system\tp\Application\Runtime\Cache\Home\42fc7c8ee03e2fee3718917602a7ce2d.php 第 40 行.
NOTIC: [8] Undefined index: order_status D:\phpStudy\WWW\db_carorder_system\tp\Application\Runtime\Cache\Home\42fc7c8ee03e2fee3718917602a7ce2d.php 第 40 行.
NOTIC: [8] Undefined index: order_status D:\phpStudy\WWW\db_carorder_system\tp\Application\Runtime\Cache\Home\42fc7c8ee03e2fee3718917602a7ce2d.php 第 40 行.
NOTIC: [8] Undefined index: order_status D:\phpStudy\WWW\db_carorder_system\tp\Application\Runtime\Cache\Home\42fc7c8ee03e2fee3718917602a7ce2d.php 第 40 行.
NOTIC: [8] Undefined index: order_status D:\phpStudy\WWW\db_carorder_system\tp\Application\Runtime\Cache\Home\42fc7c8ee03e2fee3718917602a7ce2d.php 第 40 行.
NOTIC: [8] Undefined index: order_status D:\phpStudy\WWW\db_carorder_system\tp\Application\Runtime\Cache\Home\42fc7c8ee03e2fee3718917602a7ce2d.php 第 40 行.
NOTIC: [8] Undefined index: order_status D:\phpStudy\WWW\db_carorder_system\tp\Application\Runtime\Cache\Home\42fc7c8ee03e2fee3718917602a7ce2d.php 第 40 行.
INFO: Run Behavior\ParseTemplate [ RunTime:0.008000s ]
INFO: [ view_parse ] --END-- [ RunTime:0.008000s ]
INFO: [ view_filter ] --START--
INFO: Run Behavior\WriteHtmlCache [ RunTime:0.000000s ]
INFO: [ view_filter ] --END-- [ RunTime:0.000000s ]
INFO: [ app_end ] --START--
INFO: Run Behavior\ShowPageTrace [ RunTime:0.000000s ]
INFO: [ app_end ] --END-- [ RunTime:0.000000s ]

[ 2018-05-19T09:13:29+08:00 ] 127.0.0.1 /index.php?c=list&a=index&status=1
INFO: [ app_begin ] --START--
INFO: Run Behavior\ReadHtmlCache [ RunTime:0.001000s ]
INFO: [ app_begin ] --END-- [ RunTime:0.001000s ]
SQL: SHOW COLUMNS FROM `t_order` [ RunTime:0.003001s ]
SQL: SELECT * FROM `t_order` ORDER BY rank  [ RunTime:0.000000s ]
INFO: [ view_parse ] --START--
INFO: [ template_filter ] --START--
INFO: Run Behavior\ContentReplace [ RunTime:0.000000s ]
INFO: [ template_filter ] --END-- [ RunTime:0.000000s ]
NOTIC: [8] Undefined index: order_status D:\phpStudy\WWW\db_carorder_system\tp\Application\Runtime\Cache\Home\42fc7c8ee03e2fee3718917602a7ce2d.php 第 40 行.
NOTIC: [8] Undefined index: order_status D:\phpStudy\WWW\db_carorder_system\tp\Application\Runtime\Cache\Home\42fc7c8ee03e2fee3718917602a7ce2d.php 第 40 行.
NOTIC: [8] Undefined index: order_status D:\phpStudy\WWW\db_carorder_system\tp\Application\Runtime\Cache\Home\42fc7c8ee03e2fee3718917602a7ce2d.php 第 40 行.
NOTIC: [8] Undefined index: order_status D:\phpStudy\WWW\db_carorder_system\tp\Application\Runtime\Cache\Home\42fc7c8ee03e2fee3718917602a7ce2d.php 第 40 行.
NOTIC: [8] Undefined index: order_status D:\phpStudy\WWW\db_carorder_system\tp\Application\Runtime\Cache\Home\42fc7c8ee03e2fee3718917602a7ce2d.php 第 40 行.
NOTIC: [8] Undefined index: order_status D:\phpStudy\WWW\db_carorder_system\tp\Application\Runtime\Cache\Home\42fc7c8ee03e2fee3718917602a7ce2d.php 第 40 行.
NOTIC: [8] Undefined index: order_status D:\phpStudy\WWW\db_carorder_system\tp\Application\Runtime\Cache\Home\42fc7c8ee03e2fee3718917602a7ce2d.php 第 40 行.
INFO: Run Behavior\ParseTemplate [ RunTime:0.008000s ]
INFO: [ view_parse ] --END-- [ RunTime:0.008000s ]
INFO: [ view_filter ] --START--
INFO: Run Behavior\WriteHtmlCache [ RunTime:0.000000s ]
INFO: [ view_filter ] --END-- [ RunTime:0.000000s ]
INFO: [ app_end ] --START--
INFO: Run Behavior\ShowPageTrace [ RunTime:0.001000s ]
INFO: [ app_end ] --END-- [ RunTime:0.001000s ]

[ 2018-05-19T09:13:34+08:00 ] 127.0.0.1 /index.php?c=list&a=pause
INFO: [ app_begin ] --START--
INFO: Run Behavior\ReadHtmlCache [ RunTime:0.001000s ]
INFO: [ app_begin ] --END-- [ RunTime:0.001000s ]
SQL: SHOW COLUMNS FROM `t_order` [ RunTime:0.003000s ]
SQL: SELECT MAX(rank) AS tp_max FROM `t_order` LIMIT 1   [ RunTime:0.001000s ]
SQL: UPDATE `t_order` SET `rank`=18 WHERE ( `rank` = 17 ) [ RunTime:0.035002s ]
SQL: UPDATE `t_order` SET `rank`=17 WHERE ( `rank` = 16 ) [ RunTime:0.031002s ]
SQL: UPDATE `t_order` SET `rank`=16 WHERE ( `rank` = 15 ) [ RunTime:0.027001s ]
SQL: UPDATE `t_order` SET `rank`=15 WHERE ( `rank` = 14 ) [ RunTime:0.031002s ]
SQL: UPDATE `t_order` SET `rank`=14 WHERE ( `rank` = 13 ) [ RunTime:0.035002s ]
SQL: UPDATE `t_order` SET `rank`=13 WHERE ( `rank` = 12 ) [ RunTime:0.031002s ]
SQL: UPDATE `t_order` SET `rank`=12 WHERE ( `rank` = 11 ) [ RunTime:0.027001s ]
SQL: UPDATE `t_order` SET `rank`=11 WHERE ( `rank` = 10 ) [ RunTime:0.000000s ]

[ 2018-05-19T09:13:54+08:00 ] 127.0.0.1 /index.php?c=list&a=index&status=1
INFO: [ app_begin ] --START--
INFO: Run Behavior\ReadHtmlCache [ RunTime:0.001000s ]
INFO: [ app_begin ] --END-- [ RunTime:0.001000s ]
SQL: SHOW COLUMNS FROM `t_order` [ RunTime:0.003000s ]
SQL: SELECT * FROM `t_order` ORDER BY rank  [ RunTime:0.001000s ]
INFO: [ view_parse ] --START--
INFO: [ template_filter ] --START--
INFO: Run Behavior\ContentReplace [ RunTime:0.000000s ]
INFO: [ template_filter ] --END-- [ RunTime:0.000000s ]
NOTIC: [8] Undefined index: order_status D:\phpStudy\WWW\db_carorder_system\tp\Application\Runtime\Cache\Home\42fc7c8ee03e2fee3718917602a7ce2d.php 第 40 行.
NOTIC: [8] Undefined index: order_status D:\phpStudy\WWW\db_carorder_system\tp\Application\Runtime\Cache\Home\42fc7c8ee03e2fee3718917602a7ce2d.php 第 40 行.
NOTIC: [8] Undefined index: order_status D:\phpStudy\WWW\db_carorder_system\tp\Application\Runtime\Cache\Home\42fc7c8ee03e2fee3718917602a7ce2d.php 第 40 行.
NOTIC: [8] Undefined index: order_status D:\phpStudy\WWW\db_carorder_system\tp\Application\Runtime\Cache\Home\42fc7c8ee03e2fee3718917602a7ce2d.php 第 40 行.
NOTIC: [8] Undefined index: order_status D:\phpStudy\WWW\db_carorder_system\tp\Application\Runtime\Cache\Home\42fc7c8ee03e2fee3718917602a7ce2d.php 第 40 行.
NOTIC: [8] Undefined index: order_status D:\phpStudy\WWW\db_carorder_system\tp\Application\Runtime\Cache\Home\42fc7c8ee03e2fee3718917602a7ce2d.php 第 40 行.
NOTIC: [8] Undefined index: order_status D:\phpStudy\WWW\db_carorder_system\tp\Application\Runtime\Cache\Home\42fc7c8ee03e2fee3718917602a7ce2d.php 第 40 行.
INFO: Run Behavior\ParseTemplate [ RunTime:0.007001s ]
INFO: [ view_parse ] --END-- [ RunTime:0.007001s ]
INFO: [ view_filter ] --START--
INFO: Run Behavior\WriteHtmlCache [ RunTime:0.000000s ]
INFO: [ view_filter ] --END-- [ RunTime:0.000000s ]
INFO: [ app_end ] --START--
INFO: Run Behavior\ShowPageTrace [ RunTime:0.000000s ]
INFO: [ app_end ] --END-- [ RunTime:0.000000s ]

[ 2018-05-19T09:14:14+08:00 ] 127.0.0.1 /index.php?c=list&a=pause
INFO: [ app_begin ] --START--
INFO: Run Behavior\ReadHtmlCache [ RunTime:0.001000s ]
INFO: [ app_begin ] --END-- [ RunTime:0.001000s ]
SQL: SHOW COLUMNS FROM `t_order` [ RunTime:0.003001s ]
SQL: SELECT MAX(rank) AS tp_max FROM `t_order` LIMIT 1   [ RunTime:0.001000s ]
SQL: UPDATE `t_order` SET `rank`=19 WHERE ( `rank` = 18 ) [ RunTime:0.029001s ]
SQL: UPDATE `t_order` SET `rank`=18 WHERE ( `rank` = 17 ) [ RunTime:0.032002s ]
SQL: UPDATE `t_order` SET `rank`=17 WHERE ( `rank` = 16 ) [ RunTime:0.026002s ]
SQL: UPDATE `t_order` SET `rank`=16 WHERE ( `rank` = 15 ) [ RunTime:0.032001s ]
SQL: UPDATE `t_order` SET `rank`=15 WHERE ( `rank` = 14 ) [ RunTime:0.026002s ]
SQL: UPDATE `t_order` SET `rank`=14 WHERE ( `rank` = 13 ) [ RunTime:0.039002s ]
SQL: UPDATE `t_order` SET `rank`=13 WHERE ( `rank` = 12 ) [ RunTime:0.026002s ]
SQL: UPDATE `t_order` SET `rank`=12 WHERE ( `rank` = 11 ) [ RunTime:0.000000s ]

[ 2018-05-19T09:14:18+08:00 ] 127.0.0.1 /index.php?c=list&a=index&status=1
INFO: [ app_begin ] --START--
INFO: Run Behavior\ReadHtmlCache [ RunTime:0.001001s ]
INFO: [ app_begin ] --END-- [ RunTime:0.001001s ]
SQL: SHOW COLUMNS FROM `t_order` [ RunTime:0.003000s ]
SQL: SELECT * FROM `t_order` ORDER BY rank  [ RunTime:0.001000s ]
INFO: [ view_parse ] --START--
INFO: [ template_filter ] --START--
INFO: Run Behavior\ContentReplace [ RunTime:0.000000s ]
INFO: [ template_filter ] --END-- [ RunTime:0.000000s ]
NOTIC: [8] Undefined index: order_status D:\phpStudy\WWW\db_carorder_system\tp\Application\Runtime\Cache\Home\42fc7c8ee03e2fee3718917602a7ce2d.php 第 40 行.
NOTIC: [8] Undefined index: order_status D:\phpStudy\WWW\db_carorder_system\tp\Application\Runtime\Cache\Home\42fc7c8ee03e2fee3718917602a7ce2d.php 第 40 行.
NOTIC: [8] Undefined index: order_status D:\phpStudy\WWW\db_carorder_system\tp\Application\Runtime\Cache\Home\42fc7c8ee03e2fee3718917602a7ce2d.php 第 40 行.
NOTIC: [8] Undefined index: order_status D:\phpStudy\WWW\db_carorder_system\tp\Application\Runtime\Cache\Home\42fc7c8ee03e2fee3718917602a7ce2d.php 第 40 行.
NOTIC: [8] Undefined index: order_status D:\phpStudy\WWW\db_carorder_system\tp\Application\Runtime\Cache\Home\42fc7c8ee03e2fee3718917602a7ce2d.php 第 40 行.
NOTIC: [8] Undefined index: order_status D:\phpStudy\WWW\db_carorder_system\tp\Application\Runtime\Cache\Home\42fc7c8ee03e2fee3718917602a7ce2d.php 第 40 行.
NOTIC: [8] Undefined index: order_status D:\phpStudy\WWW\db_carorder_system\tp\Application\Runtime\Cache\Home\42fc7c8ee03e2fee3718917602a7ce2d.php 第 40 行.
INFO: Run Behavior\ParseTemplate [ RunTime:0.007001s ]
INFO: [ view_parse ] --END-- [ RunTime:0.007001s ]
INFO: [ view_filter ] --START--
INFO: Run Behavior\WriteHtmlCache [ RunTime:0.001000s ]
INFO: [ view_filter ] --END-- [ RunTime:0.001000s ]
INFO: [ app_end ] --START--
INFO: Run Behavior\ShowPageTrace [ RunTime:0.000000s ]
INFO: [ app_end ] --END-- [ RunTime:0.000000s ]

[ 2018-05-19T09:15:04+08:00 ] 127.0.0.1 /index.php?c=list&a=index&status=1
INFO: [ app_begin ] --START--
INFO: Run Behavior\ReadHtmlCache [ RunTime:0.001000s ]
INFO: [ app_begin ] --END-- [ RunTime:0.001000s ]
SQL: SHOW COLUMNS FROM `t_order` [ RunTime:0.003000s ]
SQL: SELECT * FROM `t_order` ORDER BY rank  [ RunTime:0.001000s ]
INFO: [ view_parse ] --START--
INFO: [ template_filter ] --START--
INFO: Run Behavior\ContentReplace [ RunTime:0.000000s ]
INFO: [ template_filter ] --END-- [ RunTime:0.001000s ]
NOTIC: [8] Undefined index: order_status D:\phpStudy\WWW\db_carorder_system\tp\Application\Runtime\Cache\Home\42fc7c8ee03e2fee3718917602a7ce2d.php 第 40 行.
NOTIC: [8] Undefined index: order_status D:\phpStudy\WWW\db_carorder_system\tp\Application\Runtime\Cache\Home\42fc7c8ee03e2fee3718917602a7ce2d.php 第 40 行.
NOTIC: [8] Undefined index: order_status D:\phpStudy\WWW\db_carorder_system\tp\Application\Runtime\Cache\Home\42fc7c8ee03e2fee3718917602a7ce2d.php 第 40 行.
NOTIC: [8] Undefined index: order_status D:\phpStudy\WWW\db_carorder_system\tp\Application\Runtime\Cache\Home\42fc7c8ee03e2fee3718917602a7ce2d.php 第 40 行.
NOTIC: [8] Undefined index: order_status D:\phpStudy\WWW\db_carorder_system\tp\Application\Runtime\Cache\Home\42fc7c8ee03e2fee3718917602a7ce2d.php 第 40 行.
NOTIC: [8] Undefined index: order_status D:\phpStudy\WWW\db_carorder_system\tp\Application\Runtime\Cache\Home\42fc7c8ee03e2fee3718917602a7ce2d.php 第 40 行.
NOTIC: [8] Undefined index: order_status D:\phpStudy\WWW\db_carorder_system\tp\Application\Runtime\Cache\Home\42fc7c8ee03e2fee3718917602a7ce2d.php 第 40 行.
INFO: Run Behavior\ParseTemplate [ RunTime:0.008001s ]
INFO: [ view_parse ] --END-- [ RunTime:0.008001s ]
INFO: [ view_filter ] --START--
INFO: Run Behavior\WriteHtmlCache [ RunTime:0.000000s ]
INFO: [ view_filter ] --END-- [ RunTime:0.000000s ]
INFO: [ app_end ] --START--
INFO: Run Behavior\ShowPageTrace [ RunTime:0.001000s ]
INFO: [ app_end ] --END-- [ RunTime:0.001000s ]

[ 2018-05-19T09:15:08+08:00 ] 127.0.0.1 /index.php?c=list&a=pause
INFO: [ app_begin ] --START--
INFO: Run Behavior\ReadHtmlCache [ RunTime:0.001000s ]
INFO: [ app_begin ] --END-- [ RunTime:0.001000s ]
SQL: SHOW COLUMNS FROM `t_order` [ RunTime:0.003000s ]
SQL: SELECT MAX(rank) AS tp_max FROM `t_order` LIMIT 1   [ RunTime:0.000000s ]
SQL: UPDATE `t_order` SET `rank`=20 WHERE ( `rank` = 19 ) [ RunTime:0.033002s ]
SQL: UPDATE `t_order` SET `rank`=19 WHERE ( `rank` = 18 ) [ RunTime:0.026002s ]
SQL: UPDATE `t_order` SET `rank`=18 WHERE ( `rank` = 17 ) [ RunTime:0.040002s ]
SQL: UPDATE `t_order` SET `rank`=17 WHERE ( `rank` = 16 ) [ RunTime:0.027001s ]
SQL: UPDATE `t_order` SET `rank`=16 WHERE ( `rank` = 15 ) [ RunTime:0.032002s ]
SQL: UPDATE `t_order` SET `rank`=15 WHERE ( `rank` = 14 ) [ RunTime:0.026002s ]
SQL: UPDATE `t_order` SET `rank`=14 WHERE ( `rank` = 13 ) [ RunTime:0.032002s ]
SQL: UPDATE `t_order` SET `rank`=13 WHERE ( `rank` = 12 ) [ RunTime:0.000000s ]

[ 2018-05-19T09:16:01+08:00 ] 127.0.0.1 /index.php?c=list&a=index&status=1
INFO: [ app_begin ] --START--
INFO: Run Behavior\ReadHtmlCache [ RunTime:0.001000s ]
INFO: [ app_begin ] --END-- [ RunTime:0.001000s ]
SQL: SHOW COLUMNS FROM `t_order` [ RunTime:0.003000s ]
SQL: SELECT * FROM `t_order` ORDER BY rank  [ RunTime:0.001000s ]
INFO: [ view_parse ] --START--
INFO: [ template_filter ] --START--
INFO: Run Behavior\ContentReplace [ RunTime:0.000000s ]
INFO: [ template_filter ] --END-- [ RunTime:0.000000s ]
NOTIC: [8] Undefined index: order_status D:\phpStudy\WWW\db_carorder_system\tp\Application\Runtime\Cache\Home\42fc7c8ee03e2fee3718917602a7ce2d.php 第 40 行.
NOTIC: [8] Undefined index: order_status D:\phpStudy\WWW\db_carorder_system\tp\Application\Runtime\Cache\Home\42fc7c8ee03e2fee3718917602a7ce2d.php 第 40 行.
NOTIC: [8] Undefined index: order_status D:\phpStudy\WWW\db_carorder_system\tp\Application\Runtime\Cache\Home\42fc7c8ee03e2fee3718917602a7ce2d.php 第 40 行.
NOTIC: [8] Undefined index: order_status D:\phpStudy\WWW\db_carorder_system\tp\Application\Runtime\Cache\Home\42fc7c8ee03e2fee3718917602a7ce2d.php 第 40 行.
NOTIC: [8] Undefined index: order_status D:\phpStudy\WWW\db_carorder_system\tp\Application\Runtime\Cache\Home\42fc7c8ee03e2fee3718917602a7ce2d.php 第 40 行.
NOTIC: [8] Undefined index: order_status D:\phpStudy\WWW\db_carorder_system\tp\Application\Runtime\Cache\Home\42fc7c8ee03e2fee3718917602a7ce2d.php 第 40 行.
NOTIC: [8] Undefined index: order_status D:\phpStudy\WWW\db_carorder_system\tp\Application\Runtime\Cache\Home\42fc7c8ee03e2fee3718917602a7ce2d.php 第 40 行.
INFO: Run Behavior\ParseTemplate [ RunTime:0.007001s ]
INFO: [ view_parse ] --END-- [ RunTime:0.007001s ]
INFO: [ view_filter ] --START--
INFO: Run Behavior\WriteHtmlCache [ RunTime:0.001000s ]
INFO: [ view_filter ] --END-- [ RunTime:0.001000s ]
INFO: [ app_end ] --START--
INFO: Run Behavior\ShowPageTrace [ RunTime:0.000000s ]
INFO: [ app_end ] --END-- [ RunTime:0.000000s ]

[ 2018-05-19T09:16:33+08:00 ] 127.0.0.1 /index.php?c=list&a=index&status=1
INFO: [ app_begin ] --START--
INFO: Run Behavior\ReadHtmlCache [ RunTime:0.000000s ]
INFO: [ app_begin ] --END-- [ RunTime:0.000000s ]
SQL: SHOW COLUMNS FROM `t_order` [ RunTime:0.003000s ]
SQL: SELECT * FROM `t_order` ORDER BY rank  [ RunTime:0.000000s ]
INFO: [ view_parse ] --START--
INFO: [ template_filter ] --START--
INFO: Run Behavior\ContentReplace [ RunTime:0.000000s ]
INFO: [ template_filter ] --END-- [ RunTime:0.000000s ]
NOTIC: [8] Undefined index: order_status D:\phpStudy\WWW\db_carorder_system\tp\Application\Runtime\Cache\Home\42fc7c8ee03e2fee3718917602a7ce2d.php 第 40 行.
NOTIC: [8] Undefined index: order_status D:\phpStudy\WWW\db_carorder_system\tp\Application\Runtime\Cache\Home\42fc7c8ee03e2fee3718917602a7ce2d.php 第 40 行.
NOTIC: [8] Undefined index: order_status D:\phpStudy\WWW\db_carorder_system\tp\Application\Runtime\Cache\Home\42fc7c8ee03e2fee3718917602a7ce2d.php 第 40 行.
NOTIC: [8] Undefined index: order_status D:\phpStudy\WWW\db_carorder_system\tp\Application\Runtime\Cache\Home\42fc7c8ee03e2fee3718917602a7ce2d.php 第 40 行.
NOTIC: [8] Undefined index: order_status D:\phpStudy\WWW\db_carorder_system\tp\Application\Runtime\Cache\Home\42fc7c8ee03e2fee3718917602a7ce2d.php 第 40 行.
NOTIC: [8] Undefined index: order_status D:\phpStudy\WWW\db_carorder_system\tp\Application\Runtime\Cache\Home\42fc7c8ee03e2fee3718917602a7ce2d.php 第 40 行.
NOTIC: [8] Undefined index: order_status D:\phpStudy\WWW\db_carorder_system\tp\Application\Runtime\Cache\Home\42fc7c8ee03e2fee3718917602a7ce2d.php 第 40 行.
INFO: Run Behavior\ParseTemplate [ RunTime:0.008000s ]
INFO: [ view_parse ] --END-- [ RunTime:0.008000s ]
INFO: [ view_filter ] --START--
INFO: Run Behavior\WriteHtmlCache [ RunTime:0.000000s ]
INFO: [ view_filter ] --END-- [ RunTime:0.000000s ]
INFO: [ app_end ] --START--
INFO: Run Behavior\ShowPageTrace [ RunTime:0.000000s ]
INFO: [ app_end ] --END-- [ RunTime:0.000000s ]

[ 2018-05-19T09:16:36+08:00 ] 127.0.0.1 /index.php?c=list&a=pause
INFO: [ app_begin ] --START--
INFO: Run Behavior\ReadHtmlCache [ RunTime:0.000000s ]
INFO: [ app_begin ] --END-- [ RunTime:0.000000s ]
SQL: SHOW COLUMNS FROM `t_order` [ RunTime:0.003000s ]
SQL: SELECT MAX(rank) AS tp_max FROM `t_order` LIMIT 1   [ RunTime:0.000000s ]
SQL: UPDATE `t_order` SET `rank`=21 WHERE ( `rank` = 20 ) [ RunTime:0.034002s ]
SQL: UPDATE `t_order` SET `rank`=20 WHERE ( `rank` = 19 ) [ RunTime:0.032002s ]
SQL: UPDATE `t_order` SET `rank`=19 WHERE ( `rank` = 18 ) [ RunTime:0.026001s ]
SQL: UPDATE `t_order` SET `rank`=18 WHERE ( `rank` = 17 ) [ RunTime:0.032002s ]
SQL: UPDATE `t_order` SET `rank`=17 WHERE ( `rank` = 16 ) [ RunTime:0.036002s ]
SQL: UPDATE `t_order` SET `rank`=16 WHERE ( `rank` = 15 ) [ RunTime:0.031002s ]
SQL: UPDATE `t_order` SET `rank`=15 WHERE ( `rank` = 14 ) [ RunTime:0.026002s ]
SQL: UPDATE `t_order` SET `rank`=14 WHERE ( `rank` = 13 ) [ RunTime:0.000000s ]

[ 2018-05-19T09:16:40+08:00 ] 127.0.0.1 /index.php?c=list&a=index&status=1
INFO: [ app_begin ] --START--
INFO: Run Behavior\ReadHtmlCache [ RunTime:0.000000s ]
INFO: [ app_begin ] --END-- [ RunTime:0.000000s ]
SQL: SHOW COLUMNS FROM `t_order` [ RunTime:0.003000s ]
SQL: SELECT * FROM `t_order` ORDER BY rank  [ RunTime:0.001000s ]
INFO: [ view_parse ] --START--
INFO: [ template_filter ] --START--
INFO: Run Behavior\ContentReplace [ RunTime:0.000000s ]
INFO: [ template_filter ] --END-- [ RunTime:0.000000s ]
NOTIC: [8] Undefined index: order_status D:\phpStudy\WWW\db_carorder_system\tp\Application\Runtime\Cache\Home\42fc7c8ee03e2fee3718917602a7ce2d.php 第 40 行.
NOTIC: [8] Undefined index: order_status D:\phpStudy\WWW\db_carorder_system\tp\Application\Runtime\Cache\Home\42fc7c8ee03e2fee3718917602a7ce2d.php 第 40 行.
NOTIC: [8] Undefined index: order_status D:\phpStudy\WWW\db_carorder_system\tp\Application\Runtime\Cache\Home\42fc7c8ee03e2fee3718917602a7ce2d.php 第 40 行.
NOTIC: [8] Undefined index: order_status D:\phpStudy\WWW\db_carorder_system\tp\Application\Runtime\Cache\Home\42fc7c8ee03e2fee3718917602a7ce2d.php 第 40 行.
NOTIC: [8] Undefined index: order_status D:\phpStudy\WWW\db_carorder_system\tp\Application\Runtime\Cache\Home\42fc7c8ee03e2fee3718917602a7ce2d.php 第 40 行.
NOTIC: [8] Undefined index: order_status D:\phpStudy\WWW\db_carorder_system\tp\Application\Runtime\Cache\Home\42fc7c8ee03e2fee3718917602a7ce2d.php 第 40 行.
NOTIC: [8] Undefined index: order_status D:\phpStudy\WWW\db_carorder_system\tp\Application\Runtime\Cache\Home\42fc7c8ee03e2fee3718917602a7ce2d.php 第 40 行.
INFO: Run Behavior\ParseTemplate [ RunTime:0.007001s ]
INFO: [ view_parse ] --END-- [ RunTime:0.007001s ]
INFO: [ view_filter ] --START--
INFO: Run Behavior\WriteHtmlCache [ RunTime:0.001000s ]
INFO: [ view_filter ] --END-- [ RunTime:0.001000s ]
INFO: [ app_end ] --START--
INFO: Run Behavior\ShowPageTrace [ RunTime:0.000000s ]
INFO: [ app_end ] --END-- [ RunTime:0.000000s ]

[ 2018-05-19T09:18:58+08:00 ] 127.0.0.1 /index.php?c=list&a=index&status=1
INFO: [ app_begin ] --START--
INFO: Run Behavior\ReadHtmlCache [ RunTime:0.001000s ]
INFO: [ app_begin ] --END-- [ RunTime:0.001000s ]
SQL: SHOW COLUMNS FROM `t_order` [ RunTime:0.003000s ]
SQL: SELECT * FROM `t_order` ORDER BY rank  [ RunTime:0.000000s ]
INFO: [ view_parse ] --START--
INFO: [ template_filter ] --START--
INFO: Run Behavior\ContentReplace [ RunTime:0.000000s ]
INFO: [ template_filter ] --END-- [ RunTime:0.000000s ]
NOTIC: [8] Undefined index: order_status D:\phpStudy\WWW\db_carorder_system\tp\Application\Runtime\Cache\Home\42fc7c8ee03e2fee3718917602a7ce2d.php 第 40 行.
NOTIC: [8] Undefined index: order_status D:\phpStudy\WWW\db_carorder_system\tp\Application\Runtime\Cache\Home\42fc7c8ee03e2fee3718917602a7ce2d.php 第 40 行.
NOTIC: [8] Undefined index: order_status D:\phpStudy\WWW\db_carorder_system\tp\Application\Runtime\Cache\Home\42fc7c8ee03e2fee3718917602a7ce2d.php 第 40 行.
NOTIC: [8] Undefined index: order_status D:\phpStudy\WWW\db_carorder_system\tp\Application\Runtime\Cache\Home\42fc7c8ee03e2fee3718917602a7ce2d.php 第 40 行.
NOTIC: [8] Undefined index: order_status D:\phpStudy\WWW\db_carorder_system\tp\Application\Runtime\Cache\Home\42fc7c8ee03e2fee3718917602a7ce2d.php 第 40 行.
NOTIC: [8] Undefined index: order_status D:\phpStudy\WWW\db_carorder_system\tp\Application\Runtime\Cache\Home\42fc7c8ee03e2fee3718917602a7ce2d.php 第 40 行.
NOTIC: [8] Undefined index: order_status D:\phpStudy\WWW\db_carorder_system\tp\Application\Runtime\Cache\Home\42fc7c8ee03e2fee3718917602a7ce2d.php 第 40 行.
INFO: Run Behavior\ParseTemplate [ RunTime:0.008001s ]
INFO: [ view_parse ] --END-- [ RunTime:0.008001s ]
INFO: [ view_filter ] --START--
INFO: Run Behavior\WriteHtmlCache [ RunTime:0.001000s ]
INFO: [ view_filter ] --END-- [ RunTime:0.001000s ]
INFO: [ app_end ] --START--
INFO: Run Behavior\ShowPageTrace [ RunTime:0.000000s ]
INFO: [ app_end ] --END-- [ RunTime:0.000000s ]

[ 2018-05-19T09:19:00+08:00 ] 127.0.0.1 /index.php?c=list&a=pause
INFO: [ app_begin ] --START--
INFO: Run Behavior\ReadHtmlCache [ RunTime:0.001000s ]
INFO: [ app_begin ] --END-- [ RunTime:0.001000s ]
SQL: SHOW COLUMNS FROM `t_order` [ RunTime:0.003000s ]
SQL: SELECT MAX(rank) AS tp_max FROM `t_order` LIMIT 1   [ RunTime:0.001001s ]
SQL: UPDATE `t_order` SET `rank`=22 WHERE ( `rank` = 21 ) [ RunTime:0.029001s ]
SQL: UPDATE `t_order` SET `rank`=21 WHERE ( `rank` = 20 ) [ RunTime:0.028002s ]
SQL: UPDATE `t_order` SET `rank`=20 WHERE ( `rank` = 19 ) [ RunTime:0.030001s ]
SQL: UPDATE `t_order` SET `rank`=19 WHERE ( `rank` = 18 ) [ RunTime:0.028002s ]
SQL: UPDATE `t_order` SET `rank`=18 WHERE ( `rank` = 17 ) [ RunTime:0.026002s ]
SQL: UPDATE `t_order` SET `rank`=17 WHERE ( `rank` = 16 ) [ RunTime:0.032001s ]
SQL: UPDATE `t_order` SET `rank`=16 WHERE ( `rank` = 15 ) [ RunTime:0.026002s ]
SQL: UPDATE `t_order` SET `rank`=15 WHERE ( `rank` = 14 ) [ RunTime:0.001000s ]
SQL: SELECT COUNT(*) AS tp_count FROM `t_order` LIMIT 1   [ RunTime:0.000000s ]
SQL: SELECT MIN(id) AS tp_min FROM `t_order` LIMIT 1   [ RunTime:0.000000s ]

[ 2018-05-19T09:19:02+08:00 ] 127.0.0.1 /index.php?c=list&a=index&status=1
INFO: [ app_begin ] --START--
INFO: Run Behavior\ReadHtmlCache [ RunTime:0.000000s ]
INFO: [ app_begin ] --END-- [ RunTime:0.000000s ]
SQL: SHOW COLUMNS FROM `t_order` [ RunTime:0.003000s ]
SQL: SELECT * FROM `t_order` ORDER BY rank  [ RunTime:0.000000s ]
INFO: [ view_parse ] --START--
INFO: [ template_filter ] --START--
INFO: Run Behavior\ContentReplace [ RunTime:0.000000s ]
INFO: [ template_filter ] --END-- [ RunTime:0.000000s ]
NOTIC: [8] Undefined index: order_status D:\phpStudy\WWW\db_carorder_system\tp\Application\Runtime\Cache\Home\42fc7c8ee03e2fee3718917602a7ce2d.php 第 40 行.
NOTIC: [8] Undefined index: order_status D:\phpStudy\WWW\db_carorder_system\tp\Application\Runtime\Cache\Home\42fc7c8ee03e2fee3718917602a7ce2d.php 第 40 行.
NOTIC: [8] Undefined index: order_status D:\phpStudy\WWW\db_carorder_system\tp\Application\Runtime\Cache\Home\42fc7c8ee03e2fee3718917602a7ce2d.php 第 40 行.
NOTIC: [8] Undefined index: order_status D:\phpStudy\WWW\db_carorder_system\tp\Application\Runtime\Cache\Home\42fc7c8ee03e2fee3718917602a7ce2d.php 第 40 行.
NOTIC: [8] Undefined index: order_status D:\phpStudy\WWW\db_carorder_system\tp\Application\Runtime\Cache\Home\42fc7c8ee03e2fee3718917602a7ce2d.php 第 40 行.
NOTIC: [8] Undefined index: order_status D:\phpStudy\WWW\db_carorder_system\tp\Application\Runtime\Cache\Home\42fc7c8ee03e2fee3718917602a7ce2d.php 第 40 行.
NOTIC: [8] Undefined index: order_status D:\phpStudy\WWW\db_carorder_system\tp\Application\Runtime\Cache\Home\42fc7c8ee03e2fee3718917602a7ce2d.php 第 40 行.
INFO: Run Behavior\ParseTemplate [ RunTime:0.008000s ]
INFO: [ view_parse ] --END-- [ RunTime:0.008000s ]
INFO: [ view_filter ] --START--
INFO: Run Behavior\WriteHtmlCache [ RunTime:0.000000s ]
INFO: [ view_filter ] --END-- [ RunTime:0.000000s ]
INFO: [ app_end ] --START--
INFO: Run Behavior\ShowPageTrace [ RunTime:0.000000s ]
INFO: [ app_end ] --END-- [ RunTime:0.000000s ]

[ 2018-05-19T09:19:46+08:00 ] 127.0.0.1 /index.php?c=list&a=pause
INFO: [ app_begin ] --START--
INFO: Run Behavior\ReadHtmlCache [ RunTime:0.000000s ]
INFO: [ app_begin ] --END-- [ RunTime:0.000000s ]
SQL: SHOW COLUMNS FROM `t_order` [ RunTime:0.003000s ]
SQL: SELECT MAX(rank) AS tp_max FROM `t_order` LIMIT 1   [ RunTime:0.000000s ]
SQL: UPDATE `t_order` SET `rank`=23 WHERE ( `rank` = 22 ) [ RunTime:0.045002s ]
SQL: UPDATE `t_order` SET `rank`=22 WHERE ( `rank` = 21 ) [ RunTime:0.033002s ]
SQL: UPDATE `t_order` SET `rank`=21 WHERE ( `rank` = 20 ) [ RunTime:0.032002s ]
SQL: UPDATE `t_order` SET `rank`=20 WHERE ( `rank` = 19 ) [ RunTime:0.030002s ]
SQL: UPDATE `t_order` SET `rank`=19 WHERE ( `rank` = 18 ) [ RunTime:0.028002s ]
SQL: UPDATE `t_order` SET `rank`=18 WHERE ( `rank` = 17 ) [ RunTime:0.027001s ]
SQL: UPDATE `t_order` SET `rank`=17 WHERE ( `rank` = 16 ) [ RunTime:0.032002s ]
SQL: UPDATE `t_order` SET `rank`=16 WHERE ( `rank` = 15 ) [ RunTime:0.000000s ]
SQL: SELECT COUNT(*) AS tp_count FROM `t_order` LIMIT 1   [ RunTime:0.000000s ]
SQL: SELECT MIN(id) AS tp_min FROM `t_order` LIMIT 1   [ RunTime:0.000000s ]

[ 2018-05-19T09:19:52+08:00 ] 127.0.0.1 /index.php?c=list&a=delete
INFO: [ app_begin ] --START--
INFO: Run Behavior\ReadHtmlCache [ RunTime:0.001000s ]
INFO: [ app_begin ] --END-- [ RunTime:0.001000s ]
SQL: SHOW COLUMNS FROM `t_order` [ RunTime:0.003000s ]
SQL: SELECT COUNT(*) AS tp_count FROM `t_order` LIMIT 1   [ RunTime:0.001000s ]

[ 2018-05-19T09:20:04+08:00 ] 127.0.0.1 /index.php?c=list&a=pause
INFO: [ app_begin ] --START--
INFO: Run Behavior\ReadHtmlCache [ RunTime:0.001000s ]
INFO: [ app_begin ] --END-- [ RunTime:0.001000s ]
SQL: SHOW COLUMNS FROM `t_order` [ RunTime:0.003001s ]
SQL: SELECT MAX(rank) AS tp_max FROM `t_order` LIMIT 1   [ RunTime:0.001000s ]
SQL: UPDATE `t_order` SET `rank`=24 WHERE ( `rank` = 23 ) [ RunTime:0.030001s ]
SQL: UPDATE `t_order` SET `rank`=23 WHERE ( `rank` = 22 ) [ RunTime:0.032002s ]
SQL: UPDATE `t_order` SET `rank`=22 WHERE ( `rank` = 21 ) [ RunTime:0.026002s ]
SQL: UPDATE `t_order` SET `rank`=21 WHERE ( `rank` = 20 ) [ RunTime:0.032002s ]
SQL: UPDATE `t_order` SET `rank`=20 WHERE ( `rank` = 19 ) [ RunTime:0.027001s ]
SQL: UPDATE `t_order` SET `rank`=19 WHERE ( `rank` = 18 ) [ RunTime:0.031002s ]
SQL: UPDATE `t_order` SET `rank`=18 WHERE ( `rank` = 17 ) [ RunTime:0.027001s ]
SQL: UPDATE `t_order` SET `rank`=17 WHERE ( `rank` = 16 ) [ RunTime:0.000000s ]
SQL: SELECT COUNT(*) AS tp_count FROM `t_order` LIMIT 1   [ RunTime:0.001000s ]
SQL: SELECT MIN(id) AS tp_min FROM `t_order` LIMIT 1   [ RunTime:0.000000s ]

[ 2018-05-19T09:20:08+08:00 ] 127.0.0.1 /index.php?c=list&a=pause
INFO: [ app_begin ] --START--
INFO: Run Behavior\ReadHtmlCache [ RunTime:0.001000s ]
INFO: [ app_begin ] --END-- [ RunTime:0.001000s ]
SQL: SHOW COLUMNS FROM `t_order` [ RunTime:0.003000s ]
SQL: SELECT MAX(rank) AS tp_max FROM `t_order` LIMIT 1   [ RunTime:0.000000s ]
SQL: UPDATE `t_order` SET `rank`=25 WHERE ( `rank` = 24 ) [ RunTime:0.034002s ]
SQL: UPDATE `t_order` SET `rank`=24 WHERE ( `rank` = 23 ) [ RunTime:0.032002s ]
SQL: UPDATE `t_order` SET `rank`=23 WHERE ( `rank` = 22 ) [ RunTime:0.030002s ]
SQL: UPDATE `t_order` SET `rank`=22 WHERE ( `rank` = 21 ) [ RunTime:0.028001s ]
SQL: UPDATE `t_order` SET `rank`=21 WHERE ( `rank` = 20 ) [ RunTime:0.027002s ]
SQL: UPDATE `t_order` SET `rank`=20 WHERE ( `rank` = 19 ) [ RunTime:0.032002s ]
SQL: UPDATE `t_order` SET `rank`=19 WHERE ( `rank` = 18 ) [ RunTime:0.026001s ]
SQL: UPDATE `t_order` SET `rank`=18 WHERE ( `rank` = 17 ) [ RunTime:0.000000s ]
SQL: SELECT COUNT(*) AS tp_count FROM `t_order` LIMIT 1   [ RunTime:0.000000s ]
SQL: SELECT MIN(id) AS tp_min FROM `t_order` LIMIT 1   [ RunTime:0.000000s ]

[ 2018-05-19T09:20:11+08:00 ] 127.0.0.1 /index.php?c=list&a=delete
INFO: [ app_begin ] --START--
INFO: Run Behavior\ReadHtmlCache [ RunTime:0.001000s ]
INFO: [ app_begin ] --END-- [ RunTime:0.001000s ]
SQL: SHOW COLUMNS FROM `t_order` [ RunTime:0.003000s ]
SQL: SELECT COUNT(*) AS tp_count FROM `t_order` LIMIT 1   [ RunTime:0.001001s ]

[ 2018-05-19T09:20:15+08:00 ] 127.0.0.1 /index.php?c=list&a=index&status=1
INFO: [ app_begin ] --START--
INFO: Run Behavior\ReadHtmlCache [ RunTime:0.000000s ]
INFO: [ app_begin ] --END-- [ RunTime:0.000000s ]
SQL: SHOW COLUMNS FROM `t_order` [ RunTime:0.003000s ]
SQL: SELECT * FROM `t_order` ORDER BY rank  [ RunTime:0.001001s ]
INFO: [ view_parse ] --START--
INFO: [ template_filter ] --START--
INFO: Run Behavior\ContentReplace [ RunTime:0.000000s ]
INFO: [ template_filter ] --END-- [ RunTime:0.000000s ]
NOTIC: [8] Undefined index: order_status D:\phpStudy\WWW\db_carorder_system\tp\Application\Runtime\Cache\Home\42fc7c8ee03e2fee3718917602a7ce2d.php 第 40 行.
NOTIC: [8] Undefined index: order_status D:\phpStudy\WWW\db_carorder_system\tp\Application\Runtime\Cache\Home\42fc7c8ee03e2fee3718917602a7ce2d.php 第 40 行.
NOTIC: [8] Undefined index: order_status D:\phpStudy\WWW\db_carorder_system\tp\Application\Runtime\Cache\Home\42fc7c8ee03e2fee3718917602a7ce2d.php 第 40 行.
NOTIC: [8] Undefined index: order_status D:\phpStudy\WWW\db_carorder_system\tp\Application\Runtime\Cache\Home\42fc7c8ee03e2fee3718917602a7ce2d.php 第 40 行.
NOTIC: [8] Undefined index: order_status D:\phpStudy\WWW\db_carorder_system\tp\Application\Runtime\Cache\Home\42fc7c8ee03e2fee3718917602a7ce2d.php 第 40 行.
NOTIC: [8] Undefined index: order_status D:\phpStudy\WWW\db_carorder_system\tp\Application\Runtime\Cache\Home\42fc7c8ee03e2fee3718917602a7ce2d.php 第 40 行.
NOTIC: [8] Undefined index: order_status D:\phpStudy\WWW\db_carorder_system\tp\Application\Runtime\Cache\Home\42fc7c8ee03e2fee3718917602a7ce2d.php 第 40 行.
INFO: Run Behavior\ParseTemplate [ RunTime:0.007000s ]
INFO: [ view_parse ] --END-- [ RunTime:0.007000s ]
INFO: [ view_filter ] --START--
INFO: Run Behavior\WriteHtmlCache [ RunTime:0.001000s ]
INFO: [ view_filter ] --END-- [ RunTime:0.001000s ]
INFO: [ app_end ] --START--
INFO: Run Behavior\ShowPageTrace [ RunTime:0.000000s ]
INFO: [ app_end ] --END-- [ RunTime:0.000000s ]

[ 2018-05-19T09:21:21+08:00 ] 127.0.0.1 /index.php?c=list&a=index&status=1
INFO: [ app_begin ] --START--
INFO: Run Behavior\ReadHtmlCache [ RunTime:0.001000s ]
INFO: [ app_begin ] --END-- [ RunTime:0.001000s ]
SQL: SHOW COLUMNS FROM `t_order` [ RunTime:0.003000s ]
SQL: SELECT * FROM `t_order` ORDER BY rank  [ RunTime:0.001000s ]
INFO: [ view_parse ] --START--
INFO: [ template_filter ] --START--
INFO: Run Behavior\ContentReplace [ RunTime:0.000000s ]
INFO: [ template_filter ] --END-- [ RunTime:0.000000s ]
NOTIC: [8] Undefined index: order_status D:\phpStudy\WWW\db_carorder_system\tp\Application\Runtime\Cache\Home\42fc7c8ee03e2fee3718917602a7ce2d.php 第 40 行.
NOTIC: [8] Undefined index: order_status D:\phpStudy\WWW\db_carorder_system\tp\Application\Runtime\Cache\Home\42fc7c8ee03e2fee3718917602a7ce2d.php 第 40 行.
NOTIC: [8] Undefined index: order_status D:\phpStudy\WWW\db_carorder_system\tp\Application\Runtime\Cache\Home\42fc7c8ee03e2fee3718917602a7ce2d.php 第 40 行.
NOTIC: [8] Undefined index: order_status D:\phpStudy\WWW\db_carorder_system\tp\Application\Runtime\Cache\Home\42fc7c8ee03e2fee3718917602a7ce2d.php 第 40 行.
NOTIC: [8] Undefined index: order_status D:\phpStudy\WWW\db_carorder_system\tp\Application\Runtime\Cache\Home\42fc7c8ee03e2fee3718917602a7ce2d.php 第 40 行.
NOTIC: [8] Undefined index: order_status D:\phpStudy\WWW\db_carorder_system\tp\Application\Runtime\Cache\Home\42fc7c8ee03e2fee3718917602a7ce2d.php 第 40 行.
NOTIC: [8] Undefined index: order_status D:\phpStudy\WWW\db_carorder_system\tp\Application\Runtime\Cache\Home\42fc7c8ee03e2fee3718917602a7ce2d.php 第 40 行.
INFO: Run Behavior\ParseTemplate [ RunTime:0.008001s ]
INFO: [ view_parse ] --END-- [ RunTime:0.008001s ]
INFO: [ view_filter ] --START--
INFO: Run Behavior\WriteHtmlCache [ RunTime:0.001000s ]
INFO: [ view_filter ] --END-- [ RunTime:0.001000s ]
INFO: [ app_end ] --START--
INFO: Run Behavior\ShowPageTrace [ RunTime:0.000000s ]
INFO: [ app_end ] --END-- [ RunTime:0.000000s ]

[ 2018-05-19T09:21:24+08:00 ] 127.0.0.1 /index.php?c=list&a=pause
INFO: [ app_begin ] --START--
INFO: Run Behavior\ReadHtmlCache [ RunTime:0.001000s ]
INFO: [ app_begin ] --END-- [ RunTime:0.001000s ]
SQL: SHOW COLUMNS FROM `t_order` [ RunTime:0.003000s ]
SQL: SELECT MAX(rank) AS tp_max FROM `t_order` LIMIT 1   [ RunTime:0.001000s ]
SQL: UPDATE `t_order` SET `rank`=26 WHERE ( `rank` = 25 ) [ RunTime:0.027001s ]
SQL: UPDATE `t_order` SET `rank`=25 WHERE ( `rank` = 24 ) [ RunTime:0.031001s ]
SQL: UPDATE `t_order` SET `rank`=24 WHERE ( `rank` = 23 ) [ RunTime:0.027002s ]
SQL: UPDATE `t_order` SET `rank`=23 WHERE ( `rank` = 22 ) [ RunTime:0.031002s ]
SQL: UPDATE `t_order` SET `rank`=22 WHERE ( `rank` = 21 ) [ RunTime:0.026001s ]
SQL: UPDATE `t_order` SET `rank`=21 WHERE ( `rank` = 20 ) [ RunTime:0.032002s ]
SQL: UPDATE `t_order` SET `rank`=20 WHERE ( `rank` = 19 ) [ RunTime:0.026001s ]
SQL: UPDATE `t_order` SET `rank`=19 WHERE ( `rank` = 18 ) [ RunTime:0.001001s ]
SQL: SELECT MAX(id) AS tp_max FROM `t_order` LIMIT 1   [ RunTime:0.000000s ]
SQL: SELECT MIN(id) AS tp_min FROM `t_order` LIMIT 1   [ RunTime:0.000000s ]
SQL: UPDATE `t_order` SET `stop`=1 WHERE ( `id` = 126 ) [ RunTime:0.031001s ]
SQL: UPDATE `t_order` SET `stop`=1 WHERE ( `id` = 127 ) [ RunTime:0.031002s ]
SQL: UPDATE `t_order` SET `stop`=1 WHERE ( `id` = 128 ) [ RunTime:0.027002s ]
SQL: UPDATE `t_order` SET `stop`=1 WHERE ( `id` = 129 ) [ RunTime:0.026001s ]
SQL: UPDATE `t_order` SET `stop`=1 WHERE ( `id` = 130 ) [ RunTime:0.032002s ]
SQL: UPDATE `t_order` SET `stop`=1 WHERE ( `id` = 131 ) [ RunTime:0.026001s ]
SQL: UPDATE `t_order` SET `stop`=1 WHERE ( `id` = 132 ) [ RunTime:0.032002s ]

[ 2018-05-19T09:21:26+08:00 ] 127.0.0.1 /index.php?c=list&a=index&status=1
INFO: [ app_begin ] --START--
INFO: Run Behavior\ReadHtmlCache [ RunTime:0.001000s ]
INFO: [ app_begin ] --END-- [ RunTime:0.001000s ]
SQL: SHOW COLUMNS FROM `t_order` [ RunTime:0.004001s ]
SQL: SELECT * FROM `t_order` ORDER BY rank  [ RunTime:0.000000s ]
INFO: [ view_parse ] --START--
INFO: [ template_filter ] --START--
INFO: Run Behavior\ContentReplace [ RunTime:0.000000s ]
INFO: [ template_filter ] --END-- [ RunTime:0.000000s ]
NOTIC: [8] Undefined index: order_status D:\phpStudy\WWW\db_carorder_system\tp\Application\Runtime\Cache\Home\42fc7c8ee03e2fee3718917602a7ce2d.php 第 40 行.
NOTIC: [8] Undefined index: order_status D:\phpStudy\WWW\db_carorder_system\tp\Application\Runtime\Cache\Home\42fc7c8ee03e2fee3718917602a7ce2d.php 第 40 行.
NOTIC: [8] Undefined index: order_status D:\phpStudy\WWW\db_carorder_system\tp\Application\Runtime\Cache\Home\42fc7c8ee03e2fee3718917602a7ce2d.php 第 40 行.
NOTIC: [8] Undefined index: order_status D:\phpStudy\WWW\db_carorder_system\tp\Application\Runtime\Cache\Home\42fc7c8ee03e2fee3718917602a7ce2d.php 第 40 行.
NOTIC: [8] Undefined index: order_status D:\phpStudy\WWW\db_carorder_system\tp\Application\Runtime\Cache\Home\42fc7c8ee03e2fee3718917602a7ce2d.php 第 40 行.
NOTIC: [8] Undefined index: order_status D:\phpStudy\WWW\db_carorder_system\tp\Application\Runtime\Cache\Home\42fc7c8ee03e2fee3718917602a7ce2d.php 第 40 行.
NOTIC: [8] Undefined index: order_status D:\phpStudy\WWW\db_carorder_system\tp\Application\Runtime\Cache\Home\42fc7c8ee03e2fee3718917602a7ce2d.php 第 40 行.
INFO: Run Behavior\ParseTemplate [ RunTime:0.008000s ]
INFO: [ view_parse ] --END-- [ RunTime:0.008000s ]
INFO: [ view_filter ] --START--
INFO: Run Behavior\WriteHtmlCache [ RunTime:0.000000s ]
INFO: [ view_filter ] --END-- [ RunTime:0.000000s ]
INFO: [ app_end ] --START--
INFO: Run Behavior\ShowPageTrace [ RunTime:0.001000s ]
INFO: [ app_end ] --END-- [ RunTime:0.001000s ]

[ 2018-05-19T09:23:19+08:00 ] 127.0.0.1 /index.php?c=list&a=index&status=1
INFO: [ app_begin ] --START--
INFO: Run Behavior\ReadHtmlCache [ RunTime:0.000000s ]
INFO: [ app_begin ] --END-- [ RunTime:0.001000s ]
SQL: SHOW COLUMNS FROM `t_order` [ RunTime:0.003000s ]
SQL: SELECT * FROM `t_order` ORDER BY rank  [ RunTime:0.000000s ]
INFO: [ view_parse ] --START--
INFO: [ template_filter ] --START--
INFO: Run Behavior\ContentReplace [ RunTime:0.001000s ]
INFO: [ template_filter ] --END-- [ RunTime:0.001000s ]
NOTIC: [8] Undefined index: order_status D:\phpStudy\WWW\db_carorder_system\tp\Application\Runtime\Cache\Home\42fc7c8ee03e2fee3718917602a7ce2d.php 第 40 行.
NOTIC: [8] Undefined index: order_status D:\phpStudy\WWW\db_carorder_system\tp\Application\Runtime\Cache\Home\42fc7c8ee03e2fee3718917602a7ce2d.php 第 40 行.
NOTIC: [8] Undefined index: order_status D:\phpStudy\WWW\db_carorder_system\tp\Application\Runtime\Cache\Home\42fc7c8ee03e2fee3718917602a7ce2d.php 第 40 行.
NOTIC: [8] Undefined index: order_status D:\phpStudy\WWW\db_carorder_system\tp\Application\Runtime\Cache\Home\42fc7c8ee03e2fee3718917602a7ce2d.php 第 40 行.
NOTIC: [8] Undefined index: order_status D:\phpStudy\WWW\db_carorder_system\tp\Application\Runtime\Cache\Home\42fc7c8ee03e2fee3718917602a7ce2d.php 第 40 行.
NOTIC: [8] Undefined index: order_status D:\phpStudy\WWW\db_carorder_system\tp\Application\Runtime\Cache\Home\42fc7c8ee03e2fee3718917602a7ce2d.php 第 40 行.
NOTIC: [8] Undefined index: order_status D:\phpStudy\WWW\db_carorder_system\tp\Application\Runtime\Cache\Home\42fc7c8ee03e2fee3718917602a7ce2d.php 第 40 行.
INFO: Run Behavior\ParseTemplate [ RunTime:0.008001s ]
INFO: [ view_parse ] --END-- [ RunTime:0.008001s ]
INFO: [ view_filter ] --START--
INFO: Run Behavior\WriteHtmlCache [ RunTime:0.000000s ]
INFO: [ view_filter ] --END-- [ RunTime:0.000000s ]
INFO: [ app_end ] --START--
INFO: Run Behavior\ShowPageTrace [ RunTime:0.001000s ]
INFO: [ app_end ] --END-- [ RunTime:0.001000s ]

[ 2018-05-19T09:31:07+08:00 ] 127.0.0.1 /index.php?c=list&a=index&status=1
INFO: [ app_begin ] --START--
INFO: Run Behavior\ReadHtmlCache [ RunTime:0.001000s ]
INFO: [ app_begin ] --END-- [ RunTime:0.001000s ]
SQL: SHOW COLUMNS FROM `t_order` [ RunTime:0.003000s ]
SQL: SELECT * FROM `t_order` ORDER BY rank  [ RunTime:0.000000s ]
INFO: [ view_parse ] --START--
INFO: [ template_filter ] --START--
INFO: Run Behavior\ContentReplace [ RunTime:0.000000s ]
INFO: [ template_filter ] --END-- [ RunTime:0.000000s ]
NOTIC: [8] Undefined index: order_status D:\phpStudy\WWW\db_carorder_system\tp\Application\Runtime\Cache\Home\42fc7c8ee03e2fee3718917602a7ce2d.php 第 40 行.
NOTIC: [8] Undefined index: order_status D:\phpStudy\WWW\db_carorder_system\tp\Application\Runtime\Cache\Home\42fc7c8ee03e2fee3718917602a7ce2d.php 第 40 行.
NOTIC: [8] Undefined index: order_status D:\phpStudy\WWW\db_carorder_system\tp\Application\Runtime\Cache\Home\42fc7c8ee03e2fee3718917602a7ce2d.php 第 40 行.
NOTIC: [8] Undefined index: order_status D:\phpStudy\WWW\db_carorder_system\tp\Application\Runtime\Cache\Home\42fc7c8ee03e2fee3718917602a7ce2d.php 第 40 行.
NOTIC: [8] Undefined index: order_status D:\phpStudy\WWW\db_carorder_system\tp\Application\Runtime\Cache\Home\42fc7c8ee03e2fee3718917602a7ce2d.php 第 40 行.
NOTIC: [8] Undefined index: order_status D:\phpStudy\WWW\db_carorder_system\tp\Application\Runtime\Cache\Home\42fc7c8ee03e2fee3718917602a7ce2d.php 第 40 行.
NOTIC: [8] Undefined index: order_status D:\phpStudy\WWW\db_carorder_system\tp\Application\Runtime\Cache\Home\42fc7c8ee03e2fee3718917602a7ce2d.php 第 40 行.
INFO: Run Behavior\ParseTemplate [ RunTime:0.008001s ]
INFO: [ view_parse ] --END-- [ RunTime:0.008001s ]
INFO: [ view_filter ] --START--
INFO: Run Behavior\WriteHtmlCache [ RunTime:0.001000s ]
INFO: [ view_filter ] --END-- [ RunTime:0.001000s ]
INFO: [ app_end ] --START--
INFO: Run Behavior\ShowPageTrace [ RunTime:0.000000s ]
INFO: [ app_end ] --END-- [ RunTime:0.000000s ]

[ 2018-05-19T09:32:12+08:00 ] 127.0.0.1 /index.php?c=list&a=index&status=1
INFO: [ app_begin ] --START--
INFO: Run Behavior\ReadHtmlCache [ RunTime:0.001000s ]
INFO: [ app_begin ] --END-- [ RunTime:0.001000s ]
SQL: SHOW COLUMNS FROM `t_order` [ RunTime:0.003000s ]
SQL: SELECT * FROM `t_order` ORDER BY rank  [ RunTime:0.001000s ]
INFO: [ view_parse ] --START--
INFO: [ template_filter ] --START--
INFO: Run Behavior\ContentReplace [ RunTime:0.000000s ]
INFO: [ template_filter ] --END-- [ RunTime:0.000000s ]
NOTIC: [8] Undefined index: order_status D:\phpStudy\WWW\db_carorder_system\tp\Application\Runtime\Cache\Home\42fc7c8ee03e2fee3718917602a7ce2d.php 第 40 行.
NOTIC: [8] Undefined index: order_status D:\phpStudy\WWW\db_carorder_system\tp\Application\Runtime\Cache\Home\42fc7c8ee03e2fee3718917602a7ce2d.php 第 40 行.
NOTIC: [8] Undefined index: order_status D:\phpStudy\WWW\db_carorder_system\tp\Application\Runtime\Cache\Home\42fc7c8ee03e2fee3718917602a7ce2d.php 第 40 行.
NOTIC: [8] Undefined index: order_status D:\phpStudy\WWW\db_carorder_system\tp\Application\Runtime\Cache\Home\42fc7c8ee03e2fee3718917602a7ce2d.php 第 40 行.
NOTIC: [8] Undefined index: order_status D:\phpStudy\WWW\db_carorder_system\tp\Application\Runtime\Cache\Home\42fc7c8ee03e2fee3718917602a7ce2d.php 第 40 行.
NOTIC: [8] Undefined index: order_status D:\phpStudy\WWW\db_carorder_system\tp\Application\Runtime\Cache\Home\42fc7c8ee03e2fee3718917602a7ce2d.php 第 40 行.
NOTIC: [8] Undefined index: order_status D:\phpStudy\WWW\db_carorder_system\tp\Application\Runtime\Cache\Home\42fc7c8ee03e2fee3718917602a7ce2d.php 第 40 行.
INFO: Run Behavior\ParseTemplate [ RunTime:0.007000s ]
INFO: [ view_parse ] --END-- [ RunTime:0.007000s ]
INFO: [ view_filter ] --START--
INFO: Run Behavior\WriteHtmlCache [ RunTime:0.001000s ]
INFO: [ view_filter ] --END-- [ RunTime:0.001000s ]
INFO: [ app_end ] --START--
INFO: Run Behavior\ShowPageTrace [ RunTime:0.000000s ]
INFO: [ app_end ] --END-- [ RunTime:0.000000s ]

