[ 2018-04-14T09:04:23+08:00 ] ::1 /tp/
INFO: [ app_begin ] --START--
INFO: Run Behavior\ReadHtmlCache [ RunTime:0.001000s ]
INFO: [ app_begin ] --END-- [ RunTime:0.002000s ]
INFO: [ view_parse ] --START--
INFO: [ template_filter ] --START--
INFO: Run Behavior\ContentReplace [ RunTime:0.000000s ]
INFO: [ template_filter ] --END-- [ RunTime:0.000000s ]
INFO: Run Behavior\ParseTemplate [ RunTime:0.016001s ]
INFO: [ view_parse ] --END-- [ RunTime:0.017001s ]
INFO: [ view_filter ] --START--
INFO: Run Behavior\WriteHtmlCache [ RunTime:0.007000s ]
INFO: [ view_filter ] --END-- [ RunTime:0.007000s ]
INFO: [ app_end ] --START--
INFO: Run Behavior\ShowPageTrace [ RunTime:0.001000s ]
INFO: [ app_end ] --END-- [ RunTime:0.001000s ]

[ 2018-04-14T09:04:32+08:00 ] ::1 /tp/index.php?c=login&a=check
INFO: [ app_begin ] --START--
INFO: Run Behavior\ReadHtmlCache [ RunTime:0.001000s ]
INFO: [ app_begin ] --END-- [ RunTime:0.001000s ]
SQL: SHOW COLUMNS FROM `t_manger` [ RunTime:0.004001s ]
SQL: SELECT * FROM `t_manger` WHERE ( username='123' ) LIMIT 1   [ RunTime:0.000000s ]

[ 2018-04-14T09:04:40+08:00 ] ::1 /tp/index.php?c=login&a=check
INFO: [ app_begin ] --START--
INFO: Run Behavior\ReadHtmlCache [ RunTime:0.000000s ]
INFO: [ app_begin ] --END-- [ RunTime:0.000000s ]
SQL: SHOW COLUMNS FROM `t_manger` [ RunTime:0.003000s ]
SQL: SELECT * FROM `t_manger` WHERE ( username='hongdi' ) LIMIT 1   [ RunTime:0.000000s ]
NOTIC: [8] Undefined index: status D:\phpStudy\WWW\tp\Application\Home\Controller\LoginController.class.php 第 28 行.

[ 2018-04-14T09:05:10+08:00 ] ::1 /tp/index.php?c=login&a=check
INFO: [ app_begin ] --START--
INFO: Run Behavior\ReadHtmlCache [ RunTime:0.001000s ]
INFO: [ app_begin ] --END-- [ RunTime:0.001000s ]
SQL: SHOW COLUMNS FROM `t_manger` [ RunTime:0.004000s ]
SQL: SELECT * FROM `t_manger` WHERE ( username='hongdi' ) LIMIT 1   [ RunTime:0.000000s ]
NOTIC: [8] Undefined index: status D:\phpStudy\WWW\tp\Application\Home\Controller\LoginController.class.php 第 28 行.

[ 2018-04-14T09:05:24+08:00 ] ::1 /tp/index.php?c=login&a=check
INFO: [ app_begin ] --START--
INFO: Run Behavior\ReadHtmlCache [ RunTime:0.001000s ]
INFO: [ app_begin ] --END-- [ RunTime:0.001000s ]
SQL: SHOW COLUMNS FROM `t_manger` [ RunTime:0.003000s ]
SQL: SELECT * FROM `t_manger` WHERE ( username='hongdi' ) LIMIT 1   [ RunTime:0.000000s ]
NOTIC: [8] Undefined index: status D:\phpStudy\WWW\tp\Application\Home\Controller\LoginController.class.php 第 28 行.

[ 2018-04-14T09:05:30+08:00 ] ::1 /tp/index.php?c=login&a=check
INFO: [ app_begin ] --START--
INFO: Run Behavior\ReadHtmlCache [ RunTime:0.000000s ]
INFO: [ app_begin ] --END-- [ RunTime:0.001000s ]
SQL: SHOW COLUMNS FROM `t_manger` [ RunTime:0.003000s ]
SQL: SELECT * FROM `t_manger` WHERE ( username='hongdi' ) LIMIT 1   [ RunTime:0.000000s ]
NOTIC: [8] Undefined index: status D:\phpStudy\WWW\tp\Application\Home\Controller\LoginController.class.php 第 28 行.

[ 2018-04-14T09:05:49+08:00 ] ::1 /tp/index.php?c=login&a=check
INFO: [ app_begin ] --START--
INFO: Run Behavior\ReadHtmlCache [ RunTime:0.001000s ]
INFO: [ app_begin ] --END-- [ RunTime:0.001000s ]
NOTIC: [8] Undefined index: username D:\phpStudy\WWW\tp\Application\Home\Controller\LoginController.class.php 第 18 行.
NOTIC: [8] Undefined index: password D:\phpStudy\WWW\tp\Application\Home\Controller\LoginController.class.php 第 19 行.

[ 2018-04-14T09:15:04+08:00 ] ::1 /tp/
INFO: [ app_begin ] --START--
INFO: Run Behavior\ReadHtmlCache [ RunTime:0.001000s ]
INFO: [ app_begin ] --END-- [ RunTime:0.001000s ]
INFO: [ view_parse ] --START--
INFO: [ template_filter ] --START--
INFO: Run Behavior\ContentReplace [ RunTime:0.000000s ]
INFO: [ template_filter ] --END-- [ RunTime:0.000000s ]
INFO: Run Behavior\ParseTemplate [ RunTime:0.007000s ]
INFO: [ view_parse ] --END-- [ RunTime:0.007000s ]
INFO: [ view_filter ] --START--
INFO: Run Behavior\WriteHtmlCache [ RunTime:0.000000s ]
INFO: [ view_filter ] --END-- [ RunTime:0.001000s ]
INFO: [ app_end ] --START--
INFO: Run Behavior\ShowPageTrace [ RunTime:0.000000s ]
INFO: [ app_end ] --END-- [ RunTime:0.000000s ]

[ 2018-04-14T09:15:11+08:00 ] ::1 /tp/index.php?c=login&a=check
INFO: [ app_begin ] --START--
INFO: Run Behavior\ReadHtmlCache [ RunTime:0.000000s ]
INFO: [ app_begin ] --END-- [ RunTime:0.000000s ]
SQL: SHOW COLUMNS FROM `t_manger` [ RunTime:0.009000s ]
SQL: SELECT * FROM `t_manger` WHERE ( username='hongdi' ) LIMIT 1   [ RunTime:0.000000s ]

[ 2018-04-14T09:16:19+08:00 ] ::1 /tp/
INFO: [ app_begin ] --START--
INFO: Run Behavior\ReadHtmlCache [ RunTime:0.000000s ]
INFO: [ app_begin ] --END-- [ RunTime:0.000000s ]
INFO: [ view_parse ] --START--
INFO: [ template_filter ] --START--
INFO: Run Behavior\ContentReplace [ RunTime:0.000000s ]
INFO: [ template_filter ] --END-- [ RunTime:0.000000s ]
INFO: Run Behavior\ParseTemplate [ RunTime:0.007001s ]
INFO: [ view_parse ] --END-- [ RunTime:0.007001s ]
INFO: [ view_filter ] --START--
INFO: Run Behavior\WriteHtmlCache [ RunTime:0.001000s ]
INFO: [ view_filter ] --END-- [ RunTime:0.001000s ]
INFO: [ app_end ] --START--
INFO: Run Behavior\ShowPageTrace [ RunTime:0.000000s ]
INFO: [ app_end ] --END-- [ RunTime:0.000000s ]

[ 2018-04-14T09:16:25+08:00 ] ::1 /tp/index.php?c=login&a=check
INFO: [ app_begin ] --START--
INFO: Run Behavior\ReadHtmlCache [ RunTime:0.001000s ]
INFO: [ app_begin ] --END-- [ RunTime:0.001000s ]
SQL: SHOW COLUMNS FROM `t_manger` [ RunTime:0.010000s ]
SQL: SELECT * FROM `t_manger` WHERE ( username='hongdi' ) LIMIT 1   [ RunTime:0.001001s ]
SQL: SHOW COLUMNS FROM `t_admin` [ RunTime:0.009000s ]
ERR: 1146:Table 'db_student_system.t_admin' doesn't exist
 [ SQL语句 ] : SHOW COLUMNS FROM `t_admin`
NOTIC: [8] Undefined index: admin_id D:\phpStudy\WWW\tp\Application\Home\Controller\LoginController.class.php 第 36 行.
ERR: Think\Model:updateByAdminId方法不存在！

[ 2018-04-14T09:16:46+08:00 ] ::1 /tp/index.php?c=login&a=check
INFO: [ app_begin ] --START--
INFO: Run Behavior\ReadHtmlCache [ RunTime:0.000000s ]
INFO: [ app_begin ] --END-- [ RunTime:0.000000s ]
SQL: SHOW COLUMNS FROM `t_manger` [ RunTime:0.010001s ]
SQL: SELECT * FROM `t_manger` WHERE ( username='hongdi' ) LIMIT 1   [ RunTime:0.000000s ]

[ 2018-04-14T09:17:08+08:00 ] ::1 /tp/
INFO: [ app_begin ] --START--
INFO: Run Behavior\ReadHtmlCache [ RunTime:0.000000s ]
INFO: [ app_begin ] --END-- [ RunTime:0.000000s ]
INFO: [ view_parse ] --START--
INFO: [ template_filter ] --START--
INFO: Run Behavior\ContentReplace [ RunTime:0.000000s ]
INFO: [ template_filter ] --END-- [ RunTime:0.001000s ]
INFO: Run Behavior\ParseTemplate [ RunTime:0.009001s ]
INFO: [ view_parse ] --END-- [ RunTime:0.009001s ]
INFO: [ view_filter ] --START--
INFO: Run Behavior\WriteHtmlCache [ RunTime:0.000000s ]
INFO: [ view_filter ] --END-- [ RunTime:0.000000s ]
INFO: [ app_end ] --START--
INFO: Run Behavior\ShowPageTrace [ RunTime:0.001000s ]
INFO: [ app_end ] --END-- [ RunTime:0.001000s ]

[ 2018-04-14T09:17:15+08:00 ] ::1 /tp/index.php?c=login&a=check
INFO: [ app_begin ] --START--
INFO: Run Behavior\ReadHtmlCache [ RunTime:0.000000s ]
INFO: [ app_begin ] --END-- [ RunTime:0.001000s ]
SQL: SHOW COLUMNS FROM `t_manger` [ RunTime:0.010000s ]
SQL: SELECT * FROM `t_manger` WHERE ( username='hongdi' ) LIMIT 1   [ RunTime:0.001000s ]
SQL: SHOW COLUMNS FROM `t_admin` [ RunTime:0.009001s ]
ERR: 1146:Table 'db_student_system.t_admin' doesn't exist
 [ SQL语句 ] : SHOW COLUMNS FROM `t_admin`
NOTIC: [8] Undefined index: admin_id D:\phpStudy\WWW\tp\Application\Home\Controller\LoginController.class.php 第 36 行.
ERR: Think\Model:updateByAdminId方法不存在！

[ 2018-04-14T09:18:00+08:00 ] ::1 /tp/
INFO: [ app_begin ] --START--
INFO: Run Behavior\ReadHtmlCache [ RunTime:0.000000s ]
INFO: [ app_begin ] --END-- [ RunTime:0.000000s ]
INFO: [ view_parse ] --START--
INFO: [ template_filter ] --START--
INFO: Run Behavior\ContentReplace [ RunTime:0.000000s ]
INFO: [ template_filter ] --END-- [ RunTime:0.001000s ]
INFO: Run Behavior\ParseTemplate [ RunTime:0.006001s ]
INFO: [ view_parse ] --END-- [ RunTime:0.006001s ]
INFO: [ view_filter ] --START--
INFO: Run Behavior\WriteHtmlCache [ RunTime:0.001000s ]
INFO: [ view_filter ] --END-- [ RunTime:0.001000s ]
INFO: [ app_end ] --START--
INFO: Run Behavior\ShowPageTrace [ RunTime:0.000000s ]
INFO: [ app_end ] --END-- [ RunTime:0.000000s ]

[ 2018-04-14T09:18:17+08:00 ] ::1 /tp/index.php?c=login&a=check
INFO: [ app_begin ] --START--
INFO: Run Behavior\ReadHtmlCache [ RunTime:0.001000s ]
INFO: [ app_begin ] --END-- [ RunTime:0.001000s ]
SQL: SHOW COLUMNS FROM `t_manger` [ RunTime:0.010001s ]
SQL: SELECT * FROM `t_manger` WHERE ( username='hongdi' ) LIMIT 1   [ RunTime:0.001000s ]
SQL: SHOW COLUMNS FROM `t_admin` [ RunTime:0.009000s ]
ERR: 1146:Table 'db_student_system.t_admin' doesn't exist
 [ SQL语句 ] : SHOW COLUMNS FROM `t_admin`
NOTIC: [8] Undefined index: admin_id D:\phpStudy\WWW\tp\Application\Home\Controller\LoginController.class.php 第 36 行.
ERR: Think\Model:updateByAdminId方法不存在！

[ 2018-04-14T09:18:57+08:00 ] ::1 /tp/
INFO: [ app_begin ] --START--
INFO: Run Behavior\ReadHtmlCache [ RunTime:0.001000s ]
INFO: [ app_begin ] --END-- [ RunTime:0.001000s ]
INFO: [ view_parse ] --START--
INFO: [ template_filter ] --START--
INFO: Run Behavior\ContentReplace [ RunTime:0.000000s ]
INFO: [ template_filter ] --END-- [ RunTime:0.000000s ]
INFO: Run Behavior\ParseTemplate [ RunTime:0.007000s ]
INFO: [ view_parse ] --END-- [ RunTime:0.007000s ]
INFO: [ view_filter ] --START--
INFO: Run Behavior\WriteHtmlCache [ RunTime:0.001000s ]
INFO: [ view_filter ] --END-- [ RunTime:0.001000s ]
INFO: [ app_end ] --START--
INFO: Run Behavior\ShowPageTrace [ RunTime:0.000000s ]
INFO: [ app_end ] --END-- [ RunTime:0.000000s ]

[ 2018-04-14T09:19:03+08:00 ] ::1 /tp/index.php?c=login&a=check
INFO: [ app_begin ] --START--
INFO: Run Behavior\ReadHtmlCache [ RunTime:0.001001s ]
INFO: [ app_begin ] --END-- [ RunTime:0.001001s ]
SQL: SHOW COLUMNS FROM `t_manger` [ RunTime:0.010001s ]
SQL: SELECT * FROM `t_manger` WHERE ( username='hongdi' ) LIMIT 1   [ RunTime:0.000000s ]
SQL: SHOW COLUMNS FROM `t_admin` [ RunTime:0.008000s ]
ERR: 1146:Table 'db_student_system.t_admin' doesn't exist
 [ SQL语句 ] : SHOW COLUMNS FROM `t_admin`
NOTIC: [8] Undefined index: admin_id D:\phpStudy\WWW\tp\Application\Home\Controller\LoginController.class.php 第 36 行.
ERR: Think\Model:updateByAdminId方法不存在！

